
Welcome to the Haiku shell.

~> go
~/pkgsrc/pkgsrc> cd cad
~/pkgsrc/pkgsrc/cad> do
===> MyHDL-gplcver
=> Bootstrap dependency digest>=20010302: found digest-20121220
===> Installing dependencies for MyHDL-gplcver-0.7
=> Tool dependency nbpatch-[0-9]*: found nbpatch-20100124
=> Full dependency gplcver>=2.11a: NOT found
=> Verifying reinstall for ../../cad/gplcver
=> Bootstrap dependency digest>=20010302: found digest-20121220
===> Creating toolchain wrappers for gplcver-2.12a
===> Configuring for gplcver-2.12a
===> Building for gplcver-2.12a
=> Adding Haiku lnetwork to libraries
WARNING: [subst.mk:libs] Ignoring non-existent file "./Makefile".
cc  -pipe -Wall -I../pli_incs -fno-strength-reduce -fomit-frame-pointer -O2 -o ../objs/dig_main.o -c dig_main.c
cc  -pipe -Wall -I../pli_incs -fno-strength-reduce -fomit-frame-pointer -O2 -o ../objs/cver.o -c cver.c
cver.c:60:13: warning: 'copyright' defined but not used [-Wunused-variable]
 static char copyright[]
             ^
cver.c:2469:13: warning: 'dmp_xpnd_olist' defined but not used [-Wunused-function]
 static void dmp_xpnd_olist(register struct optlst_t *olp)
             ^
cc  -pipe -Wall -I../pli_incs -fno-strength-reduce -fomit-frame-pointer -O2 -o ../objs/v_src.o -c v_src.c
cc  -pipe -Wall -I../pli_incs -fno-strength-reduce -fomit-frame-pointer -O2 -o ../objs/v_src2.o -c v_src2.c
v_src2.c: In function 'cnvt_forw_tfcall_1cmpglb':
v_src2.c:4497:17: warning: variable 'grp' set but not used [-Wunused-but-set-variable]
  struct gref_t *grp;
                 ^
cc  -pipe -Wall -I../pli_incs -fno-strength-reduce -fomit-frame-pointer -O2 -o ../objs/v_src3.o -c v_src3.c
v_src3.c:46:21: fatal error: sys/dir.h: No such file or directory
 #include <sys/dir.h>
                     ^
compilation terminated.
*** Error code 1

Stop.
bmake: stopped in /boot/home/pkgsrc/pkgsrc/cad/gplcver/work/gplcver-2.12a.src/src
*** Error code 1

Stop.
bmake: stopped in /boot/home/pkgsrc/pkgsrc/cad/gplcver
*** Error code 1

Stop.
bmake: stopped in /boot/home/pkgsrc/pkgsrc/cad/gplcver
*** Error code 1

Stop.
bmake: stopped in /boot/home/pkgsrc/pkgsrc/cad/MyHDL-gplcver
===> MyHDL-iverilog
=> Bootstrap dependency digest>=20010302: found digest-20121220
===> Installing dependencies for MyHDL-iverilog-0.7
==========================================================================
The following variables will affect the build process of this package,
MyHDL-iverilog-0.7.  Their current value is shown below:

        * READLINE_DEFAULT = readline

Based on these variables, the following variables have been set:

        * READLINE_TYPE = readline
        * TERMCAP_TYPE = c

You may want to abort the process now with CTRL-C and change their value
before continuing.  Be sure to run `/boot/home/pkg/bin/bmake clean' after
the changes.
==========================================================================
=> Build dependency gperf>=3.0.1: found gperf-3.0.4
=> Full dependency verilog>=0.8.7nb1: NOT found
=> Verifying reinstall for ../../cad/verilog
=> Bootstrap dependency digest>=20010302: found digest-20121220
=> Fetching verilog-0.9.7.tar.gz
=> Total size: 1238088 bytes
  % Total    % Received % Xferd  Average Speed   Time    Time     Time  Current
                                 Dload  Upload   Total   Spent    Left  Speed
100 1209k  100 1209k    0     0  76594      0  0:00:16  0:00:16 --:--:-- 70239
===> Installing dependencies for verilog-0.9.7
==========================================================================
The following variables will affect the build process of this package,
verilog-0.9.7.  Their current value is shown below:

        * READLINE_DEFAULT = readline

Based on these variables, the following variables have been set:

        * READLINE_TYPE = readline
        * TERMCAP_TYPE = c

You may want to abort the process now with CTRL-C and change their value
before continuing.  Be sure to run `/boot/home/pkg/bin/bmake clean' after
the changes.
==========================================================================
=> Tool dependency flex>=2.5.4a: found flex-2.5.39
=> Tool dependency nbpatch-[0-9]*: found nbpatch-20100124
=> Build dependency flex>=2.5.4a: found flex-2.5.39
=> Full dependency bzip2>=1.0.3: found bzip2-1.0.6nb1
===> Overriding tools for verilog-0.9.7
===> Extracting for verilog-0.9.7
===> Patching for verilog-0.9.7
=> Applying pkgsrc patches for verilog-0.9.7
===> Creating toolchain wrappers for verilog-0.9.7
===> Configuring for verilog-0.9.7
=> Fix DESTDIR in various Makefile.in
=> Fix DESTDIR in vpi/Makefile.in (watch target:)
=> Modifying GNU configure scripts to avoid --recheck
=> Replacing config-guess with pkgsrc versions
=> Replacing config-sub with pkgsrc versions
=> Replacing install-sh with pkgsrc version
configure: WARNING: unrecognized options: --enable-shared
configure: WARNING: unrecognized options: --enable-shared
===> Building for verilog-0.9.7
=> Adding Haiku lnetwork to libraries
INFO: [subst.mk:libs] Nothing changed in ./Makefile.
mkdir dep
g++ -DHAVE_CONFIG_H -I. -I. -I/boot/home/pkg/include -Wall -Wshadow -Wno-error -specs=/boot/home/pkg/etc/specs -I/boot/home/pkg/include -MD -c main.cc -o main.o
mv main.d dep/main.d
g++ -DHAVE_CONFIG_H -I. -I. -I/boot/home/pkg/include -Wall -Wshadow -Wno-error -specs=/boot/home/pkg/etc/specs -I/boot/home/pkg/include -MD -c async.cc -o async.o
mv async.d dep/async.d
g++ -DHAVE_CONFIG_H -I. -I. -I/boot/home/pkg/include -Wall -Wshadow -Wno-error -specs=/boot/home/pkg/etc/specs -I/boot/home/pkg/include -MD -c design_dump.cc -o design_dump.o
mv design_dump.d dep/design_dump.d
g++ -DHAVE_CONFIG_H -I. -I. -I/boot/home/pkg/include -Wall -Wshadow -Wno-error -specs=/boot/home/pkg/etc/specs -I/boot/home/pkg/include -MD -c discipline.cc -o discipline.o
mv discipline.d dep/discipline.d
g++ -DHAVE_CONFIG_H -I. -I. -I/boot/home/pkg/include -Wall -Wshadow -Wno-error -specs=/boot/home/pkg/etc/specs -I/boot/home/pkg/include -MD -c dup_expr.cc -o dup_expr.o
mv dup_expr.d dep/dup_expr.d
g++ -DHAVE_CONFIG_H -I. -I. -I/boot/home/pkg/include -Wall -Wshadow -Wno-error -specs=/boot/home/pkg/etc/specs -I/boot/home/pkg/include -MD -c elaborate.cc -o elaborate.o
mv elaborate.d dep/elaborate.d
g++ -DHAVE_CONFIG_H -I. -I. -I/boot/home/pkg/include -Wall -Wshadow -Wno-error -specs=/boot/home/pkg/etc/specs -I/boot/home/pkg/include -MD -c elab_expr.cc -o elab_expr.o
mv elab_expr.d dep/elab_expr.d
g++ -DHAVE_CONFIG_H -I. -I. -I/boot/home/pkg/include -Wall -Wshadow -Wno-error -specs=/boot/home/pkg/etc/specs -I/boot/home/pkg/include -MD -c elaborate_analog.cc -o elaborate_analog.o
mv elaborate_analog.d dep/elaborate_analog.d
g++ -DHAVE_CONFIG_H -I. -I. -I/boot/home/pkg/include -Wall -Wshadow -Wno-error -specs=/boot/home/pkg/etc/specs -I/boot/home/pkg/include -MD -c elab_lval.cc -o elab_lval.o
mv elab_lval.d dep/elab_lval.d
g++ -DHAVE_CONFIG_H -I. -I. -I/boot/home/pkg/include -Wall -Wshadow -Wno-error -specs=/boot/home/pkg/etc/specs -I/boot/home/pkg/include -MD -c elab_net.cc -o elab_net.o
mv elab_net.d dep/elab_net.d
g++ -DHAVE_CONFIG_H -I. -I. -I/boot/home/pkg/include -Wall -Wshadow -Wno-error -specs=/boot/home/pkg/etc/specs -I/boot/home/pkg/include -MD -c elab_pexpr.cc -o elab_pexpr.o
mv elab_pexpr.d dep/elab_pexpr.d
g++ -DHAVE_CONFIG_H -I. -I. -I/boot/home/pkg/include -Wall -Wshadow -Wno-error -specs=/boot/home/pkg/etc/specs -I/boot/home/pkg/include -MD -c elab_scope.cc -o elab_scope.o
mv elab_scope.d dep/elab_scope.d
g++ -DHAVE_CONFIG_H -I. -I. -I/boot/home/pkg/include -Wall -Wshadow -Wno-error -specs=/boot/home/pkg/etc/specs -I/boot/home/pkg/include -MD -c elab_sig.cc -o elab_sig.o
mv elab_sig.d dep/elab_sig.d
g++ -DHAVE_CONFIG_H -I. -I. -I/boot/home/pkg/include -Wall -Wshadow -Wno-error -specs=/boot/home/pkg/etc/specs -I/boot/home/pkg/include -MD -c elab_sig_analog.cc -o elab_sig_analog.o
mv elab_sig_analog.d dep/elab_sig_analog.d
g++ -DHAVE_CONFIG_H -I. -I. -I/boot/home/pkg/include -Wall -Wshadow -Wno-error -specs=/boot/home/pkg/etc/specs -I/boot/home/pkg/include -MD -c emit.cc -o emit.o
mv emit.d dep/emit.d
g++ -DHAVE_CONFIG_H -I. -I. -I/boot/home/pkg/include -Wall -Wshadow -Wno-error -specs=/boot/home/pkg/etc/specs -I/boot/home/pkg/include -MD -c eval.cc -o eval.o
mv eval.d dep/eval.d
g++ -DHAVE_CONFIG_H -I. -I. -I/boot/home/pkg/include -Wall -Wshadow -Wno-error -specs=/boot/home/pkg/etc/specs -I/boot/home/pkg/include -MD -c eval_attrib.cc -o eval_attrib.o
mv eval_attrib.d dep/eval_attrib.d
g++ -DHAVE_CONFIG_H -I. -I. -I/boot/home/pkg/include -Wall -Wshadow -Wno-error -specs=/boot/home/pkg/etc/specs -I/boot/home/pkg/include -MD -c eval_tree.cc -o eval_tree.o
mv eval_tree.d dep/eval_tree.d
g++ -DHAVE_CONFIG_H -I. -I. -I/boot/home/pkg/include -Wall -Wshadow -Wno-error -specs=/boot/home/pkg/etc/specs -I/boot/home/pkg/include -MD -c expr_synth.cc -o expr_synth.o
mv expr_synth.d dep/expr_synth.d
g++ -DHAVE_CONFIG_H -I. -I. -I/boot/home/pkg/include -Wall -Wshadow -Wno-error -specs=/boot/home/pkg/etc/specs -I/boot/home/pkg/include -MD -c functor.cc -o functor.o
mv functor.d dep/functor.d
/boot/home/pkg/bin/flex -PVL -s -t lexor.lex > lexor.cc
/bin/bison -y --verbose -t -p VL -d -o parse.cc parse.y
mv parse.cc.h parse.h 2>/dev/null || mv parse.hh parse.h
g++ -DHAVE_CONFIG_H -I. -I. -I/boot/home/pkg/include -Wall -Wshadow -Wno-error -specs=/boot/home/pkg/etc/specs -I/boot/home/pkg/include -MD -c lexor.cc -o lexor.o
In file included from /boot/home/pkg/include/inttypes.h:9:0,
                 from config.h:50,
                 from lexor.lex:25:
/boot/home/pkg/include/stdint.h:64:0: warning: "INT16_MIN" redefined [enabled by default]
 #define INT16_MIN  (-32768)
 ^
<stdout>:81:0: note: this is the location of the previous definition
In file included from /boot/home/pkg/include/inttypes.h:9:0,
                 from config.h:50,
                 from lexor.lex:25:
/boot/home/pkg/include/stdint.h:69:0: warning: "INT32_MIN" redefined [enabled by default]
 #define INT32_MIN  (-INT32_MAX-1)
 ^
<stdout>:84:0: note: this is the location of the previous definition
mv lexor.d dep/lexor.d
g++ -DHAVE_CONFIG_H -I. -I. -I/boot/home/pkg/include -Wall -Wshadow -Wno-error -specs=/boot/home/pkg/etc/specs -I/boot/home/pkg/include -MD -c lexor_keyword.cc -o lexor_keyword.o
mv lexor_keyword.d dep/lexor_keyword.d
g++ -DHAVE_CONFIG_H -I. -I. -I/boot/home/pkg/include -Wall -Wshadow -Wno-error -specs=/boot/home/pkg/etc/specs -I/boot/home/pkg/include -MD -c link_const.cc -o link_const.o
mv link_const.d dep/link_const.d
g++ -DHAVE_CONFIG_H -I. -I. -I/boot/home/pkg/include -Wall -Wshadow -Wno-error -specs=/boot/home/pkg/etc/specs -I/boot/home/pkg/include -MD -c load_module.cc -o load_module.o
mv load_module.d dep/load_module.d
g++ -DHAVE_CONFIG_H -I. -I. -I/boot/home/pkg/include -Wall -Wshadow -Wno-error -specs=/boot/home/pkg/etc/specs -I/boot/home/pkg/include -MD -c netlist.cc -o netlist.o
mv netlist.d dep/netlist.d
g++ -DHAVE_CONFIG_H -I. -I. -I/boot/home/pkg/include -Wall -Wshadow -Wno-error -specs=/boot/home/pkg/etc/specs -I/boot/home/pkg/include -MD -c netmisc.cc -o netmisc.o
mv netmisc.d dep/netmisc.d
g++ -DHAVE_CONFIG_H -I. -I. -I/boot/home/pkg/include -Wall -Wshadow -Wno-error -specs=/boot/home/pkg/etc/specs -I/boot/home/pkg/include -MD -c net_analog.cc -o net_analog.o
mv net_analog.d dep/net_analog.d
g++ -DHAVE_CONFIG_H -I. -I. -I/boot/home/pkg/include -Wall -Wshadow -Wno-error -specs=/boot/home/pkg/etc/specs -I/boot/home/pkg/include -MD -c net_assign.cc -o net_assign.o
mv net_assign.d dep/net_assign.d
g++ -DHAVE_CONFIG_H -I. -I. -I/boot/home/pkg/include -Wall -Wshadow -Wno-error -specs=/boot/home/pkg/etc/specs -I/boot/home/pkg/include -MD -c net_design.cc -o net_design.o
mv net_design.d dep/net_design.d
g++ -DHAVE_CONFIG_H -I. -I. -I/boot/home/pkg/include -Wall -Wshadow -Wno-error -specs=/boot/home/pkg/etc/specs -I/boot/home/pkg/include -MD -c net_event.cc -o net_event.o
mv net_event.d dep/net_event.d
g++ -DHAVE_CONFIG_H -I. -I. -I/boot/home/pkg/include -Wall -Wshadow -Wno-error -specs=/boot/home/pkg/etc/specs -I/boot/home/pkg/include -MD -c net_expr.cc -o net_expr.o
mv net_expr.d dep/net_expr.d
g++ -DHAVE_CONFIG_H -I. -I. -I/boot/home/pkg/include -Wall -Wshadow -Wno-error -specs=/boot/home/pkg/etc/specs -I/boot/home/pkg/include -MD -c net_func.cc -o net_func.o
mv net_func.d dep/net_func.d
g++ -DHAVE_CONFIG_H -I. -I. -I/boot/home/pkg/include -Wall -Wshadow -Wno-error -specs=/boot/home/pkg/etc/specs -I/boot/home/pkg/include -MD -c net_link.cc -o net_link.o
mv net_link.d dep/net_link.d
g++ -DHAVE_CONFIG_H -I. -I. -I/boot/home/pkg/include -Wall -Wshadow -Wno-error -specs=/boot/home/pkg/etc/specs -I/boot/home/pkg/include -MD -c net_modulo.cc -o net_modulo.o
mv net_modulo.d dep/net_modulo.d
g++ -DHAVE_CONFIG_H -I. -I. -I/boot/home/pkg/include -Wall -Wshadow -Wno-error -specs=/boot/home/pkg/etc/specs -I/boot/home/pkg/include -MD -c net_nex_input.cc -o net_nex_input.o
mv net_nex_input.d dep/net_nex_input.d
g++ -DHAVE_CONFIG_H -I. -I. -I/boot/home/pkg/include -Wall -Wshadow -Wno-error -specs=/boot/home/pkg/etc/specs -I/boot/home/pkg/include -MD -c net_nex_output.cc -o net_nex_output.o
mv net_nex_output.d dep/net_nex_output.d
g++ -DHAVE_CONFIG_H -I. -I. -I/boot/home/pkg/include -Wall -Wshadow -Wno-error -specs=/boot/home/pkg/etc/specs -I/boot/home/pkg/include -MD -c net_proc.cc -o net_proc.o
mv net_proc.d dep/net_proc.d
g++ -DHAVE_CONFIG_H -I. -I. -I/boot/home/pkg/include -Wall -Wshadow -Wno-error -specs=/boot/home/pkg/etc/specs -I/boot/home/pkg/include -MD -c net_scope.cc -o net_scope.o
mv net_scope.d dep/net_scope.d
g++ -DHAVE_CONFIG_H -I. -I. -I/boot/home/pkg/include -Wall -Wshadow -Wno-error -specs=/boot/home/pkg/etc/specs -I/boot/home/pkg/include -MD -c net_tran.cc -o net_tran.o
mv net_tran.d dep/net_tran.d
g++ -DHAVE_CONFIG_H -I. -I. -I/boot/home/pkg/include -Wall -Wshadow -Wno-error -specs=/boot/home/pkg/etc/specs -I/boot/home/pkg/include -MD -c net_udp.cc -o net_udp.o
mv net_udp.d dep/net_udp.d
g++ -DHAVE_CONFIG_H -I. -I. -I/boot/home/pkg/include -Wall -Wshadow -Wno-error -specs=/boot/home/pkg/etc/specs -I/boot/home/pkg/include -MD -c pad_to_width.cc -o pad_to_width.o
mv pad_to_width.d dep/pad_to_width.d
g++ -DHAVE_CONFIG_H -I. -I. -I/boot/home/pkg/include -Wall -Wshadow -Wno-error -specs=/boot/home/pkg/etc/specs -I/boot/home/pkg/include -MD -c parse.cc -o parse.o
mv parse.d dep/parse.d
g++ -DHAVE_CONFIG_H -I. -I. -I/boot/home/pkg/include -Wall -Wshadow -Wno-error -specs=/boot/home/pkg/etc/specs -I/boot/home/pkg/include -MD -c parse_misc.cc -o parse_misc.o
mv parse_misc.d dep/parse_misc.d
g++ -DHAVE_CONFIG_H -I. -I. -I/boot/home/pkg/include -Wall -Wshadow -Wno-error -specs=/boot/home/pkg/etc/specs -I/boot/home/pkg/include -MD -c pform.cc -o pform.o
mv pform.d dep/pform.d
g++ -DHAVE_CONFIG_H -I. -I. -I/boot/home/pkg/include -Wall -Wshadow -Wno-error -specs=/boot/home/pkg/etc/specs -I/boot/home/pkg/include -MD -c pform_analog.cc -o pform_analog.o
mv pform_analog.d dep/pform_analog.d
g++ -DHAVE_CONFIG_H -I. -I. -I/boot/home/pkg/include -Wall -Wshadow -Wno-error -specs=/boot/home/pkg/etc/specs -I/boot/home/pkg/include -MD -c pform_disciplines.cc -o pform_disciplines.o
mv pform_disciplines.d dep/pform_disciplines.d
g++ -DHAVE_CONFIG_H -I. -I. -I/boot/home/pkg/include -Wall -Wshadow -Wno-error -specs=/boot/home/pkg/etc/specs -I/boot/home/pkg/include -MD -c pform_dump.cc -o pform_dump.o
mv pform_dump.d dep/pform_dump.d
g++ -DHAVE_CONFIG_H -I. -I. -I/boot/home/pkg/include -Wall -Wshadow -Wno-error -specs=/boot/home/pkg/etc/specs -I/boot/home/pkg/include -MD -c pform_types.cc -o pform_types.o
mv pform_types.d dep/pform_types.d
g++ -DHAVE_CONFIG_H -I. -I. -I/boot/home/pkg/include -Wall -Wshadow -Wno-error -specs=/boot/home/pkg/etc/specs -I/boot/home/pkg/include -MD -c set_width.cc -o set_width.o
mv set_width.d dep/set_width.d
g++ -DHAVE_CONFIG_H -I. -I. -I/boot/home/pkg/include -Wall -Wshadow -Wno-error -specs=/boot/home/pkg/etc/specs -I/boot/home/pkg/include -MD -c symbol_search.cc -o symbol_search.o
mv symbol_search.d dep/symbol_search.d
g++ -DHAVE_CONFIG_H -I. -I. -I/boot/home/pkg/include -Wall -Wshadow -Wno-error -specs=/boot/home/pkg/etc/specs -I/boot/home/pkg/include -MD -c sync.cc -o sync.o
mv sync.d dep/sync.d
g++ -DHAVE_CONFIG_H -I. -I. -I/boot/home/pkg/include -Wall -Wshadow -Wno-error -specs=/boot/home/pkg/etc/specs -I/boot/home/pkg/include -MD -c sys_funcs.cc -o sys_funcs.o
mv sys_funcs.d dep/sys_funcs.d
g++ -DHAVE_CONFIG_H -I. -I. -I/boot/home/pkg/include -Wall -Wshadow -Wno-error -specs=/boot/home/pkg/etc/specs -I/boot/home/pkg/include -MD -c verinum.cc -o verinum.o
mv verinum.d dep/verinum.d
g++ -DHAVE_CONFIG_H -I. -I. -I/boot/home/pkg/include -Wall -Wshadow -Wno-error -specs=/boot/home/pkg/etc/specs -I/boot/home/pkg/include -MD -c verireal.cc -o verireal.o
mv verireal.d dep/verireal.d
g++ -DHAVE_CONFIG_H -I. -I. -I/boot/home/pkg/include -Wall -Wshadow -Wno-error -specs=/boot/home/pkg/etc/specs -I/boot/home/pkg/include -MD -c target.cc -o target.o
mv target.d dep/target.d
g++ -DHAVE_CONFIG_H -I. -I. -I/boot/home/pkg/include -Wall -Wshadow -Wno-error -specs=/boot/home/pkg/etc/specs -I/boot/home/pkg/include -MD -c Attrib.cc -o Attrib.o
mv Attrib.d dep/Attrib.d
g++ -DHAVE_CONFIG_H -I. -I. -I/boot/home/pkg/include -Wall -Wshadow -Wno-error -specs=/boot/home/pkg/etc/specs -I/boot/home/pkg/include -MD -c HName.cc -o HName.o
mv HName.d dep/HName.d
g++ -DHAVE_CONFIG_H -I. -I. -I/boot/home/pkg/include -Wall -Wshadow -Wno-error -specs=/boot/home/pkg/etc/specs -I/boot/home/pkg/include -MD -c LineInfo.cc -o LineInfo.o
mv LineInfo.d dep/LineInfo.d
g++ -DHAVE_CONFIG_H -I. -I. -I/boot/home/pkg/include -Wall -Wshadow -Wno-error -specs=/boot/home/pkg/etc/specs -I/boot/home/pkg/include -MD -c Module.cc -o Module.o
mv Module.d dep/Module.d
g++ -DHAVE_CONFIG_H -I. -I. -I/boot/home/pkg/include -Wall -Wshadow -Wno-error -specs=/boot/home/pkg/etc/specs -I/boot/home/pkg/include -MD -c PDelays.cc -o PDelays.o
mv PDelays.d dep/PDelays.d
g++ -DHAVE_CONFIG_H -I. -I. -I/boot/home/pkg/include -Wall -Wshadow -Wno-error -specs=/boot/home/pkg/etc/specs -I/boot/home/pkg/include -MD -c PEvent.cc -o PEvent.o
mv PEvent.d dep/PEvent.d
g++ -DHAVE_CONFIG_H -I. -I. -I/boot/home/pkg/include -Wall -Wshadow -Wno-error -specs=/boot/home/pkg/etc/specs -I/boot/home/pkg/include -MD -c PExpr.cc -o PExpr.o
mv PExpr.d dep/PExpr.d
g++ -DHAVE_CONFIG_H -I. -I. -I/boot/home/pkg/include -Wall -Wshadow -Wno-error -specs=/boot/home/pkg/etc/specs -I/boot/home/pkg/include -MD -c PGate.cc -o PGate.o
mv PGate.d dep/PGate.d
g++ -DHAVE_CONFIG_H -I. -I. -I/boot/home/pkg/include -Wall -Wshadow -Wno-error -specs=/boot/home/pkg/etc/specs -I/boot/home/pkg/include -MD -c PGenerate.cc -o PGenerate.o
mv PGenerate.d dep/PGenerate.d
g++ -DHAVE_CONFIG_H -I. -I. -I/boot/home/pkg/include -Wall -Wshadow -Wno-error -specs=/boot/home/pkg/etc/specs -I/boot/home/pkg/include -MD -c PScope.cc -o PScope.o
mv PScope.d dep/PScope.d
g++ -DHAVE_CONFIG_H -I. -I. -I/boot/home/pkg/include -Wall -Wshadow -Wno-error -specs=/boot/home/pkg/etc/specs -I/boot/home/pkg/include -MD -c PSpec.cc -o PSpec.o
mv PSpec.d dep/PSpec.d
g++ -DHAVE_CONFIG_H -I. -I. -I/boot/home/pkg/include -Wall -Wshadow -Wno-error -specs=/boot/home/pkg/etc/specs -I/boot/home/pkg/include -MD -c PTask.cc -o PTask.o
mv PTask.d dep/PTask.d
g++ -DHAVE_CONFIG_H -I. -I. -I/boot/home/pkg/include -Wall -Wshadow -Wno-error -specs=/boot/home/pkg/etc/specs -I/boot/home/pkg/include -MD -c PUdp.cc -o PUdp.o
mv PUdp.d dep/PUdp.d
g++ -DHAVE_CONFIG_H -I. -I. -I/boot/home/pkg/include -Wall -Wshadow -Wno-error -specs=/boot/home/pkg/etc/specs -I/boot/home/pkg/include -MD -c PFunction.cc -o PFunction.o
mv PFunction.d dep/PFunction.d
g++ -DHAVE_CONFIG_H -I. -I. -I/boot/home/pkg/include -Wall -Wshadow -Wno-error -specs=/boot/home/pkg/etc/specs -I/boot/home/pkg/include -MD -c PWire.cc -o PWire.o
mv PWire.d dep/PWire.d
g++ -DHAVE_CONFIG_H -I. -I. -I/boot/home/pkg/include -Wall -Wshadow -Wno-error -specs=/boot/home/pkg/etc/specs -I/boot/home/pkg/include -MD -c Statement.cc -o Statement.o
mv Statement.d dep/Statement.d
g++ -DHAVE_CONFIG_H -I. -I. -I/boot/home/pkg/include -Wall -Wshadow -Wno-error -specs=/boot/home/pkg/etc/specs -I/boot/home/pkg/include -MD -c AStatement.cc -o AStatement.o
mv AStatement.d dep/AStatement.d
g++ -DHAVE_CONFIG_H -I. -I. -I/boot/home/pkg/include -Wall -Wshadow -Wno-error -specs=/boot/home/pkg/etc/specs -I/boot/home/pkg/include -MD -c StringHeap.cc -o StringHeap.o
mv StringHeap.d dep/StringHeap.d
g++ -DHAVE_CONFIG_H -I. -I. -I/boot/home/pkg/include -Wall -Wshadow -Wno-error -specs=/boot/home/pkg/etc/specs -I/boot/home/pkg/include -MD -c cprop.cc -o cprop.o
mv cprop.d dep/cprop.d
g++ -DHAVE_CONFIG_H -I. -I. -I/boot/home/pkg/include -Wall -Wshadow -Wno-error -specs=/boot/home/pkg/etc/specs -I/boot/home/pkg/include -MD -c nodangle.cc -o nodangle.o
mv nodangle.d dep/nodangle.d
g++ -DHAVE_CONFIG_H -I. -I. -I/boot/home/pkg/include -Wall -Wshadow -Wno-error -specs=/boot/home/pkg/etc/specs -I/boot/home/pkg/include -MD -c synth.cc -o synth.o
mv synth.d dep/synth.d
g++ -DHAVE_CONFIG_H -I. -I. -I/boot/home/pkg/include -Wall -Wshadow -Wno-error -specs=/boot/home/pkg/etc/specs -I/boot/home/pkg/include -MD -c synth2.cc -o synth2.o
mv synth2.d dep/synth2.d
/bin/bison -y --verbose -t -p syn_ -o syn-rules.cc syn-rules.y
g++ -DHAVE_CONFIG_H -I. -I. -I/boot/home/pkg/include -Wall -Wshadow -Wno-error -specs=/boot/home/pkg/etc/specs -I/boot/home/pkg/include -MD -c syn-rules.cc -o syn-rules.o
mv syn-rules.d dep/syn-rules.d
g++ -DHAVE_CONFIG_H -I. -I. -I/boot/home/pkg/include -Wall -Wshadow -Wno-error -specs=/boot/home/pkg/etc/specs -I/boot/home/pkg/include -MD -c t-dll.cc -o t-dll.o
mv t-dll.d dep/t-dll.d
g++ -DHAVE_CONFIG_H -I. -I. -I/boot/home/pkg/include -Wall -Wshadow -Wno-error -specs=/boot/home/pkg/etc/specs -I/boot/home/pkg/include -MD -c t-dll-api.cc -o t-dll-api.o
mv t-dll-api.d dep/t-dll-api.d
g++ -DHAVE_CONFIG_H -I. -I. -I/boot/home/pkg/include -Wall -Wshadow -Wno-error -specs=/boot/home/pkg/etc/specs -I/boot/home/pkg/include -MD -c t-dll-expr.cc -o t-dll-expr.o
mv t-dll-expr.d dep/t-dll-expr.d
g++ -DHAVE_CONFIG_H -I. -I. -I/boot/home/pkg/include -Wall -Wshadow -Wno-error -specs=/boot/home/pkg/etc/specs -I/boot/home/pkg/include -MD -c t-dll-proc.cc -o t-dll-proc.o
mv t-dll-proc.d dep/t-dll-proc.d
g++ -DHAVE_CONFIG_H -I. -I. -I/boot/home/pkg/include -Wall -Wshadow -Wno-error -specs=/boot/home/pkg/etc/specs -I/boot/home/pkg/include -MD -c t-dll-analog.cc -o t-dll-analog.o
mv t-dll-analog.d dep/t-dll-analog.d
g++ -rdynamic -L/boot/system/develop/lib -lnetwork -Wl,-R/boot/system/develop/lib -L/boot/home/pkg/lib -Wl,-R/boot/home/pkg/lib -o ivl main.o async.o design_dump.o discipline.o dup_expr.o elaborate.o elab_expr.o elaborate_analog.o elab_lval.o elab_net.o elab_pexpr.o elab_scope.o elab_sig.o elab_sig_analog.o emit.o eval.o eval_attrib.o eval_tree.o expr_synth.o functor.o lexor.o lexor_keyword.o link_const.o load_module.o netlist.o netmisc.o net_analog.o net_assign.o net_design.o net_event.o net_expr.o net_func.o net_link.o net_modulo.o net_nex_input.o net_nex_output.o net_proc.o net_scope.o net_tran.o net_udp.o pad_to_width.o parse.o parse_misc.o pform.o pform_analog.o pform_disciplines.o pform_dump.o pform_types.o set_width.o symbol_search.o sync.o sys_funcs.o verinum.o verireal.o target.o Attrib.o HName.o LineInfo.o Module.o PDelays.o PEvent.o PExpr.o PGate.o PGenerate.o PScope.o PSpec.o PTask.o PUdp.o PFunction.o PWire.o Statement.o AStatement.o StringHeap.o cprop.o nodangle.o synth.o synth2.o syn-rules.o t-dll.o t-dll-api.o t-dll-expr.o t-dll-proc.o t-dll-analog.o 
g++: error: unrecognized command line option '-rdynamic'
make: *** [ivl] Error 1
*** Error code 2

Stop.
bmake: stopped in /boot/home/pkgsrc/pkgsrc/cad/verilog
*** Error code 1

Stop.
bmake: stopped in /boot/home/pkgsrc/pkgsrc/cad/verilog
*** Error code 1

Stop.
bmake: stopped in /boot/home/pkgsrc/pkgsrc/cad/MyHDL-iverilog
===> adms
=> Bootstrap dependency digest>=20010302: found digest-20121220
=> Fetching adms-2.2.5.tar.gz
=> Total size: 706220 bytes
  % Total    % Received % Xferd  Average Speed   Time    Time     Time  Current
                                 Dload  Upload   Total   Spent    Left  Speed
  0     0    0     0    0     0      0      0 --:--:--  0:00:01 --:--:--     0
curl: (22) The requested URL returned error: 404 Not Found
fetch: Unable to fetch expected file adms-2.2.5.tar.gz
  % Total    % Received % Xferd  Average Speed   Time    Time     Time  Current
                                 Dload  Upload   Total   Spent    Left  Speed
100  689k  100  689k    0     0   109k      0  0:00:06  0:00:06 --:--:--  155k
===> Installing dependencies for adms-2.2.5nb4
=> Tool dependency libtool-base>=2.2.6bnb3: found libtool-base-2.4.2nb7
=> Tool dependency flex>=2.5.4a: found flex-2.5.39
=> Tool dependency nbpatch-[0-9]*: found nbpatch-20100124
=> Tool dependency pkg-config>=0.25: found pkg-config-0.28
=> Tool dependency bison>=1.0: found bison-3.0.2nb1
=> Build dependency flex>=2.5.4a: found flex-2.5.39
=> Full dependency glib2>=2.34.0: NOT found
=> Verifying reinstall for ../../devel/glib2
=> Bootstrap dependency digest>=20010302: found digest-20121220
===> Building for glib2-2.38.2nb2
/bin/make  all-am
make[5]: Entering directory `/boot/home/pkgsrc/pkgsrc/devel/glib2/work/glib-2.38.2/glib/update-pcre'
make[5]: Nothing to be done for `all-am'.
make[5]: Leaving directory `/boot/home/pkgsrc/pkgsrc/devel/glib2/work/glib-2.38.2/glib/update-pcre'
make[4]: Leaving directory `/boot/home/pkgsrc/pkgsrc/devel/glib2/work/glib-2.38.2/glib/update-pcre'
Making all in .
make[4]: Entering directory `/boot/home/pkgsrc/pkgsrc/devel/glib2/work/glib-2.38.2/glib'
  CC       libglib_2_0_la-gtimer.lo
In file included from /boot/home/pkg/include/sys/select.h:12:0,
                 from /boot/home/pkg/include/sys/time.h:17,
                 from gtimer.c:41:
/boot/home/pkg/include/signal.h:271:1: warning: function declaration isn't a prototype [-Wstrict-prototypes]
 int  __signal_get_sigrtmin();
 ^
/boot/home/pkg/include/signal.h:272:1: warning: function declaration isn't a prototype [-Wstrict-prototypes]
 int  __signal_get_sigrtmax();
 ^
gtimer.c: In function 'mktime_utc':
gtimer.c:330:3: error: implicit declaration of function 'timegm' [-Werror=implicit-function-declaration]
   retval = timegm (tm);
   ^
cc1: some warnings being treated as errors
make[4]: *** [libglib_2_0_la-gtimer.lo] Error 1
make[4]: Leaving directory `/boot/home/pkgsrc/pkgsrc/devel/glib2/work/glib-2.38.2/glib'
make[3]: *** [all-recursive] Error 1
make[3]: Leaving directory `/boot/home/pkgsrc/pkgsrc/devel/glib2/work/glib-2.38.2/glib'
make[2]: *** [all] Error 2
make[2]: Leaving directory `/boot/home/pkgsrc/pkgsrc/devel/glib2/work/glib-2.38.2/glib'
make[1]: *** [all-recursive] Error 1
make[1]: Leaving directory `/boot/home/pkgsrc/pkgsrc/devel/glib2/work/glib-2.38.2'
make: *** [all] Error 2
*** Error code 2

Stop.
bmake: stopped in /boot/home/pkgsrc/pkgsrc/devel/glib2
*** Error code 1

Stop.
bmake: stopped in /boot/home/pkgsrc/pkgsrc/devel/glib2
*** Error code 1

Stop.
bmake: stopped in /boot/home/pkgsrc/pkgsrc/cad/adms
===> boolean
=> Bootstrap dependency digest>=20010302: found digest-20121220
=> Fetching boolean_6_99.tgz
=> Total size: 4270460 bytes
  % Total    % Received % Xferd  Average Speed   Time    Time     Time  Current
                                 Dload  Upload   Total   Spent    Left  Speed
100 4170k  100 4170k    0     0   114k      0  0:00:36  0:00:36 --:--:-- 52287
===> Installing dependencies for boolean-6.99nb23
==========================================================================
The following variables will affect the build process of this package,
boolean-6.99nb23.  Their current value is shown below:

        * JPEG_DEFAULT = jpeg

Based on these variables, the following variables have been set:

        * JPEGBASE (defined, but empty)
        * JPEG_TYPE = jpeg

You may want to abort the process now with CTRL-C and change their value
before continuing.  Be sure to run `/boot/home/pkg/bin/bmake clean' after
the changes.
==========================================================================
=> Tool dependency cmake>=2.8.1nb1: NOT found
=> Verifying reinstall for ../../devel/cmake
=> Bootstrap dependency digest>=20010302: found digest-20121220
===> Configuring for cmake-2.8.12.2nb3
/bin/rm -f /boot/home/pkgsrc/pkgsrc/devel/cmake/work/cmake-2.8.12.2/Modules/*.orig /boot/home/pkgsrc/pkgsrc/devel/cmake/work/cmake-2.8.12.2/Modules/Platform/*.orig
/bin/ln -s -f /boot/home/pkgsrc/pkgsrc/devel/cmake/work/cmake-2.8.12.2/Modules/Platform/OpenBSD.cmake /boot/home/pkgsrc/pkgsrc/devel/cmake/work/cmake-2.8.12.2/Modules/Platform/MirBSD.cmake
Unknown option: PKG_CONFIG_PATH=/boot/home/pkg/lib/pkgconfig
*** Error code 1

Stop.
bmake: stopped in /boot/home/pkgsrc/pkgsrc/devel/cmake
*** Error code 1

Stop.
bmake: stopped in /boot/home/pkgsrc/pkgsrc/devel/cmake
*** Error code 1

Stop.
bmake: stopped in /boot/home/pkgsrc/pkgsrc/cad/boolean
===> covered
=> Bootstrap dependency digest>=20010302: found digest-20121220
=> Fetching covered-0.4.7.tar.gz
=> Total size: 1077912 bytes
  % Total    % Received % Xferd  Average Speed   Time    Time     Time  Current
                                 Dload  Upload   Total   Spent    Left  Speed
  0     0    0     0    0     0      0      0 --:--:-- --:--:-- --:--:--     0
  0     0    0     0    0     0      0      0 --:--:-- --:--:-- --:--:--     0
100 1052k  100 1052k    0     0   371k      0  0:00:02  0:00:02 --:--:--  634k
===> Installing dependencies for covered-0.4.7nb5
=> Tool dependency flex>=2.5.4a: found flex-2.5.39
=> Tool dependency nbpatch-[0-9]*: found nbpatch-20100124
=> Build dependency gperf>=3.0.1: found gperf-3.0.4
=> Build dependency renderproto>=0.9.3nb1: found renderproto-0.11.1
=> Build dependency kbproto>=1.0.2: found kbproto-1.0.6
=> Build dependency xproto>=7.0.9: found xproto-7.0.26
=> Build dependency xcb-proto>=1.4: found xcb-proto-1.11
=> Build dependency flex>=2.5.4a: found flex-2.5.39
=> Full dependency verilog{,-current}-[0-9]*: NOT found
=> Verifying reinstall for ../../cad/verilog
=> Bootstrap dependency digest>=20010302: found digest-20121220
===> Building for verilog-0.9.7
g++ -rdynamic -L/boot/system/develop/lib -lnetwork -Wl,-R/boot/system/develop/lib -L/boot/home/pkg/lib -Wl,-R/boot/home/pkg/lib -o ivl main.o async.o design_dump.o discipline.o dup_expr.o elaborate.o elab_expr.o elaborate_analog.o elab_lval.o elab_net.o elab_pexpr.o elab_scope.o elab_sig.o elab_sig_analog.o emit.o eval.o eval_attrib.o eval_tree.o expr_synth.o functor.o lexor.o lexor_keyword.o link_const.o load_module.o netlist.o netmisc.o net_analog.o net_assign.o net_design.o net_event.o net_expr.o net_func.o net_link.o net_modulo.o net_nex_input.o net_nex_output.o net_proc.o net_scope.o net_tran.o net_udp.o pad_to_width.o parse.o parse_misc.o pform.o pform_analog.o pform_disciplines.o pform_dump.o pform_types.o set_width.o symbol_search.o sync.o sys_funcs.o verinum.o verireal.o target.o Attrib.o HName.o LineInfo.o Module.o PDelays.o PEvent.o PExpr.o PGate.o PGenerate.o PScope.o PSpec.o PTask.o PUdp.o PFunction.o PWire.o Statement.o AStatement.o StringHeap.o cprop.o nodangle.o synth.o synth2.o syn-rules.o t-dll.o t-dll-api.o t-dll-expr.o t-dll-proc.o t-dll-analog.o 
g++: error: unrecognized command line option '-rdynamic'
make: *** [ivl] Error 1
*** Error code 2

Stop.
bmake: stopped in /boot/home/pkgsrc/pkgsrc/cad/verilog
*** Error code 1

Stop.
bmake: stopped in /boot/home/pkgsrc/pkgsrc/cad/verilog
*** Error code 1

Stop.
bmake: stopped in /boot/home/pkgsrc/pkgsrc/cad/covered
===> covered-current
=> Bootstrap dependency digest>=20010302: found digest-20121220
=> Fetching covered-20060904.tar.gz
=> Total size: 1549138 bytes
  % Total    % Received % Xferd  Average Speed   Time    Time     Time  Current
                                 Dload  Upload   Total   Spent    Left  Speed
  0     0    0     0    0     0      0      0 --:--:-- --:--:-- --:--:--     0
  0     0    0     0    0     0      0      0 --:--:-- --:--:-- --:--:--     0
100 1512k  100 1512k    0     0   179k      0  0:00:08  0:00:08 --:--:--  231k
===> Installing dependencies for covered-current-20060904nb5
=> Tool dependency flex>=2.5.4a: found flex-2.5.39
=> Tool dependency nbpatch-[0-9]*: found nbpatch-20100124
=> Build dependency gperf>=3.0.1: found gperf-3.0.4
=> Build dependency renderproto>=0.9.3nb1: found renderproto-0.11.1
=> Build dependency kbproto>=1.0.2: found kbproto-1.0.6
=> Build dependency xproto>=7.0.9: found xproto-7.0.26
=> Build dependency xcb-proto>=1.4: found xcb-proto-1.11
=> Build dependency flex>=2.5.4a: found flex-2.5.39
=> Full dependency verilog{,-current}-[0-9]*: NOT found
=> Verifying reinstall for ../../cad/verilog
=> Bootstrap dependency digest>=20010302: found digest-20121220
===> Building for verilog-0.9.7
g++ -rdynamic -L/boot/system/develop/lib -lnetwork -Wl,-R/boot/system/develop/lib -L/boot/home/pkg/lib -Wl,-R/boot/home/pkg/lib -o ivl main.o async.o design_dump.o discipline.o dup_expr.o elaborate.o elab_expr.o elaborate_analog.o elab_lval.o elab_net.o elab_pexpr.o elab_scope.o elab_sig.o elab_sig_analog.o emit.o eval.o eval_attrib.o eval_tree.o expr_synth.o functor.o lexor.o lexor_keyword.o link_const.o load_module.o netlist.o netmisc.o net_analog.o net_assign.o net_design.o net_event.o net_expr.o net_func.o net_link.o net_modulo.o net_nex_input.o net_nex_output.o net_proc.o net_scope.o net_tran.o net_udp.o pad_to_width.o parse.o parse_misc.o pform.o pform_analog.o pform_disciplines.o pform_dump.o pform_types.o set_width.o symbol_search.o sync.o sys_funcs.o verinum.o verireal.o target.o Attrib.o HName.o LineInfo.o Module.o PDelays.o PEvent.o PExpr.o PGate.o PGenerate.o PScope.o PSpec.o PTask.o PUdp.o PFunction.o PWire.o Statement.o AStatement.o StringHeap.o cprop.o nodangle.o synth.o synth2.o syn-rules.o t-dll.o t-dll-api.o t-dll-expr.o t-dll-proc.o t-dll-analog.o 
g++: error: unrecognized command line option '-rdynamic'
make: *** [ivl] Error 1
*** Error code 2

Stop.
bmake: stopped in /boot/home/pkgsrc/pkgsrc/cad/verilog
*** Error code 1

Stop.
bmake: stopped in /boot/home/pkgsrc/pkgsrc/cad/verilog
*** Error code 1

Stop.
bmake: stopped in /boot/home/pkgsrc/pkgsrc/cad/covered-current
===> dinotrace
=> Bootstrap dependency digest>=20010302: found digest-20121220
=> Fetching dinotrace-9.4c.tgz
=> Total size: 785793 bytes
  % Total    % Received % Xferd  Average Speed   Time    Time     Time  Current
                                 Dload  Upload   Total   Spent    Left  Speed
100  767k  100  767k    0     0  1690k      0 --:--:-- --:--:-- --:--:-- 2740k
===> Installing dependencies for dinotrace-9.4cnb1
==========================================================================
The following variables will affect the build process of this package,
dinotrace-9.4cnb1.  Their current value is shown below:

        * JPEG_DEFAULT = jpeg
        * MOTIFBASE (defined)
        * MOTIF_TYPE = motif

Based on these variables, the following variables have been set:

        * JPEGBASE (defined, but empty)
        * JPEG_TYPE = jpeg

You may want to abort the process now with CTRL-C and change their value
before continuing.  Be sure to run `/boot/home/pkg/bin/bmake clean' after
the changes.
==========================================================================
=> Tool dependency nbpatch-[0-9]*: found nbpatch-20100124
=> Tool dependency perl>=5.0: found perl-5.20.0nb1
=> Build dependency kbproto>=1.0.2: found kbproto-1.0.6
=> Build dependency xproto>=7.0.9: found xproto-7.0.26
=> Build dependency xcb-proto>=1.4: found xcb-proto-1.11
=> Build dependency xextproto>=7.0: found xextproto-7.3.0
=> Build dependency inputproto>=1.4: found inputproto-2.3.1
=> Build dependency renderproto>=0.9.3nb1: found renderproto-0.11.1
=> Build dependency xbitmaps>=1.0: found xbitmaps-1.1.1
=> Full dependency motif>=2.3.4nb6: NOT found
=> Verifying reinstall for ../../x11/motif
=> Bootstrap dependency digest>=20010302: found digest-20121220
===> Building for motif-2.3.4nb7
Making all in bindings
make[2]: Entering directory `/boot/home/pkgsrc/pkgsrc/x11/motif/work/motif-2.3.4/lib/Xm'
test -f xmstring.list || ln -s ./xmstring.list xmstring.list
test -f XmStrDefs.ht || ln -s ./XmStrDefs.ht XmStrDefs.ht
test -f XmStrDefs22.ht || ln -s ./XmStrDefs22.ht XmStrDefs22.ht
test -f XmStrDefs23.ht || ln -s ./XmStrDefs23.ht XmStrDefs23.ht
test -f XmStrDefsI.ht || ln -s ./XmStrDefsI.ht XmStrDefsI.ht
test -f XmStrDefs.ct || ln -s ./XmStrDefs.ct XmStrDefs.ct
../../config/util/makestrs -f xmstring.list >XmStrDefs.c
runtime_loader: /boot/home/pkg/lib/libz.so.1.0.2: No version information available (required by /boot/home/pkg/lib/libpng16.so.16.12.0)
runtime_loader: /boot/home/pkg/lib/libpng16.so.16.12.0: Could not resolve symbol 'inflateReset2'
resolve symbol "inflateReset2" returned: -2147478780
runtime_loader: /boot/home/pkg/lib/libpng16.so.16.12.0: Troubles relocating: Symbol not found
make[2]: *** [XmStrDefs.h] Error 4
make[2]: Leaving directory `/boot/home/pkgsrc/pkgsrc/x11/motif/work/motif-2.3.4/lib/Xm'
make[1]: *** [all-recursive] Error 1
make[1]: Leaving directory `/boot/home/pkgsrc/pkgsrc/x11/motif/work/motif-2.3.4/lib'
make: *** [all-recursive] Error 1
*** Error code 2

Stop.
bmake: stopped in /boot/home/pkgsrc/pkgsrc/x11/motif
*** Error code 1

Stop.
bmake: stopped in /boot/home/pkgsrc/pkgsrc/x11/motif
*** Error code 1

Stop.
bmake: stopped in /boot/home/pkgsrc/pkgsrc/cad/dinotrace
===> dinotrace-mode
=> Bootstrap dependency digest>=20010302: found digest-20121220
===> Installing dependencies for dinotrace-mode-9.4c
==========================================================================
The following variables will affect the build process of this package,
dinotrace-mode-9.4c.  Their current value is shown below:

        * EMACS_TYPE = emacs24

Based on these variables, the following variables have been set:

        * EMACS_BIN = /boot/home/pkg/bin/emacs
        * EMACS_ETCPREFIX = /boot/home/pkg/share
        * EMACS_FLAVOR = emacs
        * EMACS_INFOPREFIX = /boot/home/pkg/info
        * EMACS_LISPPREFIX = /boot/home/pkg/share/emacs/site-lisp
        * EMACS_PKGNAME_PREFIX (defined, but empty)
        * EMACS_VERSION_MAJOR = 24
        * EMACS_VERSION_MICRO (defined, but empty)
        * EMACS_VERSION_MINOR = 3

You may want to abort the process now with CTRL-C and change their value
before continuing.  Be sure to run `/boot/home/pkg/bin/bmake clean' after
the changes.
==========================================================================
=> Full dependency verilog-mode>=3.13: NOT found
=> Verifying reinstall for ../../cad/verilog-mode
=> Bootstrap dependency digest>=20010302: found digest-20121220
=> Fetching verilog-mode-3.60.tar.gz
=> Total size: 65202 bytes
  % Total    % Received % Xferd  Average Speed   Time    Time     Time  Current
                                 Dload  Upload   Total   Spent    Left  Speed
100 65202  100 65202    0     0   150k      0 --:--:-- --:--:-- --:--:--  187k
===> Installing dependencies for verilog-mode-3.60nb3
==========================================================================
The following variables will affect the build process of this package,
verilog-mode-3.60nb3.  Their current value is shown below:

        * EMACS_TYPE = emacs24

Based on these variables, the following variables have been set:

        * EMACS_BIN = /boot/home/pkg/bin/emacs
        * EMACS_ETCPREFIX = /boot/home/pkg/share
        * EMACS_FLAVOR = emacs
        * EMACS_INFOPREFIX = /boot/home/pkg/info
        * EMACS_LISPPREFIX = /boot/home/pkg/share/emacs/site-lisp
        * EMACS_PKGNAME_PREFIX (defined, but empty)
        * EMACS_VERSION_MAJOR = 24
        * EMACS_VERSION_MICRO (defined, but empty)
        * EMACS_VERSION_MINOR = 3

You may want to abort the process now with CTRL-C and change their value
before continuing.  Be sure to run `/boot/home/pkg/bin/bmake clean' after
the changes.
==========================================================================
=> Full dependency emacs24>=24.1<24.3.50: NOT found
=> Verifying reinstall for ../../editors/emacs24
=> Bootstrap dependency digest>=20010302: found digest-20121220
=> Fetching emacs-24.3.tar.gz
=> Total size: 52543898 bytes
  % Total    % Received % Xferd  Average Speed   Time    Time     Time  Current
                                 Dload  Upload   Total   Spent    Left  Speed
100 50.1M  100 50.1M    0     0   217k      0  0:03:56  0:03:56 --:--:--  313k
===> Installing dependencies for emacs24-24.3nb14
==========================================================================
The supported build options for emacs24 are:

        dbus gnutls gtk2 gtk3 motif nextstep svg x11
        xaw xft2 xml

The currently selected options are:

        dbus gtk3 svg x11 xft2

You can select which build options to use by setting PKG_DEFAULT_OPTIONS
or the following variable.  Its current value is shown:

        PKG_OPTIONS.emacs (not defined)

==========================================================================
==========================================================================
The following variables will affect the build process of this package,
emacs24-24.3nb14.  Their current value is shown below:

        * GAMEDATAMODE = 0644
        * JPEG_DEFAULT = jpeg
        * VARBASE = /boot/home/pkg/var

Based on these variables, the following variables have been set:

        * JPEGBASE (defined, but empty)
        * JPEG_TYPE = jpeg
        * TERMCAP_TYPE = c

You may want to abort the process now with CTRL-C and change their value
before continuing.  Be sure to run `/boot/home/pkg/bin/bmake clean' after
the changes.
==========================================================================
=> Tool dependency automake>=1.9: found automake-1.14.1nb1
=> Tool dependency autoconf>=2.58: found autoconf-2.69nb5
=> Tool dependency nbpatch-[0-9]*: found nbpatch-20100124
=> Tool dependency pkg-config>=0.25: found pkg-config-0.28
=> Build dependency renderproto>=0.9.3nb1: found renderproto-0.11.1
=> Build dependency kbproto>=1.0.2: found kbproto-1.0.6
=> Build dependency xproto>=7.0.13: found xproto-7.0.26
=> Build dependency xcb-proto>=1.4: found xcb-proto-1.11
=> Build dependency xextproto>=7.0.3: found xextproto-7.3.0
=> Build dependency inputproto>=2.3: found inputproto-2.3.1
=> Build dependency fixesproto>=3.0.0: found fixesproto-5.0
=> Build dependency randrproto>=1.4: found randrproto-1.4.0
=> Build dependency xineramaproto>=1.1.1: found xineramaproto-1.2.1
=> Build dependency compositeproto>=0.3.1: found compositeproto-0.4.2
=> Full dependency dbus>=0.91: found dbus-1.8.6
=> Full dependency librsvg>=2.40.1nb1: NOT found
=> Verifying reinstall for ../../graphics/librsvg
=> Bootstrap dependency digest>=20010302: found digest-20121220
=> Fetching librsvg-2.40.1.tar.xz
=> Total size: 505664 bytes
  % Total    % Received % Xferd  Average Speed   Time    Time     Time  Current
                                 Dload  Upload   Total   Spent    Left  Speed
100  493k  100  493k    0     0   191k      0  0:00:02  0:00:02 --:--:--  199k
===> Installing dependencies for librsvg-2.40.1nb1
=> Tool dependency libtool-base>=2.2.6bnb3: found libtool-base-2.4.2nb7
=> Tool dependency nbpatch-[0-9]*: found nbpatch-20100124
=> Tool dependency pkg-config>=0.25: found pkg-config-0.28
=> Build dependency renderproto>=0.9.3nb1: found renderproto-0.11.1
=> Build dependency kbproto>=1.0.2: found kbproto-1.0.6
=> Build dependency xproto>=7.0.9: found xproto-7.0.26
=> Build dependency xcb-proto>=1.4: found xcb-proto-1.11
=> Build dependency xextproto>=7.0: found xextproto-7.3.0
=> Build dependency inputproto>=1.4: found inputproto-2.3.1
=> Full dependency glib2>=2.34.0: NOT found
=> Verifying reinstall for ../../devel/glib2
=> Bootstrap dependency digest>=20010302: found digest-20121220
===> Building for glib2-2.38.2nb2
/bin/make  all-recursive
   ^
cc1: some warnings being treated as errors
make[4]: *** [libglib_2_0_la-gtimer.lo] Error 1
make[4]: Leaving directory `/boot/home/pkgsrc/pkgsrc/devel/glib2/work/glib-2.38.2/glib'
make[3]: *** [all-recursive] Error 1
make[3]: Leaving directory `/boot/home/pkgsrc/pkgsrc/devel/glib2/work/glib-2.38.2/glib'
make[2]: *** [all] Error 2
make[2]: Leaving directory `/boot/home/pkgsrc/pkgsrc/devel/glib2/work/glib-2.38.2/glib'
make[1]: *** [all-recursive] Error 1
make[1]: Leaving directory `/boot/home/pkgsrc/pkgsrc/devel/glib2/work/glib-2.38.2'
make: *** [all] Error 2
*** Error code 2

Stop.
bmake: stopped in /boot/home/pkgsrc/pkgsrc/devel/glib2
*** Error code 1

Stop.
bmake: stopped in /boot/home/pkgsrc/pkgsrc/devel/glib2
*** Error code 1

Stop.
bmake: stopped in /boot/home/pkgsrc/pkgsrc/graphics/librsvg
*** Error code 1

Stop.
bmake: stopped in /boot/home/pkgsrc/pkgsrc/editors/emacs24
*** Error code 1

Stop.
bmake: stopped in /boot/home/pkgsrc/pkgsrc/cad/verilog-mode
*** Error code 1

Stop.
bmake: stopped in /boot/home/pkgsrc/pkgsrc/cad/dinotrace-mode
===> diylc
=> Bootstrap dependency digest>=20010302: found digest-20121220
=> Fetching diylc-3.28.0.zip
=> Total size: 5034143 bytes
  % Total    % Received % Xferd  Average Speed   Time    Time     Time  Current
                                 Dload  Upload   Total   Spent    Left  Speed
100 4916k  100 4916k    0     0  1307k      0  0:00:03  0:00:03 --:--:-- 1336k
===> Installing dependencies for diylc-3.28.0
==========================================================================
The following variables will affect the build process of this package,
diylc-3.28.0.  Their current value is shown below:

        * PKG_JVM_DEFAULT (defined)

Based on these variables, the following variables have been set:

        * JAVA_BINPREFIX = /boot/home/pkg/bin/kaffe
        * PKG_JAVA_HOME = /boot/home/pkg/java/kaffe
        * PKG_JVM = kaffe

You may want to abort the process now with CTRL-C and change their value
before continuing.  Be sure to run `/boot/home/pkg/bin/bmake clean' after
the changes.
==========================================================================
=> Full dependency kaffe>=1.1.7: NOT found
=> Verifying reinstall for ../../lang/kaffe
=> Bootstrap dependency digest>=20010302: found digest-20121220
===> Configuring for kaffe-1.1.7nb8
cd /boot/home/pkgsrc/pkgsrc/lang/kaffe/work/kaffe-1.1.7 && autoconf
configure.ac:190: warning: AC_CACHE_VAL(cv_c_gcc_attribute_supported, ...): suspicious cache-id, must contain _cv_ to be cached
../../lib/autoconf/general.m4:2031: AC_CACHE_VAL is expanded from...
m4/gcc_attribute.m4:2: CACHED_TRY_COMPILE is expanded from...
m4/gcc_attribute.m4:17: GCC_ATTRIBUTE is expanded from...
m4/gcc_attribute.m4:28: GCC_ATTRIBUTE_SUPPORTED is expanded from...
m4/gcc_attribute.m4:104: GCC_ATTRIBUTE_ALWAYS_INLINE is expanded from...
configure.ac:190: the top level
configure.ac:190: warning: AC_CACHE_VAL(cv_c_gcc_attribute_always_inline, ...): suspicious cache-id, must contain _cv_ to be cached
../../lib/autoconf/general.m4:2031: AC_CACHE_VAL is expanded from...
m4/gcc_attribute.m4:2: CACHED_TRY_COMPILE is expanded from...
m4/gcc_attribute.m4:17: GCC_ATTRIBUTE is expanded from...
m4/gcc_attribute.m4:104: GCC_ATTRIBUTE_ALWAYS_INLINE is expanded from...
configure.ac:190: the top level
configure.ac:191: warning: AC_CACHE_VAL(cv_c_gcc_attribute_const, ...): suspicious cache-id, must contain _cv_ to be cached
../../lib/autoconf/general.m4:2031: AC_CACHE_VAL is expanded from...
m4/gcc_attribute.m4:2: CACHED_TRY_COMPILE is expanded from...
m4/gcc_attribute.m4:17: GCC_ATTRIBUTE is expanded from...
m4/gcc_attribute.m4:40: GCC_ATTRIBUTE_CONST is expanded from...
configure.ac:191: the top level
configure.ac:192: warning: AC_CACHE_VAL(cv_c_gcc_attribute_format, ...): suspicious cache-id, must contain _cv_ to be cached
../../lib/autoconf/general.m4:2031: AC_CACHE_VAL is expanded from...
m4/gcc_attribute.m4:2: CACHED_TRY_COMPILE is expanded from...
m4/gcc_attribute.m4:17: GCC_ATTRIBUTE is expanded from...
m4/gcc_attribute.m4:85: GCC_ATTRIBUTE_FORMAT is expanded from...
configure.ac:192: the top level
configure.ac:193: warning: AC_CACHE_VAL(cv_c_gcc_attribute_noreturn, ...): suspicious cache-id, must contain _cv_ to be cached
../../lib/autoconf/general.m4:2031: AC_CACHE_VAL is expanded from...
m4/gcc_attribute.m4:2: CACHED_TRY_COMPILE is expanded from...
m4/gcc_attribute.m4:17: GCC_ATTRIBUTE is expanded from...
m4/gcc_attribute.m4:55: GCC_ATTRIBUTE_NORETURN is expanded from...
configure.ac:193: the top level
configure.ac:194: warning: AC_CACHE_VAL(cv_c_gcc_attribute_packed, ...): suspicious cache-id, must contain _cv_ to be cached
../../lib/autoconf/general.m4:2031: AC_CACHE_VAL is expanded from...
m4/gcc_attribute.m4:2: CACHED_TRY_COMPILE is expanded from...
m4/gcc_attribute.m4:17: GCC_ATTRIBUTE is expanded from...
m4/gcc_attribute.m4:119: GCC_ATTRIBUTE_PACKED is expanded from...
configure.ac:194: the top level
configure.ac:195: warning: AC_CACHE_VAL(cv_c_gcc_attribute_unused, ...): suspicious cache-id, must contain _cv_ to be cached
../../lib/autoconf/general.m4:2031: AC_CACHE_VAL is expanded from...
m4/gcc_attribute.m4:2: CACHED_TRY_COMPILE is expanded from...
m4/gcc_attribute.m4:17: GCC_ATTRIBUTE is expanded from...
m4/gcc_attribute.m4:70: GCC_ATTRIBUTE_UNUSED is expanded from...
configure.ac:195: the top level
configure.ac:300: warning: AC_CACHE_VAL(lt_prog_compiler_pic_works, ...): suspicious cache-id, must contain _cv_ to be cached
../../lib/autoconf/general.m4:2031: AC_CACHE_VAL is expanded from...
../../lib/autoconf/general.m4:2052: AC_CACHE_CHECK is expanded from...
m4/libtool.m4:615: AC_LIBTOOL_COMPILER_OPTION is expanded from...
m4/libtool.m4:4815: AC_LIBTOOL_PROG_COMPILER_PIC is expanded from...
m4/libtool.m4:2651: _LT_AC_LANG_C_CONFIG is expanded from...
m4/libtool.m4:2650: AC_LIBTOOL_LANG_C_CONFIG is expanded from...
m4/libtool.m4:80: AC_LIBTOOL_SETUP is expanded from...
m4/libtool.m4:60: _AC_PROG_LIBTOOL is expanded from...
m4/libtool.m4:25: AC_PROG_LIBTOOL is expanded from...
configure.ac:300: the top level
configure.ac:300: warning: AC_CACHE_VAL(lt_prog_compiler_static_works, ...): suspicious cache-id, must contain _cv_ to be cached
../../lib/autoconf/general.m4:2031: AC_CACHE_VAL is expanded from...
../../lib/autoconf/general.m4:2052: AC_CACHE_CHECK is expanded from...
m4/libtool.m4:660: AC_LIBTOOL_LINKER_OPTION is expanded from...
m4/libtool.m4:4815: AC_LIBTOOL_PROG_COMPILER_PIC is expanded from...
m4/libtool.m4:2651: _LT_AC_LANG_C_CONFIG is expanded from...
m4/libtool.m4:2650: AC_LIBTOOL_LANG_C_CONFIG is expanded from...
m4/libtool.m4:80: AC_LIBTOOL_SETUP is expanded from...
m4/libtool.m4:60: _AC_PROG_LIBTOOL is expanded from...
m4/libtool.m4:25: AC_PROG_LIBTOOL is expanded from...
configure.ac:300: the top level
configure.ac:300: warning: AC_LANG_CONFTEST: no AC_LANG_SOURCE call detected in body
../../lib/autoconf/lang.m4:193: AC_LANG_CONFTEST is expanded from...
../../lib/autoconf/general.m4:2661: _AC_LINK_IFELSE is expanded from...
../../lib/autoconf/general.m4:2678: AC_LINK_IFELSE is expanded from...
m4/libtool.m4:289: _LT_AC_SYS_LIBPATH_AIX is expanded from...
m4/libtool.m4:5342: AC_LIBTOOL_PROG_LD_SHLIBS is expanded from...
m4/libtool.m4:2651: _LT_AC_LANG_C_CONFIG is expanded from...
m4/libtool.m4:2650: AC_LIBTOOL_LANG_C_CONFIG is expanded from...
m4/libtool.m4:80: AC_LIBTOOL_SETUP is expanded from...
m4/libtool.m4:60: _AC_PROG_LIBTOOL is expanded from...
m4/libtool.m4:25: AC_PROG_LIBTOOL is expanded from...
configure.ac:300: the top level
configure.ac:300: warning: AC_LANG_CONFTEST: no AC_LANG_SOURCE call detected in body
../../lib/autoconf/lang.m4:193: AC_LANG_CONFTEST is expanded from...
../../lib/autoconf/general.m4:2661: _AC_LINK_IFELSE is expanded from...
../../lib/autoconf/general.m4:2678: AC_LINK_IFELSE is expanded from...
m4/libtool.m4:289: _LT_AC_SYS_LIBPATH_AIX is expanded from...
m4/libtool.m4:2732: _LT_AC_LANG_CXX_CONFIG is expanded from...
m4/libtool.m4:2731: AC_LIBTOOL_LANG_CXX_CONFIG is expanded from...
m4/libtool.m4:1787: _LT_AC_TAGCONFIG is expanded from...
m4/libtool.m4:80: AC_LIBTOOL_SETUP is expanded from...
m4/libtool.m4:60: _AC_PROG_LIBTOOL is expanded from...
m4/libtool.m4:25: AC_PROG_LIBTOOL is expanded from...
configure.ac:300: the top level
configure.ac:300: warning: AC_CACHE_VAL(lt_prog_compiler_pic_works_CXX, ...): suspicious cache-id, must contain _cv_ to be cached
../../lib/autoconf/general.m4:2031: AC_CACHE_VAL is expanded from...
../../lib/autoconf/general.m4:2052: AC_CACHE_CHECK is expanded from...
m4/libtool.m4:615: AC_LIBTOOL_COMPILER_OPTION is expanded from...
m4/libtool.m4:4815: AC_LIBTOOL_PROG_COMPILER_PIC is expanded from...
m4/libtool.m4:2732: _LT_AC_LANG_CXX_CONFIG is expanded from...
m4/libtool.m4:2731: AC_LIBTOOL_LANG_CXX_CONFIG is expanded from...
m4/libtool.m4:1787: _LT_AC_TAGCONFIG is expanded from...
m4/libtool.m4:80: AC_LIBTOOL_SETUP is expanded from...
m4/libtool.m4:60: _AC_PROG_LIBTOOL is expanded from...
m4/libtool.m4:25: AC_PROG_LIBTOOL is expanded from...
configure.ac:300: the top level
configure.ac:300: warning: AC_CACHE_VAL(lt_prog_compiler_static_works_CXX, ...): suspicious cache-id, must contain _cv_ to be cached
../../lib/autoconf/general.m4:2031: AC_CACHE_VAL is expanded from...
../../lib/autoconf/general.m4:2052: AC_CACHE_CHECK is expanded from...
m4/libtool.m4:660: AC_LIBTOOL_LINKER_OPTION is expanded from...
m4/libtool.m4:4815: AC_LIBTOOL_PROG_COMPILER_PIC is expanded from...
m4/libtool.m4:2732: _LT_AC_LANG_CXX_CONFIG is expanded from...
m4/libtool.m4:2731: AC_LIBTOOL_LANG_CXX_CONFIG is expanded from...
m4/libtool.m4:1787: _LT_AC_TAGCONFIG is expanded from...
m4/libtool.m4:80: AC_LIBTOOL_SETUP is expanded from...
m4/libtool.m4:60: _AC_PROG_LIBTOOL is expanded from...
m4/libtool.m4:25: AC_PROG_LIBTOOL is expanded from...
configure.ac:300: the top level
configure.ac:300: warning: AC_CACHE_VAL(lt_prog_compiler_pic_works_F77, ...): suspicious cache-id, must contain _cv_ to be cached
../../lib/autoconf/general.m4:2031: AC_CACHE_VAL is expanded from...
../../lib/autoconf/general.m4:2052: AC_CACHE_CHECK is expanded from...
m4/libtool.m4:615: AC_LIBTOOL_COMPILER_OPTION is expanded from...
m4/libtool.m4:4815: AC_LIBTOOL_PROG_COMPILER_PIC is expanded from...
m4/libtool.m4:3899: _LT_AC_LANG_F77_CONFIG is expanded from...
m4/libtool.m4:3898: AC_LIBTOOL_LANG_F77_CONFIG is expanded from...
m4/libtool.m4:1787: _LT_AC_TAGCONFIG is expanded from...
m4/libtool.m4:80: AC_LIBTOOL_SETUP is expanded from...
m4/libtool.m4:60: _AC_PROG_LIBTOOL is expanded from...
m4/libtool.m4:25: AC_PROG_LIBTOOL is expanded from...
configure.ac:300: the top level
configure.ac:300: warning: AC_CACHE_VAL(lt_prog_compiler_static_works_F77, ...): suspicious cache-id, must contain _cv_ to be cached
../../lib/autoconf/general.m4:2031: AC_CACHE_VAL is expanded from...
../../lib/autoconf/general.m4:2052: AC_CACHE_CHECK is expanded from...
m4/libtool.m4:660: AC_LIBTOOL_LINKER_OPTION is expanded from...
m4/libtool.m4:4815: AC_LIBTOOL_PROG_COMPILER_PIC is expanded from...
m4/libtool.m4:3899: _LT_AC_LANG_F77_CONFIG is expanded from...
m4/libtool.m4:3898: AC_LIBTOOL_LANG_F77_CONFIG is expanded from...
m4/libtool.m4:1787: _LT_AC_TAGCONFIG is expanded from...
m4/libtool.m4:80: AC_LIBTOOL_SETUP is expanded from...
m4/libtool.m4:60: _AC_PROG_LIBTOOL is expanded from...
m4/libtool.m4:25: AC_PROG_LIBTOOL is expanded from...
configure.ac:300: the top level
configure.ac:300: warning: AC_CACHE_VAL(lt_prog_compiler_pic_works_GCJ, ...): suspicious cache-id, must contain _cv_ to be cached
../../lib/autoconf/general.m4:2031: AC_CACHE_VAL is expanded from...
../../lib/autoconf/general.m4:2052: AC_CACHE_CHECK is expanded from...
m4/libtool.m4:615: AC_LIBTOOL_COMPILER_OPTION is expanded from...
m4/libtool.m4:4815: AC_LIBTOOL_PROG_COMPILER_PIC is expanded from...
m4/libtool.m4:4001: _LT_AC_LANG_GCJ_CONFIG is expanded from...
m4/libtool.m4:4000: AC_LIBTOOL_LANG_GCJ_CONFIG is expanded from...
m4/libtool.m4:1787: _LT_AC_TAGCONFIG is expanded from...
m4/libtool.m4:80: AC_LIBTOOL_SETUP is expanded from...
m4/libtool.m4:60: _AC_PROG_LIBTOOL is expanded from...
m4/libtool.m4:25: AC_PROG_LIBTOOL is expanded from...
configure.ac:300: the top level
configure.ac:300: warning: AC_CACHE_VAL(lt_prog_compiler_static_works_GCJ, ...): suspicious cache-id, must contain _cv_ to be cached
=> Modifying GNU configure scripts to avoid --recheck
=> Replacing config-guess with pkgsrc versions
=> Replacing config-sub with pkgsrc versions
=> Replacing install-sh with pkgsrc version
checking for a BSD-compatible install... /bin/install -c -o user -g root
configure: error: Configuration i386-haiku not supported
*** Error code 1

Stop.
bmake: stopped in /boot/home/pkgsrc/pkgsrc/lang/kaffe
WARNING: *** Please consider adding c++ to USE_LANGUAGES in the package Makefile.
*** Error code 1

Stop.
bmake: stopped in /boot/home/pkgsrc/pkgsrc/lang/kaffe
*** Error code 1

Stop.
bmake: stopped in /boot/home/pkgsrc/pkgsrc/cad/diylc
===> eagle
ERROR: This package has set PKG_FAIL_REASON:
ERROR: eagle-4.16r2 is not available for Haiku-1-i386
*** Error code 1

Stop.
bmake: stopped in /boot/home/pkgsrc/pkgsrc/cad/eagle
===> electric
=> Bootstrap dependency digest>=20010302: found digest-20121220
=> Fetching electric-7.00.tar.gz
=> Total size: 4474722 bytes
  % Total    % Received % Xferd  Average Speed   Time    Time     Time  Current
                                 Dload  Upload   Total   Spent    Left  Speed
100 4369k  100 4369k    0     0   271k      0  0:00:16  0:00:16 --:--:--  304k
===> Installing dependencies for electric-7.00nb4
==========================================================================
The following variables will affect the build process of this package,
electric-7.00nb4.  Their current value is shown below:

        * JPEG_DEFAULT = jpeg
        * MOTIFBASE (defined)
        * MOTIF_TYPE = motif

Based on these variables, the following variables have been set:

        * JPEGBASE (defined, but empty)
        * JPEG_TYPE = jpeg

You may want to abort the process now with CTRL-C and change their value
before continuing.  Be sure to run `/boot/home/pkg/bin/bmake clean' after
the changes.
==========================================================================
=> Tool dependency nbpatch-[0-9]*: found nbpatch-20100124
=> Build dependency kbproto>=1.0.2: found kbproto-1.0.6
=> Build dependency xproto>=7.0.9: found xproto-7.0.26
=> Build dependency xcb-proto>=1.4: found xcb-proto-1.11
=> Build dependency xextproto>=7.0: found xextproto-7.3.0
=> Build dependency inputproto>=1.4: found inputproto-2.3.1
=> Build dependency renderproto>=0.9.3nb1: found renderproto-0.11.1
=> Build dependency xbitmaps>=1.0: found xbitmaps-1.1.1
=> Full dependency motif>=2.3.4nb6: NOT found
=> Verifying reinstall for ../../x11/motif
=> Bootstrap dependency digest>=20010302: found digest-20121220
===> Building for motif-2.3.4nb7
../../config/util/makestrs -f xmstring.list >XmStrDefs.c
runtime_loader: /boot/home/pkg/lib/libz.so.1.0.2: No version information available (required by /boot/home/pkg/lib/libpng16.so.16.12.0)
runtime_loader: /boot/home/pkg/lib/libpng16.so.16.12.0: Could not resolve symbol 'inflateReset2'
resolve symbol "inflateReset2" returned: -2147478780
runtime_loader: /boot/home/pkg/lib/libpng16.so.16.12.0: Troubles relocating: Symbol not found
make[2]: *** [XmStrDefs.h] Error 4
make[2]: Leaving directory `/boot/home/pkgsrc/pkgsrc/x11/motif/work/motif-2.3.4/lib/Xm'
make[1]: *** [all-recursive] Error 1
make[1]: Leaving directory `/boot/home/pkgsrc/pkgsrc/x11/motif/work/motif-2.3.4/lib'
make: *** [all-recursive] Error 1
*** Error code 2

Stop.
bmake: stopped in /boot/home/pkgsrc/pkgsrc/x11/motif
*** Error code 1

Stop.
bmake: stopped in /boot/home/pkgsrc/pkgsrc/x11/motif
*** Error code 1

Stop.
bmake: stopped in /boot/home/pkgsrc/pkgsrc/cad/electric
===> fastcap
=> Bootstrap dependency digest>=20010302: found digest-20121220
=> Fetching fastcap-2.0-18Sep92.tgz
=> Total size: 1392318 bytes
  % Total    % Received % Xferd  Average Speed   Time    Time     Time  Current
                                 Dload  Upload   Total   Spent    Left  Speed
100 1359k  100 1359k    0     0   471k      0  0:00:02  0:00:02 --:--:--  489k
===> Installing dependencies for fastcap-2.0.19920918nb2
=> Tool dependency bsdtar-[0-9]*: found bsdtar-2.8.4nb1
=> Tool dependency nbpatch-[0-9]*: found nbpatch-20100124
=> Build dependency dvipsk>=5.99: found dvipsk-5.993
=> Build dependency tex-amsfonts>=3.0: found tex-amsfonts-3.04
=> Build dependency tex-bibtex>=0.99c: NOT found
=> Verifying reinstall for ../../print/tex-bibtex
=> Bootstrap dependency digest>=20010302: found digest-20121220
=> Fetching bibtex.tar.xz
  % Total    % Received % Xferd  Average Speed   Time    Time     Time  Current
                                 Dload  Upload   Total   Spent    Left  Speed
100 12328  100 12328    0     0  23802      0 --:--:-- --:--:-- --:--:-- 27954
===> Installing dependencies for tex-bibtex-0.99dnb1
=> Tool dependency pax>=20040802: found pax-20080110nb2
=> Full dependency web2c>=2013: NOT found
=> Verifying reinstall for ../../print/web2c
=> Bootstrap dependency digest>=20010302: found digest-20121220
=> Fetching texlive-20130530-source.tar.xz
=> Total size: 179963948 bytes
  % Total    % Received % Xferd  Average Speed   Time    Time     Time  Current
                                 Dload  Upload   Total   Spent    Left  Speed
100  171M  100  171M    0     0   292k      0  0:10:00  0:10:00 --:--:--  294k
===> Installing dependencies for web2c-2013nb3
==========================================================================
The following variables will affect the build process of this package,
web2c-2013nb3.  Their current value is shown below:

        * JPEG_DEFAULT = jpeg

Based on these variables, the following variables have been set:

        * JPEGBASE (defined, but empty)
        * JPEG_TYPE = jpeg

You may want to abort the process now with CTRL-C and change their value
before continuing.  Be sure to run `/boot/home/pkg/bin/bmake clean' after
the changes.
==========================================================================
=> Tool dependency libtool-base>=2.2.6bnb3: found libtool-base-2.4.2nb7
=> Tool dependency flex>=2.5.4a: found flex-2.5.39
=> Tool dependency nbpatch-[0-9]*: found nbpatch-20100124
=> Tool dependency pkg-config>=0.25: found pkg-config-0.28
=> Tool dependency bison>=1.0: found bison-3.0.2nb1
=> Build dependency xcb-proto>=1.4: found xcb-proto-1.11
=> Build dependency xproto>=7.0.9: found xproto-7.0.26
=> Build dependency kbproto>=1.0.2: found kbproto-1.0.6
=> Build dependency xextproto>=7.0: found xextproto-7.3.0
=> Build dependency inputproto>=1.4: found inputproto-2.3.1
=> Build dependency renderproto>=0.9.3nb1: found renderproto-0.11.1
=> Build dependency poppler-includes>=0.26.0: found poppler-includes-0.26.1nb1
=> Build dependency flex>=2.5.4a: found flex-2.5.39
=> Full dependency kpathsea>=6.1.1: found kpathsea-6.1.1
=> Full dependency ptexenc>=1.3.1: found ptexenc-1.3.1
=> Full dependency cairo>=1.12.16nb2: NOT found
=> Verifying reinstall for ../../graphics/cairo
=> Bootstrap dependency digest>=20010302: found digest-20121220
=> Fetching cairo-1.12.16.tar.xz
=> Total size: 35889824 bytes
  % Total    % Received % Xferd  Average Speed   Time    Time     Time  Current
                                 Dload  Upload   Total   Spent    Left  Speed
100 34.2M  100 34.2M    0     0   360k      0  0:01:37  0:01:37 --:--:--  409k
===> Installing dependencies for cairo-1.12.16nb4
==========================================================================
The supported build options for cairo are:

        x11 xcb

The currently selected options are:

        x11 xcb

You can select which build options to use by setting PKG_DEFAULT_OPTIONS
or the following variable.  Its current value is shown:

        PKG_OPTIONS.cairo (not defined)

==========================================================================
=> Tool dependency libtool-base>=2.2.6bnb3: found libtool-base-2.4.2nb7
=> Tool dependency nbpatch-[0-9]*: found nbpatch-20100124
=> Tool dependency pkg-config>=0.25: found pkg-config-0.28
=> Build dependency kbproto>=1.0.2: found kbproto-1.0.6
=> Build dependency xproto>=7.0.9: found xproto-7.0.26
=> Build dependency xcb-proto>=1.4: found xcb-proto-1.11
=> Build dependency xextproto>=7.0: found xextproto-7.3.0
=> Build dependency inputproto>=1.4: found inputproto-2.3.1
=> Build dependency renderproto>=0.9.3nb1: found renderproto-0.11.1
=> Build dependency libXt>=1.0.0: found libXt-1.1.4
=> Full dependency MesaLib>=7.11.2: NOT found
=> Verifying reinstall for ../../graphics/MesaLib
=> Bootstrap dependency digest>=20010302: found digest-20121220
===> Extracting for MesaLib-7.11.2nb4
/bin/tar: Mesa-7.11.2/bin/minstall: Cannot hard link to `Mesa-7.11.2/bin/install-sh': Operation not supported
/bin/tar: Exiting with failure status due to previous errors
*** Error code 2

Stop.
bmake: stopped in /boot/home/pkgsrc/pkgsrc/graphics/MesaLib
*** Error code 1

Stop.
bmake: stopped in /boot/home/pkgsrc/pkgsrc/graphics/MesaLib
*** Error code 1

Stop.
bmake: stopped in /boot/home/pkgsrc/pkgsrc/graphics/cairo
*** Error code 1

Stop.
bmake: stopped in /boot/home/pkgsrc/pkgsrc/print/web2c
*** Error code 1

Stop.
bmake: stopped in /boot/home/pkgsrc/pkgsrc/print/tex-bibtex
*** Error code 1

Stop.
bmake: stopped in /boot/home/pkgsrc/pkgsrc/cad/fastcap
===> felt
=> Bootstrap dependency digest>=20010302: found digest-20121220
=> Fetching felt-3.05.ps.gz
=> Total size: 626985 bytes
  % Total    % Received % Xferd  Average Speed   Time    Time     Time  Current
                                 Dload  Upload   Total   Spent    Left  Speed
  0     0    0     0    0     0      0      0 --:--:-- --:--:-- --:--:--     0
  0     0    0     0    0     0      0      0 --:--:-- --:--:-- --:--:--     0
100  612k  100  612k    0     0   293k      0  0:00:02  0:00:02 --:--:--  769k
=> Fetching felt-3.05.src.tar.gz
=> Total size: 956901 bytes
  % Total    % Received % Xferd  Average Speed   Time    Time     Time  Current
                                 Dload  Upload   Total   Spent    Left  Speed
  0     0    0     0    0     0      0      0 --:--:-- --:--:-- --:--:--     0
  0     0    0     0    0     0      0      0 --:--:-- --:--:-- --:--:--     0
100  934k  100  934k    0     0   295k      0  0:00:03  0:00:03 --:--:--  445k
===> Installing dependencies for felt-3.05nb4
==========================================================================
The following variables will affect the build process of this package,
felt-3.05nb4.  Their current value is shown below:

        * XAW_TYPE = 3d

Based on these variables, the following variables have been set:

        * TERMCAP_TYPE = c

You may want to abort the process now with CTRL-C and change their value
before continuing.  Be sure to run `/boot/home/pkg/bin/bmake clean' after
the changes.
==========================================================================
=> Tool dependency nbpatch-[0-9]*: found nbpatch-20100124
=> Build dependency kbproto>=1.0.2: found kbproto-1.0.6
=> Build dependency xproto>=7.0.9: found xproto-7.0.26
=> Build dependency xcb-proto>=1.4: found xcb-proto-1.11
=> Build dependency xextproto>=7.0: found xextproto-7.3.0
=> Build dependency inputproto>=1.4: found inputproto-2.3.1
=> Full dependency Xaw3d>=1.5Enb1: found Xaw3d-1.5Enb4
===> Overriding tools for felt-3.05nb4
===> Extracting for felt-3.05nb4
/bin/zcat /boot/home/pkgsrc/pkgsrc/distfiles/felt-3.05.ps.gz > /boot/home/pkgsrc/pkgsrc/cad/felt/work/FElt-3.05/felt.ps
===> Patching for felt-3.05nb4
=> Applying pkgsrc patches for felt-3.05nb4
===> Creating toolchain wrappers for felt-3.05nb4
[ ! -h /boot/home/pkgsrc/pkgsrc/cad/felt/work/.buildlink/include/X11/Xaw ] &&  /bin/mkdir -p /boot/home/pkgsrc/pkgsrc/cad/felt/work/.buildlink/include/X11 &&  /bin/ln -s -s Xaw3d /boot/home/pkgsrc/pkgsrc/cad/felt/work/.buildlink/include/X11/Xaw
===> Configuring for felt-3.05nb4
===> Building for felt-3.05nb4
=> Adding Haiku lnetwork to libraries
INFO: [subst.mk:libs] Nothing changed in ./Makefile.
Making all in ./lib ...
/boot/home/pkgsrc/pkgsrc/cad/felt/work/.buildlink/lib/libXaw3d.a(laylex.o):(.data+0x0): multiple definition of `LayYYlineno'
../../lib/Widgets/libwidgets.a(laylex.o):(.data+0x5c4): first defined here
/boot/home/pkgsrc/pkgsrc/cad/felt/work/.buildlink/lib/libXaw3d.a(laylex.o): In function `LayYYlex':
laylex.c:(.text+0x80d): multiple definition of `LayYYlex'
../../lib/Widgets/libwidgets.a(laylex.o):laylex.c:(.text+0x0): first defined here
/boot/home/pkgsrc/pkgsrc/cad/felt/work/.buildlink/lib/libXaw3d.a(laylex.o): In function `LayYYsetsource':
laylex.c:(.text+0x129e): multiple definition of `LayYYsetsource'
../../lib/Widgets/libwidgets.a(laylex.o):laylex.c:(.text+0x2b4): first defined here
/boot/home/pkgsrc/pkgsrc/cad/felt/work/.buildlink/lib/libXaw3d.a(laylex.o): In function `LayYYerror':
laylex.c:(.text+0x12bd): multiple definition of `LayYYerror'
../../lib/Widgets/libwidgets.a(laylex.o):laylex.c:(.text+0x2d9): first defined here
collect2: error: ld returned 1 exit status
*** Error code 1

Stop.
make: stopped in /boot/home/pkgsrc/pkgsrc/cad/felt/work/FElt-3.05/src/Velvet
*** Error code 1

Stop.
make: stopped in /boot/home/pkgsrc/pkgsrc/cad/felt/work/FElt-3.05/src
*** Error code 1

Stop.
bmake: stopped in /boot/home/pkgsrc/pkgsrc/cad/felt/work/FElt-3.05
*** Error code 1

Stop.
bmake: stopped in /boot/home/pkgsrc/pkgsrc/cad/felt
*** Error code 1

Stop.
bmake: stopped in /boot/home/pkgsrc/pkgsrc/cad/felt
===> geda
=> Bootstrap dependency digest>=20010302: found digest-20121220
=> Fetching geda-gaf-1.8.2.tar.gz
=> Total size: 11282353 bytes
  % Total    % Received % Xferd  Average Speed   Time    Time     Time  Current
                                 Dload  Upload   Total   Spent    Left  Speed
100 10.7M  100 10.7M    0     0   552k      0  0:00:19  0:00:19 --:--:--  584k
===> Installing dependencies for geda-1.8.2nb4
==========================================================================
The following variables will affect the build process of this package,
geda-1.8.2nb4.  Their current value is shown below:

        * JPEG_DEFAULT = jpeg
        * PYTHON_VERSION_DEFAULT = 34

Based on these variables, the following variables have been set:

        * JPEGBASE (defined, but empty)
        * JPEG_TYPE = jpeg
        * PYPACKAGE = python34
        * TERMCAP_TYPE = c

You may want to abort the process now with CTRL-C and change their value
before continuing.  Be sure to run `/boot/home/pkg/bin/bmake clean' after
the changes.
==========================================================================
=> Tool dependency libtool-base>=2.2.6bnb3: found libtool-base-2.4.2nb7
=> Tool dependency flex>=2.5.4a: found flex-2.5.39
=> Tool dependency gettext-tools>=0.15: found gettext-tools-0.18.3.2
=> Tool dependency nbpatch-[0-9]*: found nbpatch-20100124
=> Tool dependency pkg-config>=0.25: found pkg-config-0.28
=> Build dependency renderproto>=0.9.3nb1: found renderproto-0.11.1
=> Build dependency kbproto>=1.0.2: found kbproto-1.0.6
=> Build dependency xproto>=7.0.13: found xproto-7.0.26
=> Build dependency xcb-proto>=1.4: found xcb-proto-1.11
=> Build dependency xextproto>=7.0.3: found xextproto-7.3.0
=> Build dependency inputproto>=2.3: found inputproto-2.3.1
=> Build dependency fixesproto>=3.0.0: found fixesproto-5.0
=> Build dependency randrproto>=1.4: found randrproto-1.4.0
=> Build dependency xineramaproto>=1.1.1: found xineramaproto-1.2.1
=> Build dependency compositeproto>=0.3.1: found compositeproto-0.4.2
=> Build dependency flex>=2.5.4a: found flex-2.5.39
=> Full dependency gettext-tools>=0.14.6: found gettext-tools-0.18.3.2
=> Full dependency perl>=5.0: found perl-5.20.0nb1
=> Full dependency python34>=3.4: found python34-3.4.1nb1
=> Full dependency shared-mime-info>=1.0nb1: NOT found
=> Verifying reinstall for ../../databases/shared-mime-info
=> Bootstrap dependency digest>=20010302: found digest-20121220
=> Fetching shared-mime-info-1.3.tar.xz
=> Total size: 517420 bytes
  % Total    % Received % Xferd  Average Speed   Time    Time     Time  Current
                                 Dload  Upload   Total   Spent    Left  Speed
100  505k  100  505k    0     0   415k      0  0:00:01  0:00:01 --:--:--  443k
===> Installing dependencies for shared-mime-info-1.3
=> Tool dependency libtool-base>=2.2.6bnb3: found libtool-base-2.4.2nb7
=> Tool dependency intltool>=0.40.0: found intltool-0.50.2nb3
=> Tool dependency gettext-tools>=0.15: found gettext-tools-0.18.3.2
=> Tool dependency nbpatch-[0-9]*: found nbpatch-20100124
=> Tool dependency perl>=5.0: found perl-5.20.0nb1
=> Tool dependency pkg-config>=0.25: found pkg-config-0.28
=> Full dependency glib2>=2.34.0: NOT found
=> Verifying reinstall for ../../devel/glib2
=> Bootstrap dependency digest>=20010302: found digest-20121220
===> Building for glib2-2.38.2nb2
/bin/make  all-recursive
Stop.
bmake: stopped in /boot/home/pkgsrc/pkgsrc/devel/glib2
*** Error code 1

Stop.
bmake: stopped in /boot/home/pkgsrc/pkgsrc/devel/glib2
*** Error code 1

Stop.
bmake: stopped in /boot/home/pkgsrc/pkgsrc/databases/shared-mime-info
*** Error code 1

Stop.
bmake: stopped in /boot/home/pkgsrc/pkgsrc/cad/geda
===> gerbv
=> Bootstrap dependency digest>=20010302: found digest-20121220
=> Fetching gerbv-2.5.0.tar.gz
=> Total size: 2295221 bytes
  % Total    % Received % Xferd  Average Speed   Time    Time     Time  Current
                                 Dload  Upload   Total   Spent    Left  Speed
  0     0    0     0    0     0      0      0 --:--:-- --:--:-- --:--:--     0
  0     0    0     0    0     0      0      0 --:--:-- --:--:-- --:--:--     0
100 2241k  100 2241k    0     0   798k      0  0:00:02  0:00:02 --:--:-- 1253k
===> Installing dependencies for gerbv-2.5.0nb14
=> Tool dependency libtool-base>=2.2.6bnb3: found libtool-base-2.4.2nb7
=> Tool dependency nbpatch-[0-9]*: found nbpatch-20100124
=> Tool dependency pkg-config>=0.25: found pkg-config-0.28
=> Build dependency xcb-proto>=1.4: found xcb-proto-1.11
=> Build dependency xproto>=7.0.13: found xproto-7.0.26
=> Build dependency kbproto>=1.0.2: found kbproto-1.0.6
=> Build dependency xextproto>=7.0.3: found xextproto-7.3.0
=> Build dependency inputproto>=2.3: found inputproto-2.3.1
=> Build dependency renderproto>=0.9.3nb1: found renderproto-0.11.1
=> Build dependency fixesproto>=3.0.0: found fixesproto-5.0
=> Build dependency randrproto>=1.4: found randrproto-1.4.0
=> Build dependency xineramaproto>=1.1.1: found xineramaproto-1.2.1
=> Build dependency compositeproto>=0.3.1: found compositeproto-0.4.2
=> Full dependency glib2>=2.34.0: NOT found
=> Verifying reinstall for ../../devel/glib2
=> Bootstrap dependency digest>=20010302: found digest-20121220
===> Building for glib2-2.38.2nb2
/bin/make  all-recursive
make[1]: Entering directory `/boot/home/pkgsrc/pkgsrc/devel/glib2/work/glib-2.38.2'
make: *** [all] Error 2
*** Error code 2

Stop.
bmake: stopped in /boot/home/pkgsrc/pkgsrc/devel/glib2
*** Error code 1

Stop.
bmake: stopped in /boot/home/pkgsrc/pkgsrc/devel/glib2
*** Error code 1

Stop.
bmake: stopped in /boot/home/pkgsrc/pkgsrc/cad/gerbv
===> ghdl
=> Bootstrap dependency digest>=20010302: found digest-20121220
=> Fetching gcc-core-4.3.4.tar.bz2
=> Total size: 24329359 bytes
  % Total    % Received % Xferd  Average Speed   Time    Time     Time  Current
                                 Dload  Upload   Total   Spent    Left  Speed
100 23.2M  100 23.2M    0     0  3008k      0  0:00:07  0:00:07 --:--:-- 3216k
=> Fetching ghdl-0.29.tar.bz2
=> Total size: 784389 bytes
  % Total    % Received % Xferd  Average Speed   Time    Time     Time  Current
                                 Dload  Upload   Total   Spent    Left  Speed
100  766k  100  766k    0     0   239k      0  0:00:03  0:00:03 --:--:--  258k
===> Installing dependencies for ghdl-0.29
=> Tool dependency gtexinfo>=5.1: found gtexinfo-5.2nb1
=> Tool dependency libtool-base>=2.2.6bnb3: found libtool-base-2.4.2nb7
=> Tool dependency nbpatch-[0-9]*: found nbpatch-20100124
=> Full dependency gmp>=5.0.1: found gmp-6.0.0a
=> Full dependency mpfr>=3.0.0.3: found mpfr-3.1.2
=> Full dependency gcc-aux>=20140422: NOT found
=> Verifying reinstall for ../../lang/gcc-aux
ERROR: This package is only available for these platforms: DragonFly-*-*         FreeBSD-*-i386        FreeBSD-*-x86_64      NetBSD-[5-9]*-i386    NetBSD-[5-9]*-x86_64  SunOS-5.1[1-9]*-i386  SunOS-5.1[1-9]*-x86_64.
ERROR: This package has set PKG_FAIL_REASON:
ERROR: gcc-aux-20140422nb3 is not available for Haiku-1-i386
*** Error code 1

Stop.
bmake: stopped in /boot/home/pkgsrc/pkgsrc/lang/gcc-aux
*** Error code 1

Stop.
bmake: stopped in /boot/home/pkgsrc/pkgsrc/cad/ghdl
===> gnetman
=> Bootstrap dependency digest>=20010302: found digest-20121220
=> Fetching gnetman-11Feb05.tar.gz
=> Total size: 725836 bytes
  % Total    % Received % Xferd  Average Speed   Time    Time     Time  Current
                                 Dload  Upload   Total   Spent    Left  Speed
  0     0    0     0    0     0      0      0 --:--:--  0:02:00 --:--:--     0
curl: (28) Operation too slow. Less than 1 bytes/sec transferred the last 120 seconds
fetch: Unable to fetch expected file gnetman-11Feb05.tar.gz
  % Total    % Received % Xferd  Average Speed   Time    Time     Time  Current
                                 Dload  Upload   Total   Spent    Left  Speed
100  708k  100  708k    0     0   104k      0  0:00:06  0:00:06 --:--:--  164k
===> Installing dependencies for gnetman-20050211nb6
=> Tool dependency nbpatch-[0-9]*: found nbpatch-20100124
=> Build dependency renderproto>=0.9.3nb1: found renderproto-0.11.1
=> Build dependency kbproto>=1.0.2: found kbproto-1.0.6
=> Build dependency xproto>=7.0.9: found xproto-7.0.26
=> Build dependency xcb-proto>=1.4: found xcb-proto-1.11
=> Full dependency tcl>=8.6.1nb1: found tcl-8.6.1nb3
=> Full dependency tk>=8.6.1: found tk-8.6.1nb2
===> Overriding tools for gnetman-20050211nb6
===> Extracting for gnetman-20050211nb6
/bin/rm /boot/home/pkgsrc/pkgsrc/cad/gnetman/work/gnetman-11Feb05/src/include/tcl.h
/bin/rm /boot/home/pkgsrc/pkgsrc/cad/gnetman/work/gnetman-11Feb05/src/include/tk.h
===> Patching for gnetman-20050211nb6
=> Applying pkgsrc patches for gnetman-20050211nb6
===> Creating toolchain wrappers for gnetman-20050211nb6
===> Configuring for gnetman-20050211nb6
=> Modifying GNU configure scripts to avoid --recheck
=> Replacing config-guess with pkgsrc versions
=> Replacing config-sub with pkgsrc versions
=> Replacing install-sh with pkgsrc version
=> Fixing locale directory references.
===> gnucap
=> Bootstrap dependency digest>=20010302: found digest-20121220
=> Fetching gnucap-2006-07-08.tar.gz
=> Total size: 1546670 bytes
  % Total    % Received % Xferd  Average Speed   Time    Time     Time  Current
                                 Dload  Upload   Total   Spent    Left  Speed
  0   343    0     0    0     0      0      0 --:--:-- --:--:-- --:--:--     0
  0     0    0     0    0     0      0      0 --:--:-- --:--:-- --:--:--     0
curl: (22) The requested URL returned error: 404 Not Found
fetch: Unable to fetch expected file gnucap-2006-07-08.tar.gz
  % Total    % Received % Xferd  Average Speed   Time    Time     Time  Current
                                 Dload  Upload   Total   Spent    Left  Speed
  0     0    0     0    0     0      0      0 --:--:-- --:--:-- --:--:--     0
curl: (22) The requested URL returned error: 404 Not Found
fetch: Unable to fetch expected file gnucap-2006-07-08.tar.gz
  % Total    % Received % Xferd  Average Speed   Time    Time     Time  Current
                                 Dload  Upload   Total   Spent    Left  Speed
100 1510k  100 1510k    0     0   162k      0  0:00:09  0:00:09 --:--:--  294k
===> Installing dependencies for gnucap-20060708nb2
=> Tool dependency nbpatch-[0-9]*: found nbpatch-20100124
=> Build dependency dvipdfmx>=20100328: NOT found
=> Verifying reinstall for ../../print/dvipdfmx
=> Bootstrap dependency digest>=20010302: found digest-20121220
===> Installing dependencies for dvipdfmx-20130405
=> Tool dependency nbpatch-[0-9]*: found nbpatch-20100124
=> Tool dependency pkg-config>=0.25: found pkg-config-0.28
=> Full dependency tex-dvipdfmx-[0-9]*: found tex-dvipdfmx-2013
=> Full dependency tex-pdftex-[0-9]*: NOT found
=> Verifying reinstall for ../../print/tex-pdftex
=> Bootstrap dependency digest>=20010302: found digest-20121220
=> Fetching pdftex.tar.xz
=> Total size: 121908 bytes
  % Total    % Received % Xferd  Average Speed   Time    Time     Time  Current
                                 Dload  Upload   Total   Spent    Left  Speed
100  119k  100  119k    0     0   213k      0 --:--:-- --:--:-- --:--:--  250k
===> Installing dependencies for tex-pdftex-1.40.11pl32132
=> Tool dependency pax>=20040802: found pax-20080110nb2
=> Full dependency tex-dvips-[0-9]*: found tex-dvips-2013
=> Full dependency tex-etex-[0-9]*: found tex-etex-2.1.31600
=> Full dependency tex-hyphen-base-[0-9]*: found tex-hyphen-base-2013
=> Full dependency tex-kpathsea-[0-9]*: found tex-kpathsea-2013
=> Full dependency tex-plain-[0-9]*: found tex-plain-3.141592653.26647
=> Full dependency web2c-[0-9]*: NOT found
=> Verifying reinstall for ../../print/web2c
=> Bootstrap dependency digest>=20010302: found digest-20121220
===> Installing dependencies for web2c-2013nb3
==========================================================================
The following variables will affect the build process of this package,
web2c-2013nb3.  Their current value is shown below:

        * JPEG_DEFAULT = jpeg

Based on these variables, the following variables have been set:

        * JPEGBASE (defined, but empty)
        * JPEG_TYPE = jpeg

You may want to abort the process now with CTRL-C and change their value
before continuing.  Be sure to run `/boot/home/pkg/bin/bmake clean' after
the changes.
==========================================================================
=> Tool dependency libtool-base>=2.2.6bnb3: found libtool-base-2.4.2nb7
=> Tool dependency flex>=2.5.4a: found flex-2.5.39
=> Tool dependency nbpatch-[0-9]*: found nbpatch-20100124
=> Tool dependency pkg-config>=0.25: found pkg-config-0.28
=> Tool dependency bison>=1.0: found bison-3.0.2nb1
=> Build dependency xcb-proto>=1.4: found xcb-proto-1.11
=> Build dependency xproto>=7.0.9: found xproto-7.0.26
=> Build dependency kbproto>=1.0.2: found kbproto-1.0.6
=> Build dependency xextproto>=7.0: found xextproto-7.3.0
=> Build dependency inputproto>=1.4: found inputproto-2.3.1
=> Build dependency renderproto>=0.9.3nb1: found renderproto-0.11.1
=> Build dependency poppler-includes>=0.26.0: found poppler-includes-0.26.1nb1
=> Build dependency flex>=2.5.4a: found flex-2.5.39
=> Full dependency kpathsea>=6.1.1: found kpathsea-6.1.1
=> Full dependency ptexenc>=1.3.1: found ptexenc-1.3.1
=> Full dependency cairo>=1.12.16nb2: NOT found
=> Verifying reinstall for ../../graphics/cairo
=> Bootstrap dependency digest>=20010302: found digest-20121220
===> Installing dependencies for cairo-1.12.16nb4
==========================================================================
The supported build options for cairo are:

        x11 xcb

The currently selected options are:

        x11 xcb

You can select which build options to use by setting PKG_DEFAULT_OPTIONS
or the following variable.  Its current value is shown:

        PKG_OPTIONS.cairo (not defined)

==========================================================================
=> Tool dependency libtool-base>=2.2.6bnb3: found libtool-base-2.4.2nb7
=> Tool dependency nbpatch-[0-9]*: found nbpatch-20100124
=> Tool dependency pkg-config>=0.25: found pkg-config-0.28
=> Build dependency kbproto>=1.0.2: found kbproto-1.0.6
=> Build dependency xproto>=7.0.9: found xproto-7.0.26
=> Build dependency xcb-proto>=1.4: found xcb-proto-1.11
=> Build dependency xextproto>=7.0: found xextproto-7.3.0
=> Build dependency inputproto>=1.4: found inputproto-2.3.1
=> Build dependency renderproto>=0.9.3nb1: found renderproto-0.11.1
=> Build dependency libXt>=1.0.0: found libXt-1.1.4
=> Full dependency MesaLib>=7.11.2: NOT found
=> Verifying reinstall for ../../graphics/MesaLib
=> Bootstrap dependency digest>=20010302: found digest-20121220
===> Extracting for MesaLib-7.11.2nb4
/bin/tar: Mesa-7.11.2/bin/minstall: Cannot hard link to `Mesa-7.11.2/bin/install-sh': Operation not supported
/bin/tar: Exiting with failure status due to previous errors
*** Error code 2

Stop.
bmake: stopped in /boot/home/pkgsrc/pkgsrc/graphics/MesaLib
*** Error code 1

Stop.
bmake: stopped in /boot/home/pkgsrc/pkgsrc/graphics/MesaLib
*** Error code 1

Stop.
bmake: stopped in /boot/home/pkgsrc/pkgsrc/graphics/cairo
*** Error code 1

Stop.
bmake: stopped in /boot/home/pkgsrc/pkgsrc/print/web2c
*** Error code 1

Stop.
bmake: stopped in /boot/home/pkgsrc/pkgsrc/print/tex-pdftex
*** Error code 1

Stop.
bmake: stopped in /boot/home/pkgsrc/pkgsrc/print/dvipdfmx
*** Error code 1

Stop.
bmake: stopped in /boot/home/pkgsrc/pkgsrc/cad/gnucap
===> gplcver
=> Bootstrap dependency digest>=20010302: found digest-20121220
===> Building for gplcver-2.12a
cc  -pipe -Wall -I../pli_incs -fno-strength-reduce -fomit-frame-pointer -O2 -o ../objs/v_src3.o -c v_src3.c
v_src3.c:46:21: fatal error: sys/dir.h: No such file or directory
 #include <sys/dir.h>
                     ^
compilation terminated.
*** Error code 1

Stop.
bmake: stopped in /boot/home/pkgsrc/pkgsrc/cad/gplcver/work/gplcver-2.12a.src/src
*** Error code 1

Stop.
bmake: stopped in /boot/home/pkgsrc/pkgsrc/cad/gplcver
*** Error code 1

Stop.
bmake: stopped in /boot/home/pkgsrc/pkgsrc/cad/gplcver
===> gsmc
=> Bootstrap dependency digest>=20010302: found digest-20121220
=> Fetching gsmc-1.1.tar.gz
=> Total size: 122714 bytes
  % Total    % Received % Xferd  Average Speed   Time    Time     Time  Current
                                 Dload  Upload   Total   Spent    Left  Speed
100  119k  100  119k    0     0   165k      0 --:--:-- --:--:-- --:--:--  234k
fetch: Size of the file gsmc-1.1.tar.gz doesn't match.
  % Total    % Received % Xferd  Average Speed   Time    Time     Time  Current
                                 Dload  Upload   Total   Spent    Left  Speed
100  119k  100  119k    0     0  28268      0  0:00:04  0:00:04 --:--:-- 31857
===> Installing dependencies for gsmc-1.1nb24
=> Tool dependency pkg-config>=0.25: found pkg-config-0.28
=> Build dependency renderproto>=0.9.3nb1: found renderproto-0.11.1
=> Build dependency kbproto>=1.0.2: found kbproto-1.0.6
=> Build dependency xproto>=7.0.13: found xproto-7.0.26
=> Build dependency xcb-proto>=1.4: found xcb-proto-1.11
=> Build dependency xextproto>=7.0.3: found xextproto-7.3.0
=> Build dependency inputproto>=2.3: found inputproto-2.3.1
=> Build dependency fixesproto>=3.0.0: found fixesproto-5.0
=> Build dependency randrproto>=1.4: found randrproto-1.4.0
=> Build dependency xineramaproto>=1.1.1: found xineramaproto-1.2.1
=> Build dependency compositeproto>=0.3.1: found compositeproto-0.4.2
=> Full dependency gtk2+>=2.24.22nb3: NOT found
=> Verifying reinstall for ../../x11/gtk2
=> Bootstrap dependency digest>=20010302: found digest-20121220
===> Installing dependencies for gtk2+-2.24.22nb5
==========================================================================
The supported build options for gtk2+ are:

        cups debug x11

The currently selected options are:

        x11

You can select which build options to use by setting PKG_DEFAULT_OPTIONS
or the following variable.  Its current value is shown:

        PKG_OPTIONS.gtk2 (not defined)

==========================================================================
==========================================================================
The following variables will affect the build process of this package,
gtk2+-2.24.22nb5.  Their current value is shown below:

        * PYTHON_VERSION_DEFAULT = 34

Based on these variables, the following variables have been set:

        * PYPACKAGE = python27

You may want to abort the process now with CTRL-C and change their value
before continuing.  Be sure to run `/boot/home/pkg/bin/bmake clean' after
the changes.
==========================================================================
=> Tool dependency libtool-base>=2.2.6bnb3: found libtool-base-2.4.2nb7
=> Tool dependency gettext-tools>=0.15: found gettext-tools-0.18.3.2
=> Tool dependency nbpatch-[0-9]*: found nbpatch-20100124
=> Tool dependency perl>=5.0: found perl-5.20.0nb1
=> Tool dependency pkg-config>=0.25: found pkg-config-0.28
=> Build dependency gobject-introspection>=1.34.0: NOT found
=> Verifying reinstall for ../../devel/gobject-introspection
=> Bootstrap dependency digest>=20010302: found digest-20121220
===> Installing dependencies for gobject-introspection-1.38.0nb2
==========================================================================
The following variables will affect the build process of this package,
gobject-introspection-1.38.0nb2.  Their current value is shown below:

        * PYTHON_VERSION_DEFAULT = 34

Based on these variables, the following variables have been set:

        * PYPACKAGE = python27

You may want to abort the process now with CTRL-C and change their value
before continuing.  Be sure to run `/boot/home/pkg/bin/bmake clean' after
the changes.
==========================================================================
=> Tool dependency libtool-base>=2.2.6bnb3: found libtool-base-2.4.2nb7
=> Tool dependency flex>=2.5.4a: found flex-2.5.39
=> Tool dependency nbpatch-[0-9]*: found nbpatch-20100124
=> Tool dependency pkg-config>=0.25: found pkg-config-0.28
=> Build dependency flex>=2.5.4a: found flex-2.5.39
=> Full dependency py27-cElementTree-[0-9]*: NOT found
=> Verifying reinstall for ../../textproc/py-cElementTree
=> Bootstrap dependency digest>=20010302: found digest-20121220
===> Building for py27-cElementTree-2.7.7
/bin/ld: unrecognized option '-specs=/boot/home/pkg/etc/specs'
/bin/ld: use the --help option for usage information
error: command 'ld' failed with exit status 1
*** Error code 1

Stop.
bmake: stopped in /boot/home/pkgsrc/pkgsrc/textproc/py-cElementTree
*** Error code 1

Stop.
bmake: stopped in /boot/home/pkgsrc/pkgsrc/textproc/py-cElementTree
*** Error code 1

Stop.
bmake: stopped in /boot/home/pkgsrc/pkgsrc/devel/gobject-introspection
*** Error code 1

Stop.
bmake: stopped in /boot/home/pkgsrc/pkgsrc/x11/gtk2
*** Error code 1

Stop.
bmake: stopped in /boot/home/pkgsrc/pkgsrc/cad/gsmc
===> gtk1-wcalc
=> Bootstrap dependency digest>=20010302: found digest-20121220
=> Fetching wcalc-1.0.tar.gz
=> Total size: 1363727 bytes
  % Total    % Received % Xferd  Average Speed   Time    Time     Time  Current
                                 Dload  Upload   Total   Spent    Left  Speed
  0     0    0     0    0     0      0      0 --:--:-- --:--:-- --:--:--     0
  0     0    0     0    0     0      0      0 --:--:-- --:--:-- --:--:--     0
100 1331k  100 1331k    0     0   322k      0  0:00:04  0:00:04 --:--:--  379k
===> Installing dependencies for gtk1-wcalc-1.0nb2
=> Tool dependency libtool-base>=2.2.6bnb3: found libtool-base-2.4.2nb7
=> Tool dependency nbpatch-[0-9]*: found nbpatch-20100124
=> Tool dependency pkg-config>=0.25: found pkg-config-0.28
=> Build dependency kbproto>=1.0.2: found kbproto-1.0.6
=> Build dependency xproto>=7.0.13: found xproto-7.0.26
=> Build dependency xcb-proto>=1.4: found xcb-proto-1.11
=> Build dependency xextproto>=7.0.3: found xextproto-7.3.0
=> Build dependency inputproto>=2.3: found inputproto-2.3.1
=> Build dependency fixesproto>=3.0.0: found fixesproto-5.0
=> Full dependency libwcalc-1.0*: found libwcalc-1.0nb2
=> Full dependency libwcalc>=1.0nb2: found libwcalc-1.0nb2
=> Full dependency gtk+>=1.2.10nb10: NOT found
=> Verifying reinstall for ../../x11/gtk
=> Bootstrap dependency digest>=20010302: found digest-20121220
===> Installing dependencies for gtk+-1.2.10nb13
=> Tool dependency libtool-base>=2.2.6bnb3: found libtool-base-2.4.2nb7
=> Tool dependency gettext-tools>=0.15: found gettext-tools-0.18.3.2
=> Tool dependency nbpatch-[0-9]*: found nbpatch-20100124
=> Tool dependency perl>=5.0: found perl-5.20.0nb1
=> Build dependency kbproto>=1.0.2: found kbproto-1.0.6
=> Build dependency xproto>=7.0.13: found xproto-7.0.26
=> Build dependency xcb-proto>=1.4: found xcb-proto-1.11
=> Build dependency xextproto>=7.0.3: found xextproto-7.3.0
=> Build dependency inputproto>=2.3: found inputproto-2.3.1
=> Build dependency fixesproto>=3.0.0: found fixesproto-5.0
=> Build dependency libXt>=1.0.0: found libXt-1.1.4
=> Full dependency glib>=1.2.10nb7: NOT found
=> Verifying reinstall for ../../devel/glib
=> Bootstrap dependency digest>=20010302: found digest-20121220
===> Building for glib-1.2.10nb10
/boot/home/pkg/bin/bmake  all-recursive
Making all in .
In file included from gstrfuncs.c:38:0:
/boot/home/pkg/include/string.h:35:15: note: expected 'const char *' but argument is of type 'guchar *'
 extern size_t strlen(const char *string);
               ^
*** Error code 1

Stop.
bmake: stopped in /boot/home/pkgsrc/pkgsrc/devel/glib/work/glib-1.2.10
*** Error code 1

Stop.
bmake: stopped in /boot/home/pkgsrc/pkgsrc/devel/glib/work/glib-1.2.10
*** Error code 1

Stop.
bmake: stopped in /boot/home/pkgsrc/pkgsrc/devel/glib/work/glib-1.2.10
*** Error code 1

Stop.
bmake: stopped in /boot/home/pkgsrc/pkgsrc/devel/glib
*** Error code 1

Stop.
bmake: stopped in /boot/home/pkgsrc/pkgsrc/devel/glib
*** Error code 1

Stop.
bmake: stopped in /boot/home/pkgsrc/pkgsrc/x11/gtk
*** Error code 1

Stop.
bmake: stopped in /boot/home/pkgsrc/pkgsrc/cad/gtk1-wcalc
===> gtk2-wcalc
=> Bootstrap dependency digest>=20010302: found digest-20121220
===> Installing dependencies for gtk2-wcalc-1.0nb23
=> Tool dependency libtool-base>=2.2.6bnb3: found libtool-base-2.4.2nb7
=> Tool dependency nbpatch-[0-9]*: found nbpatch-20100124
=> Tool dependency pkg-config>=0.25: found pkg-config-0.28
=> Build dependency renderproto>=0.9.3nb1: found renderproto-0.11.1
=> Build dependency kbproto>=1.0.2: found kbproto-1.0.6
=> Build dependency xproto>=7.0.13: found xproto-7.0.26
=> Build dependency xcb-proto>=1.4: found xcb-proto-1.11
=> Build dependency xextproto>=7.0.3: found xextproto-7.3.0
=> Build dependency inputproto>=2.3: found inputproto-2.3.1
=> Build dependency fixesproto>=3.0.0: found fixesproto-5.0
=> Build dependency randrproto>=1.4: found randrproto-1.4.0
=> Build dependency xineramaproto>=1.1.1: found xineramaproto-1.2.1
=> Build dependency compositeproto>=0.3.1: found compositeproto-0.4.2
=> Full dependency libwcalc-1.0*: found libwcalc-1.0nb2
=> Full dependency libwcalc>=1.0nb2: found libwcalc-1.0nb2
=> Full dependency gtk2+>=2.24.22nb3: NOT found
=> Verifying reinstall for ../../x11/gtk2
=> Bootstrap dependency digest>=20010302: found digest-20121220
===> Installing dependencies for gtk2+-2.24.22nb5
==========================================================================
The supported build options for gtk2+ are:

        cups debug x11

The currently selected options are:

        x11

You can select which build options to use by setting PKG_DEFAULT_OPTIONS
or the following variable.  Its current value is shown:

        PKG_OPTIONS.gtk2 (not defined)

==========================================================================
==========================================================================
The following variables will affect the build process of this package,
gtk2+-2.24.22nb5.  Their current value is shown below:

        * PYTHON_VERSION_DEFAULT = 34

Based on these variables, the following variables have been set:

        * PYPACKAGE = python27

You may want to abort the process now with CTRL-C and change their value
before continuing.  Be sure to run `/boot/home/pkg/bin/bmake clean' after
the changes.
==========================================================================
=> Tool dependency libtool-base>=2.2.6bnb3: found libtool-base-2.4.2nb7
=> Tool dependency gettext-tools>=0.15: found gettext-tools-0.18.3.2
=> Tool dependency nbpatch-[0-9]*: found nbpatch-20100124
=> Tool dependency perl>=5.0: found perl-5.20.0nb1
=> Tool dependency pkg-config>=0.25: found pkg-config-0.28
=> Build dependency gobject-introspection>=1.34.0: NOT found
=> Verifying reinstall for ../../devel/gobject-introspection
=> Bootstrap dependency digest>=20010302: found digest-20121220
===> Installing dependencies for gobject-introspection-1.38.0nb2
==========================================================================
The following variables will affect the build process of this package,
gobject-introspection-1.38.0nb2.  Their current value is shown below:

        * PYTHON_VERSION_DEFAULT = 34

Based on these variables, the following variables have been set:

        * PYPACKAGE = python27

You may want to abort the process now with CTRL-C and change their value
before continuing.  Be sure to run `/boot/home/pkg/bin/bmake clean' after
the changes.
==========================================================================
=> Tool dependency libtool-base>=2.2.6bnb3: found libtool-base-2.4.2nb7
=> Tool dependency flex>=2.5.4a: found flex-2.5.39
=> Tool dependency nbpatch-[0-9]*: found nbpatch-20100124
=> Tool dependency pkg-config>=0.25: found pkg-config-0.28
=> Build dependency flex>=2.5.4a: found flex-2.5.39
=> Full dependency py27-cElementTree-[0-9]*: NOT found
=> Verifying reinstall for ../../textproc/py-cElementTree
=> Bootstrap dependency digest>=20010302: found digest-20121220
===> Building for py27-cElementTree-2.7.7
error: command 'ld' failed with exit status 1
*** Error code 1

Stop.
bmake: stopped in /boot/home/pkgsrc/pkgsrc/textproc/py-cElementTree
*** Error code 1

Stop.
bmake: stopped in /boot/home/pkgsrc/pkgsrc/textproc/py-cElementTree
*** Error code 1

Stop.
bmake: stopped in /boot/home/pkgsrc/pkgsrc/devel/gobject-introspection
*** Error code 1

Stop.
bmake: stopped in /boot/home/pkgsrc/pkgsrc/x11/gtk2
*** Error code 1

Stop.
bmake: stopped in /boot/home/pkgsrc/pkgsrc/cad/gtk2-wcalc
===> gtkwave
=> Bootstrap dependency digest>=20010302: found digest-20121220
=> Fetching gtkwave-3.3.60.tar.gz
=> Total size: 4076683 bytes
  % Total    % Received % Xferd  Average Speed   Time    Time     Time  Current
                                 Dload  Upload   Total   Spent    Left  Speed
  0     0    0     0    0     0      0      0 --:--:-- --:--:-- --:--:--     0
  0     0    0     0    0     0      0      0 --:--:-- --:--:-- --:--:--     0
100 3981k  100 3981k    0     0   313k      0  0:00:12  0:00:12 --:--:--  339k
===> Installing dependencies for gtkwave-3.3.60
==========================================================================
The supported build options for gtkwave are:

        gtkwave-tcl

You can select which build options to use by setting PKG_DEFAULT_OPTIONS
or the following variable.  Its current value is shown:

        PKG_OPTIONS.gtkwave (not defined)

==========================================================================
=> Tool dependency nbpatch-[0-9]*: found nbpatch-20100124
=> Tool dependency perl>=5.0: found perl-5.20.0nb1
=> Tool dependency pkg-config>=0.25: found pkg-config-0.28
=> Build dependency gperf-[0-9]*: found gperf-3.0.4
=> Build dependency renderproto>=0.9.3nb1: found renderproto-0.11.1
=> Build dependency kbproto>=1.0.2: found kbproto-1.0.6
=> Build dependency xproto>=7.0.13: found xproto-7.0.26
=> Build dependency xcb-proto>=1.4: found xcb-proto-1.11
=> Build dependency xextproto>=7.0.3: found xextproto-7.3.0
=> Build dependency inputproto>=2.3: found inputproto-2.3.1
=> Build dependency fixesproto>=3.0.0: found fixesproto-5.0
=> Build dependency randrproto>=1.4: found randrproto-1.4.0
=> Build dependency xineramaproto>=1.1.1: found xineramaproto-1.2.1
=> Build dependency compositeproto>=0.3.1: found compositeproto-0.4.2
=> Full dependency bzip2>=1.0.3: found bzip2-1.0.6nb1
=> Full dependency libxml2>=2.8.0nb2: found libxml2-2.9.1nb2
=> Full dependency gtk2+>=2.24.22nb3: NOT found
=> Verifying reinstall for ../../x11/gtk2
=> Bootstrap dependency digest>=20010302: found digest-20121220
===> Installing dependencies for gtk2+-2.24.22nb5
==========================================================================
The supported build options for gtk2+ are:

        cups debug x11

The currently selected options are:

        x11

You can select which build options to use by setting PKG_DEFAULT_OPTIONS
or the following variable.  Its current value is shown:

        PKG_OPTIONS.gtk2 (not defined)

==========================================================================
==========================================================================
The following variables will affect the build process of this package,
gtk2+-2.24.22nb5.  Their current value is shown below:

        * PYTHON_VERSION_DEFAULT = 34

Based on these variables, the following variables have been set:

        * PYPACKAGE = python27

You may want to abort the process now with CTRL-C and change their value
before continuing.  Be sure to run `/boot/home/pkg/bin/bmake clean' after
the changes.
==========================================================================
=> Tool dependency libtool-base>=2.2.6bnb3: found libtool-base-2.4.2nb7
=> Tool dependency gettext-tools>=0.15: found gettext-tools-0.18.3.2
=> Tool dependency nbpatch-[0-9]*: found nbpatch-20100124
=> Tool dependency perl>=5.0: found perl-5.20.0nb1
=> Tool dependency pkg-config>=0.25: found pkg-config-0.28
=> Build dependency gobject-introspection>=1.34.0: NOT found
=> Verifying reinstall for ../../devel/gobject-introspection
=> Bootstrap dependency digest>=20010302: found digest-20121220
===> Installing dependencies for gobject-introspection-1.38.0nb2
==========================================================================
The following variables will affect the build process of this package,
gobject-introspection-1.38.0nb2.  Their current value is shown below:

        * PYTHON_VERSION_DEFAULT = 34

Based on these variables, the following variables have been set:

        * PYPACKAGE = python27

You may want to abort the process now with CTRL-C and change their value
before continuing.  Be sure to run `/boot/home/pkg/bin/bmake clean' after
the changes.
==========================================================================
=> Tool dependency libtool-base>=2.2.6bnb3: found libtool-base-2.4.2nb7
=> Tool dependency flex>=2.5.4a: found flex-2.5.39
=> Tool dependency nbpatch-[0-9]*: found nbpatch-20100124
=> Tool dependency pkg-config>=0.25: found pkg-config-0.28
=> Build dependency flex>=2.5.4a: found flex-2.5.39
=> Full dependency py27-cElementTree-[0-9]*: NOT found
/bin/ld: unrecognized option '-specs=/boot/home/pkg/etc/specs'
/bin/ld: use the --help option for usage information
error: command 'ld' failed with exit status 1
*** Error code 1

Stop.
bmake: stopped in /boot/home/pkgsrc/pkgsrc/textproc/py-cElementTree
*** Error code 1

Stop.
bmake: stopped in /boot/home/pkgsrc/pkgsrc/textproc/py-cElementTree
*** Error code 1

Stop.
bmake: stopped in /boot/home/pkgsrc/pkgsrc/devel/gobject-introspection
*** Error code 1

Stop.
bmake: stopped in /boot/home/pkgsrc/pkgsrc/x11/gtk2
*** Error code 1

Stop.
bmake: stopped in /boot/home/pkgsrc/pkgsrc/cad/gtkwave
===> gwave
=> Bootstrap dependency digest>=20010302: found digest-20121220
=> Fetching gwave2-20090213.tar.gz
=> Total size: 403957 bytes
  % Total    % Received % Xferd  Average Speed   Time    Time     Time  Current
                                 Dload  Upload   Total   Spent    Left  Speed
  0     0    0     0    0     0      0      0 --:--:-- --:--:-- --:--:--     0
  0     0    0     0    0     0      0      0 --:--:-- --:--:-- --:--:--     0
100  394k  100  394k    0     0   176k      0  0:00:02  0:00:02 --:--:--  364k
===> Installing dependencies for gwave-20090213nb17
=> Tool dependency libtool-base>=2.2.6bnb3: found libtool-base-2.4.2nb7
=> Tool dependency nbpatch-[0-9]*: found nbpatch-20100124
=> Tool dependency perl>=5.0: found perl-5.20.0nb1
=> Tool dependency pkg-config>=0.25: found pkg-config-0.28
=> Build dependency kbproto>=1.0.2: found kbproto-1.0.6
=> Build dependency xproto>=7.0.13: found xproto-7.0.26
=> Build dependency xcb-proto>=1.4: found xcb-proto-1.11
=> Build dependency xextproto>=7.0.3: found xextproto-7.3.0
=> Build dependency inputproto>=2.3: found inputproto-2.3.1
=> Build dependency renderproto>=0.9.3nb1: found renderproto-0.11.1
=> Build dependency fixesproto>=3.0.0: found fixesproto-5.0
=> Build dependency randrproto>=1.4: found randrproto-1.4.0
=> Build dependency xineramaproto>=1.1.1: found xineramaproto-1.2.1
=> Build dependency compositeproto>=0.3.1: found compositeproto-0.4.2
=> Full dependency guile-gnome-platform>=2.16.1nb19: NOT found
=> Verifying reinstall for ../../devel/guile-gnome
=> Bootstrap dependency digest>=20010302: found digest-20121220
=> Fetching guile-gnome-platform-2.16.1.tar.gz
=> Total size: 3494333 bytes
  % Total    % Received % Xferd  Average Speed   Time    Time     Time  Current
                                 Dload  Upload   Total   Spent    Left  Speed
100 3412k  100 3412k    0     0   551k      0  0:00:06  0:00:06 --:--:--  654k
===> Installing dependencies for guile-gnome-platform-2.16.1nb33
==========================================================================
The following variables will affect the build process of this package,
guile-gnome-platform-2.16.1nb33.  Their current value is shown below:

        * SSLBASE (defined)
        * SSLCERTS = /boot/home/pkg/etc/openssl/certs
        * SSLDIR = /boot/home/pkg/etc/openssl
        * SSLKEYS = /boot/home/pkg/etc/openssl/private

Based on these variables, the following variables have been set:

        * TERMCAP_TYPE = c

You may want to abort the process now with CTRL-C and change their value
before continuing.  Be sure to run `/boot/home/pkg/bin/bmake clean' after
the changes.
==========================================================================
=> Tool dependency libtool-base>=2.2.6bnb3: found libtool-base-2.4.2nb7
=> Tool dependency nbpatch-[0-9]*: found nbpatch-20100124
=> Tool dependency pkg-config>=0.25: found pkg-config-0.28
=> Build dependency renderproto>=0.9.3nb1: found renderproto-0.11.1
=> Build dependency kbproto>=1.0.2: found kbproto-1.0.6
=> Build dependency xproto>=7.0.13: found xproto-7.0.26
=> Build dependency xcb-proto>=1.4: found xcb-proto-1.11
=> Build dependency xextproto>=7.0.3: found xextproto-7.3.0
=> Build dependency inputproto>=2.3: found inputproto-2.3.1
=> Build dependency fixesproto>=3.0.0: found fixesproto-5.0
=> Build dependency randrproto>=1.4: found randrproto-1.4.0
=> Build dependency xineramaproto>=1.1.1: found xineramaproto-1.2.1
=> Build dependency compositeproto>=0.3.1: found compositeproto-0.4.2
=> Full dependency guile-slib>=2.4.2: NOT found
=> Verifying reinstall for ../../devel/guile-slib
===> Installing dependencies for guile-slib-3.2.2nb2
=> Full dependency slib>=3.2.2: found slib-3.2.4
=> Full dependency guile>=1.8.7nb2: NOT found
=> Verifying reinstall for ../../lang/guile
=> Bootstrap dependency digest>=20010302: found digest-20121220
=> Fetching guile-1.8.8.tar.gz
=> Total size: 3956654 bytes
  % Total    % Received % Xferd  Average Speed   Time    Time     Time  Current
                                 Dload  Upload   Total   Spent    Left  Speed
100 3863k  100 3863k    0     0   245k      0  0:00:15  0:00:15 --:--:--  330k
===> Installing dependencies for guile-1.8.8nb6
=> Tool dependency libtool-base>=2.2.6bnb3: found libtool-base-2.4.2nb7
=> Tool dependency nbpatch-[0-9]*: found nbpatch-20100124
=> Full dependency gmp>=5.0.1: found gmp-6.0.0a
=> Full dependency libltdl>=2.4.2: found libltdl-2.4.2
===> Overriding tools for guile-1.8.8nb6
===> Extracting for guile-1.8.8nb6
===> Patching for guile-1.8.8nb6
=> Applying pkgsrc patches for guile-1.8.8nb6
/bin/touch /boot/home/pkgsrc/pkgsrc/lang/guile/work/guile-1.8.8/libguile/scmconfig.h
echo "(define-module (ice-9 slib))" > /boot/home/pkgsrc/pkgsrc/lang/guile/work/guile-1.8.8/ice-9/slib.scm
echo "(load-from-path \"slib/guile.init\")" >> /boot/home/pkgsrc/pkgsrc/lang/guile/work/guile-1.8.8/ice-9/slib.scm
===> Creating toolchain wrappers for guile-1.8.8nb6
===> Configuring for guile-1.8.8nb6
=> Modifying GNU configure scripts to avoid --recheck
=> Replacing config-guess with pkgsrc versions
=> Replacing config-sub with pkgsrc versions
=> Replacing install-sh with pkgsrc version
=> Adding run-time search paths to pkg-config files.
config.status: executing po-directories commands
=== configuring in guile-readline (/boot/home/pkgsrc/pkgsrc/lang/guile/work/guile-1.8.8/guile-readline)
configure: running /bin/sh ./configure --disable-option-checking '--prefix=/boot/home/pkg'  '--disable-error-on-warning' 'PKG_CONFIG_PATH=/boot/home/pkg/lib/pkgconfig' '--enable-shared' '--build=i386-pc-haiku' '--host=i386-pc-haiku' '--infodir=/boot/home/pkg/info' '--mandir=/boot/home/pkg/man' 'build_alias=i386-pc-haiku' 'host_alias=i386-pc-haiku' 'CC=gcc' 'CFLAGS=-Wno-error -specs=/boot/home/pkg/etc/specs -pthread -I/boot/home/pkg/include' 'LDFLAGS=-L/boot/system/develop/lib -lnetwork -Wl,-R/boot/system/develop/lib -L/boot/home/pkg/lib -Wl,-R/boot/home/pkg/lib -pthread -L/boot/system/lib -Wl,-R/boot/system/lib' 'LIBS=' 'CPPFLAGS=-I/boot/home/pkg/include' --cache-file=/dev/null --srcdir=.
make[1]: *** [all-recursive] Error 1
make[1]: Leaving directory `/boot/home/pkgsrc/pkgsrc/lang/guile/work/guile-1.8.8'
make: *** [all] Error 2
*** Error code 2

Stop.
bmake: stopped in /boot/home/pkgsrc/pkgsrc/lang/guile
*** Error code 1

Stop.
bmake: stopped in /boot/home/pkgsrc/pkgsrc/lang/guile
*** Error code 1

Stop.
bmake: stopped in /boot/home/pkgsrc/pkgsrc/devel/guile-slib
*** Error code 1

Stop.
bmake: stopped in /boot/home/pkgsrc/pkgsrc/devel/guile-gnome
*** Error code 1

Stop.
bmake: stopped in /boot/home/pkgsrc/pkgsrc/cad/gwave
===> kicad
=> Bootstrap dependency digest>=20010302: found digest-20121220
=> Fetching kicad-stable-20140214.tar.gz
=> Total size: 13856340 bytes
  % Total    % Received % Xferd  Average Speed   Time    Time     Time  Current
                                 Dload  Upload   Total   Spent    Left  Speed
100 13.2M  100 13.2M    0     0   257k      0  0:00:52  0:00:52 --:--:--  344k
===> Installing dependencies for kicad-20140214nb1
==========================================================================
The following variables will affect the build process of this package,
kicad-20140214nb1.  Their current value is shown below:

        * JPEG_DEFAULT = jpeg

Based on these variables, the following variables have been set:

        * JPEGBASE (defined, but empty)
        * JPEG_TYPE = jpeg

You may want to abort the process now with CTRL-C and change their value
before continuing.  Be sure to run `/boot/home/pkg/bin/bmake clean' after
the changes.
==========================================================================
=> Tool dependency cmake>=2.8.1nb1: NOT found
=> Verifying reinstall for ../../devel/cmake
=> Bootstrap dependency digest>=20010302: found digest-20121220
===> Configuring for cmake-2.8.12.2nb3
/bin/rm -f /boot/home/pkgsrc/pkgsrc/devel/cmake/work/cmake-2.8.12.2/Modules/*.orig /boot/home/pkgsrc/pkgsrc/devel/cmake/work/cmake-2.8.12.2/Modules/Platform/*.orig
/bin/ln -s -f /boot/home/pkgsrc/pkgsrc/devel/cmake/work/cmake-2.8.12.2/Modules/Platform/OpenBSD.cmake /boot/home/pkgsrc/pkgsrc/devel/cmake/work/cmake-2.8.12.2/Modules/Platform/MirBSD.cmake
Unknown option: PKG_CONFIG_PATH=/boot/home/pkg/lib/pkgconfig
*** Error code 1

Stop.
bmake: stopped in /boot/home/pkgsrc/pkgsrc/devel/cmake
*** Error code 1

Stop.
bmake: stopped in /boot/home/pkgsrc/pkgsrc/devel/cmake
*** Error code 1

Stop.
bmake: stopped in /boot/home/pkgsrc/pkgsrc/cad/kicad
===> kicad-doc
=> Bootstrap dependency digest>=20010302: found digest-20121220
=> Fetching kicad-doc-20140214.tar.gz
=> Total size: 148427187 bytes
  % Total    % Received % Xferd  Average Speed   Time    Time     Time  Current
                                 Dload  Upload   Total   Spent    Left  Speed
100  141M  100  141M    0     0   333k      0  0:07:14  0:07:14 --:--:--  348k
===> Installing dependencies for kicad-doc-20140214
=> Tool dependency cmake>=2.8.1nb1: NOT found
=> Verifying reinstall for ../../devel/cmake
=> Bootstrap dependency digest>=20010302: found digest-20121220
===> Configuring for cmake-2.8.12.2nb3
/bin/rm -f /boot/home/pkgsrc/pkgsrc/devel/cmake/work/cmake-2.8.12.2/Modules/*.orig /boot/home/pkgsrc/pkgsrc/devel/cmake/work/cmake-2.8.12.2/Modules/Platform/*.orig
/bin/ln -s -f /boot/home/pkgsrc/pkgsrc/devel/cmake/work/cmake-2.8.12.2/Modules/Platform/OpenBSD.cmake /boot/home/pkgsrc/pkgsrc/devel/cmake/work/cmake-2.8.12.2/Modules/Platform/MirBSD.cmake
Unknown option: PKG_CONFIG_PATH=/boot/home/pkg/lib/pkgconfig
*** Error code 1

Stop.
bmake: stopped in /boot/home/pkgsrc/pkgsrc/devel/cmake
*** Error code 1

Stop.
bmake: stopped in /boot/home/pkgsrc/pkgsrc/devel/cmake
*** Error code 1

Stop.
bmake: stopped in /boot/home/pkgsrc/pkgsrc/cad/kicad-doc
===> kicad-lib
=> Bootstrap dependency digest>=20010302: found digest-20121220
=> Fetching kicad-lib-20140214.tar.gz
=> Total size: 48623882 bytes
  % Total    % Received % Xferd  Average Speed   Time    Time     Time  Current
                                 Dload  Upload   Total   Spent    Left  Speed
100 46.3M  100 46.3M    0     0   142k      0  0:05:33  0:05:33 --:--:--  330k
===> Installing dependencies for kicad-lib-20140214
=> Tool dependency cmake>=2.8.1nb1: NOT found
=> Verifying reinstall for ../../devel/cmake
=> Bootstrap dependency digest>=20010302: found digest-20121220
===> Configuring for cmake-2.8.12.2nb3
/bin/rm -f /boot/home/pkgsrc/pkgsrc/devel/cmake/work/cmake-2.8.12.2/Modules/*.orig /boot/home/pkgsrc/pkgsrc/devel/cmake/work/cmake-2.8.12.2/Modules/Platform/*.orig
/bin/ln -s -f /boot/home/pkgsrc/pkgsrc/devel/cmake/work/cmake-2.8.12.2/Modules/Platform/OpenBSD.cmake /boot/home/pkgsrc/pkgsrc/devel/cmake/work/cmake-2.8.12.2/Modules/Platform/MirBSD.cmake
Unknown option: PKG_CONFIG_PATH=/boot/home/pkg/lib/pkgconfig
*** Error code 1

Stop.
bmake: stopped in /boot/home/pkgsrc/pkgsrc/devel/cmake
*** Error code 1

Stop.
bmake: stopped in /boot/home/pkgsrc/pkgsrc/devel/cmake
*** Error code 1

Stop.
bmake: stopped in /boot/home/pkgsrc/pkgsrc/cad/kicad-lib
===> lc
ERROR: This package has set PKG_FAIL_REASON:
ERROR: lc-2.10nb4 is not available for Haiku-1-i386
*** Error code 1

Stop.
bmake: stopped in /boot/home/pkgsrc/pkgsrc/cad/lc
===> librecad
=> Bootstrap dependency digest>=20010302: found digest-20121220
=> Fetching LibreCAD-LibreCAD-v1.0.2-0-ga6826ad.tar.gz
=> Total size: 4577653 bytes
  % Total    % Received % Xferd  Average Speed   Time    Time     Time  Current
                                 Dload  Upload   Total   Spent    Left  Speed
  0     0    0     0    0     0      0      0 --:--:--  0:02:00 --:--:--     0
curl: (28) Operation too slow. Less than 1 bytes/sec transferred the last 120 seconds
fetch: Unable to fetch expected file LibreCAD-LibreCAD-v1.0.2-0-ga6826ad.tar.gz
  % Total    % Received % Xferd  Average Speed   Time    Time     Time  Current
                                 Dload  Upload   Total   Spent    Left  Speed
  0     0    0     0    0     0      0      0 --:--:--  0:00:03 --:--:--     0
curl: (78) RETR response: 550
fetch: Unable to fetch expected file LibreCAD-LibreCAD-v1.0.2-0-ga6826ad.tar.gz
  % Total    % Received % Xferd  Average Speed   Time    Time     Time  Current
                                 Dload  Upload   Total   Spent    Left  Speed
100 4470k  100 4470k    0     0  1653k      0  0:00:02  0:00:02 --:--:-- 1699k
===> Installing dependencies for librecad-1.0.2nb15
==========================================================================
The following variables will affect the build process of this package,
librecad-1.0.2nb15.  Their current value is shown below:

        * JPEG_DEFAULT = jpeg
        * SSLBASE (defined)
        * SSLCERTS = /boot/home/pkg/etc/openssl/certs
        * SSLDIR = /boot/home/pkg/etc/openssl
        * SSLKEYS = /boot/home/pkg/etc/openssl/private

Based on these variables, the following variables have been set:

        * JPEGBASE (defined, but empty)
        * JPEG_TYPE = jpeg

You may want to abort the process now with CTRL-C and change their value
before continuing.  Be sure to run `/boot/home/pkg/bin/bmake clean' after
the changes.
==========================================================================
=> Tool dependency nbpatch-[0-9]*: found nbpatch-20100124
=> Tool dependency pax>=20040802: found pax-20080110nb2
=> Build dependency boost-headers-1.55.*: found boost-headers-1.55.0nb1
=> Build dependency kbproto>=1.0.2: found kbproto-1.0.6
=> Build dependency xproto>=7.0.9: found xproto-7.0.26
=> Build dependency xcb-proto>=1.4: found xcb-proto-1.11
=> Build dependency xextproto>=7.0: found xextproto-7.3.0
=> Build dependency inputproto>=1.4: found inputproto-2.3.1
=> Build dependency fixesproto>=3.0.0: found fixesproto-5.0
=> Build dependency renderproto>=0.9.3nb1: found renderproto-0.11.1
=> Build dependency randrproto>=1.4: found randrproto-1.4.0
=> Build dependency xineramaproto>=1.1.1: found xineramaproto-1.2.1
=> Full dependency boost-libs-1.55.*: found boost-libs-1.55.0nb1
=> Full dependency boost-libs>=1.55.0: found boost-libs-1.55.0nb1
=> Full dependency muparser>=200: NOT found
=> Verifying reinstall for ../../math/muparser
=> Bootstrap dependency digest>=20010302: found digest-20121220
=> Fetching muparser_v2_2_2.zip
=> Total size: 1508675 bytes
  % Total    % Received % Xferd  Average Speed   Time    Time     Time  Current
                                 Dload  Upload   Total   Spent    Left  Speed
  0     0    0     0    0     0      0      0 --:--:-- --:--:-- --:--:--     0
curl: (22) The requested URL returned error: 404 Not Found
fetch: Unable to fetch expected file muparser_v2_2_2.zip
  % Total    % Received % Xferd  Average Speed   Time    Time     Time  Current
                                 Dload  Upload   Total   Spent    Left  Speed
  0     0    0     0    0     0      0      0 --:--:--  0:00:03 --:--:--     0
curl: (78) RETR response: 550
fetch: Unable to fetch expected file muparser_v2_2_2.zip
  % Total    % Received % Xferd  Average Speed   Time    Time     Time  Current
                                 Dload  Upload   Total   Spent    Left  Speed
100 1473k  100 1473k    0     0   945k      0  0:00:01  0:00:01 --:--:--  992k
===> Installing dependencies for muparser-200.2.2.2
=> Tool dependency nbpatch-[0-9]*: found nbpatch-20100124
===> Overriding tools for muparser-200.2.2.2
===> Extracting for muparser-200.2.2.2
===> Patching for muparser-200.2.2.2
=> Applying pkgsrc patches for muparser-200.2.2.2
===> Creating toolchain wrappers for muparser-200.2.2.2
===> Configuring for muparser-200.2.2.2
=> Modifying GNU configure scripts to avoid --recheck
=> Replacing config-guess with pkgsrc versions
=> Replacing config-sub with pkgsrc versions
=> Replacing install-sh with pkgsrc version
=> Adding run-time search paths to pkg-config files.
configure: error: unknown system type i386-pc-haiku.
*** Error code 1

Stop.
bmake: stopped in /boot/home/pkgsrc/pkgsrc/math/muparser
*** Error code 1

Stop.
bmake: stopped in /boot/home/pkgsrc/pkgsrc/math/muparser
*** Error code 1

Stop.
bmake: stopped in /boot/home/pkgsrc/pkgsrc/cad/librecad
===> magic
=> Bootstrap dependency digest>=20010302: found digest-20121220
=> Fetching magic-7.5.188.tgz
=> Total size: 3691582 bytes
  % Total    % Received % Xferd  Average Speed   Time    Time     Time  Current
                                 Dload  Upload   Total   Spent    Left  Speed
100 3605k  100 3605k    0     0   445k      0  0:00:08  0:00:08 --:--:--  523k
===> Installing dependencies for magic-7.5.188nb7
=> Tool dependency tcsh-[0-9]*: NOT found
=> Verifying reinstall for ../../shells/tcsh
=> Bootstrap dependency digest>=20010302: found digest-20121220
===> Configuring for tcsh-6.18.01nb5
=> Modifying GNU configure scripts to avoid --recheck
=> Replacing config-guess with pkgsrc versions
=> Replacing config-sub with pkgsrc versions
=> Replacing install-sh with pkgsrc version
configure: WARNING: unrecognized options: --enable-shared
checking for a BSD-compatible install... /bin/install -c -o user -g root
checking build system type... i386-pc-haiku
checking host system type... i386-pc-haiku
checking cached host tuple... ok
configure: error: Tcsh can't guess the configuration file name
for `i386-pc-haiku' systems.
Check tcsh's `Ported' file for manual configuration instructions.
*** Error code 1

Stop.
bmake: stopped in /boot/home/pkgsrc/pkgsrc/shells/tcsh
*** Error code 1

Stop.
bmake: stopped in /boot/home/pkgsrc/pkgsrc/shells/tcsh
*** Error code 1

Stop.
bmake: stopped in /boot/home/pkgsrc/pkgsrc/cad/magic
===> mex-wcalc
ERROR: This package is only available for these platforms: Linux-*-i386 SunOS-*-sparc*.
ERROR: This package has set PKG_FAIL_REASON:
ERROR: mex-wcalc-1.0nb2 is not available for Haiku-1-i386
*** Error code 1

Stop.
bmake: stopped in /boot/home/pkgsrc/pkgsrc/cad/mex-wcalc
===> ng-spice
=> Bootstrap dependency digest>=20010302: found digest-20121220
=> Fetching ngspice-23.tar.gz
=> Total size: 6485536 bytes
  % Total    % Received % Xferd  Average Speed   Time    Time     Time  Current
                                 Dload  Upload   Total   Spent    Left  Speed
  0     0    0     0    0     0      0      0 --:--:-- --:--:-- --:--:--     0
  0     0    0     0    0     0      0      0 --:--:-- --:--:-- --:--:--     0
100 6333k  100 6333k    0     0   579k      0  0:00:10  0:00:10 --:--:--  673k
===> Installing dependencies for ng-spice-23nb1
=> Tool dependency libtool-base>=2.2.6bnb3: found libtool-base-2.4.2nb7
=> Build dependency kbproto>=1.0.2: found kbproto-1.0.6
=> Build dependency xproto>=7.0.9: found xproto-7.0.26
=> Build dependency xcb-proto>=1.4: found xcb-proto-1.11
=> Build dependency xextproto>=7.0: found xextproto-7.3.0
=> Build dependency inputproto>=1.4: found inputproto-2.3.1
=> Build dependency printproto>=1.0.3: found printproto-1.0.5
=> Full dependency libXaw>=1.0.5: found libXaw-1.0.12
=> Full dependency libXp>=1.0.0: NOT found
=> Verifying reinstall for ../../x11/libXp
=> Bootstrap dependency digest>=20010302: found digest-20121220
=> Fetching libXp-1.0.2.tar.bz2
=> Total size: 298632 bytes
  % Total    % Received % Xferd  Average Speed   Time    Time     Time  Current
                                 Dload  Upload   Total   Spent    Left  Speed
100  291k  100  291k    0     0  60023      0  0:00:04  0:00:04 --:--:-- 60945
===> Building for libXp-1.0.2
/boot/home/pkg/bin/bmake  all-recursive
Making all in src
  CC       XpJob.lo
XpJob.c: In function 'XpStartJob':
XpJob.c:112:2: error: too few arguments to function 'getpwuid_r'
  pw = _XGetpwuid(getuid(),pwparams);
  ^
In file included from /boot/home/pkgsrc/pkgsrc/x11/libXp/work/.buildlink/include/X11/Xos_r.h:222:0,
                 from XpJob.c:55:
/boot/system/develop/headers/posix/pwd.h:37:12: note: declared here
 extern int getpwuid_r(uid_t uid, struct passwd *passwd, char *buffer,
            ^
*** Error code 1

Stop.
bmake: stopped in /boot/home/pkgsrc/pkgsrc/x11/libXp/work/libXp-1.0.2/src
*** Error code 1

Stop.
bmake: stopped in /boot/home/pkgsrc/pkgsrc/x11/libXp/work/libXp-1.0.2
*** Error code 1

Stop.
bmake: stopped in /boot/home/pkgsrc/pkgsrc/x11/libXp/work/libXp-1.0.2
*** Error code 1

Stop.
bmake: stopped in /boot/home/pkgsrc/pkgsrc/x11/libXp
*** Error code 1

Stop.
bmake: stopped in /boot/home/pkgsrc/pkgsrc/x11/libXp
*** Error code 1

Stop.
bmake: stopped in /boot/home/pkgsrc/pkgsrc/cad/ng-spice
===> openscad
=> Bootstrap dependency digest>=20010302: found digest-20121220
=> Fetching openscad-2011.12.src.tar.gz
=> Total size: 3247723 bytes
  % Total    % Received % Xferd  Average Speed   Time    Time     Time  Current
                                 Dload  Upload   Total   Spent    Left  Speed
100   183  100   183    0     0    574      0 --:--:-- --:--:-- --:--:--  4575
100 3171k  100 3171k    0     0  1035k      0  0:00:03  0:00:03 --:--:-- 1810k
===> Installing dependencies for openscad-2011.12nb19
==========================================================================
The following variables will affect the build process of this package,
openscad-2011.12nb19.  Their current value is shown below:

        * JPEG_DEFAULT = jpeg
        * SSLBASE (defined)
        * SSLCERTS = /boot/home/pkg/etc/openssl/certs
        * SSLDIR = /boot/home/pkg/etc/openssl
        * SSLKEYS = /boot/home/pkg/etc/openssl/private

Based on these variables, the following variables have been set:

        * JPEGBASE (defined, but empty)
        * JPEG_TYPE = jpeg

You may want to abort the process now with CTRL-C and change their value
before continuing.  Be sure to run `/boot/home/pkg/bin/bmake clean' after
the changes.
==========================================================================
=> Tool dependency libtool-base>=2.2.6bnb3: found libtool-base-2.4.2nb7
=> Tool dependency cmake>=2.8.1nb1: NOT found
=> Verifying reinstall for ../../devel/cmake
=> Bootstrap dependency digest>=20010302: found digest-20121220
===> Configuring for cmake-2.8.12.2nb3
/bin/rm -f /boot/home/pkgsrc/pkgsrc/devel/cmake/work/cmake-2.8.12.2/Modules/*.orig /boot/home/pkgsrc/pkgsrc/devel/cmake/work/cmake-2.8.12.2/Modules/Platform/*.orig
/bin/ln -s -f /boot/home/pkgsrc/pkgsrc/devel/cmake/work/cmake-2.8.12.2/Modules/Platform/OpenBSD.cmake /boot/home/pkgsrc/pkgsrc/devel/cmake/work/cmake-2.8.12.2/Modules/Platform/MirBSD.cmake
Unknown option: PKG_CONFIG_PATH=/boot/home/pkg/lib/pkgconfig
*** Error code 1

Stop.
bmake: stopped in /boot/home/pkgsrc/pkgsrc/devel/cmake
*** Error code 1

Stop.
bmake: stopped in /boot/home/pkgsrc/pkgsrc/devel/cmake
*** Error code 1

Stop.
bmake: stopped in /boot/home/pkgsrc/pkgsrc/cad/openscad
===> pcb
=> Bootstrap dependency digest>=20010302: found digest-20121220
=> Fetching pcb-20110918.tar.gz
=> Total size: 4015128 bytes
  % Total    % Received % Xferd  Average Speed   Time    Time     Time  Current
                                 Dload  Upload   Total   Spent    Left  Speed
  0     0    0     0    0     0      0      0 --:--:-- --:--:-- --:--:--     0
  0     0    0     0    0     0      0      0 --:--:-- --:--:-- --:--:--     0
100 3921k  100 3921k    0     0   585k      0  0:00:06  0:00:06 --:--:--  760k
===> Installing dependencies for pcb-20110918nb16
==========================================================================
The supported build options for pcb are:

        batch gtk motif png

The currently selected options are:

        gtk png

You can select which build options to use by setting PKG_DEFAULT_OPTIONS
or the following variable.  Its current value is shown:

        PKG_OPTIONS.pcb (not defined)

==========================================================================
==========================================================================
The following variables will affect the build process of this package,
pcb-20110918nb16.  Their current value is shown below:

        * JPEG_DEFAULT = jpeg

Based on these variables, the following variables have been set:

        * JPEGBASE (defined, but empty)
        * JPEG_TYPE = jpeg

You may want to abort the process now with CTRL-C and change their value
before continuing.  Be sure to run `/boot/home/pkg/bin/bmake clean' after
the changes.
==========================================================================
=> Tool dependency intltool>=0.40.0: found intltool-0.50.2nb3
=> Tool dependency flex>=2.5.4a: found flex-2.5.39
=> Tool dependency nbpatch-[0-9]*: found nbpatch-20100124
=> Tool dependency perl>=5.0: found perl-5.20.0nb1
=> Tool dependency pkg-config>=0.25: found pkg-config-0.28
=> Build dependency renderproto>=0.9.3nb1: found renderproto-0.11.1
=> Build dependency kbproto>=1.0.2: found kbproto-1.0.6
=> Build dependency xproto>=7.0.13: found xproto-7.0.26
=> Build dependency xcb-proto>=1.4: found xcb-proto-1.11
=> Build dependency xextproto>=7.0.3: found xextproto-7.3.0
=> Build dependency inputproto>=2.3: found inputproto-2.3.1
=> Build dependency fixesproto>=3.0.0: found fixesproto-5.0
=> Build dependency randrproto>=1.4: found randrproto-1.4.0
=> Build dependency xineramaproto>=1.1.1: found xineramaproto-1.2.1
=> Build dependency compositeproto>=0.3.1: found compositeproto-0.4.2
=> Build dependency flex>=2.5.4a: found flex-2.5.39
=> Full dependency gettext-tools>=0.14.6: found gettext-tools-0.18.3.2
=> Full dependency tk>=8.4: found tk-8.6.1nb2
=> Full dependency gtkglext>=1.2.0nb26: NOT found
=> Verifying reinstall for ../../graphics/gtkglext
=> Bootstrap dependency digest>=20010302: found digest-20121220
=> Fetching gtkglext-1.2.0.tar.bz2
=> Total size: 703821 bytes
  % Total    % Received % Xferd  Average Speed   Time    Time     Time  Current
                                 Dload  Upload   Total   Spent    Left  Speed
  0     0    0     0    0     0      0      0 --:--:-- --:--:-- --:--:--     0
  0     0    0     0    0     0      0      0 --:--:-- --:--:-- --:--:--     0
100  687k  100  687k    0     0   428k      0  0:00:01  0:00:01 --:--:-- 1027k
===> Installing dependencies for gtkglext-1.2.0nb27
=> Tool dependency libtool-base>=2.2.6bnb3: found libtool-base-2.4.2nb7
=> Tool dependency nbpatch-[0-9]*: found nbpatch-20100124
=> Tool dependency perl>=5.0: found perl-5.20.0nb1
=> Tool dependency pkg-config>=0.25: found pkg-config-0.28
=> Build dependency renderproto>=0.9.3nb1: found renderproto-0.11.1
=> Build dependency kbproto>=1.0.2: found kbproto-1.0.6
=> Build dependency xproto>=7.0.13: found xproto-7.0.26
=> Build dependency xcb-proto>=1.4: found xcb-proto-1.11
=> Build dependency xextproto>=7.0.3: found xextproto-7.3.0
=> Build dependency inputproto>=2.3: found inputproto-2.3.1
=> Build dependency fixesproto>=3.0.0: found fixesproto-5.0
=> Build dependency randrproto>=1.4: found randrproto-1.4.0
=> Build dependency xineramaproto>=1.1.1: found xineramaproto-1.2.1
=> Build dependency compositeproto>=0.3.1: found compositeproto-0.4.2
=> Build dependency libXt>=1.0.0: found libXt-1.1.4
=> Full dependency pango>=1.36.3nb1: NOT found
=> Verifying reinstall for ../../devel/pango
=> Bootstrap dependency digest>=20010302: found digest-20121220
=> Fetching pango-1.36.3.tar.xz
=> Total size: 1021656 bytes
  % Total    % Received % Xferd  Average Speed   Time    Time     Time  Current
                                 Dload  Upload   Total   Spent    Left  Speed
100  997k  100  997k    0     0   313k      0  0:00:03  0:00:03 --:--:--  328k
===> Installing dependencies for pango-1.36.3nb2
==========================================================================
The supported build options for pango are:

        libthai quartz x11

The currently selected options are:

        x11

You can select which build options to use by setting PKG_DEFAULT_OPTIONS
or the following variable.  Its current value is shown:

        PKG_OPTIONS.pango (not defined)

==========================================================================
=> Tool dependency libtool-base>=2.2.6bnb3: found libtool-base-2.4.2nb7
=> Tool dependency nbpatch-[0-9]*: found nbpatch-20100124
=> Tool dependency pkg-config>=0.25: found pkg-config-0.28
=> Build dependency help2man-[0-9]*: found help2man-1.45.1nb1
=> Build dependency renderproto>=0.9.3nb1: found renderproto-0.11.1
=> Build dependency kbproto>=1.0.2: found kbproto-1.0.6
=> Build dependency xproto>=7.0.9: found xproto-7.0.26
=> Build dependency xcb-proto>=1.4: found xcb-proto-1.11
=> Build dependency libXt>=1.0.0: found libXt-1.1.4
=> Build dependency gobject-introspection>=1.34.0: NOT found
=> Verifying reinstall for ../../devel/gobject-introspection
=> Bootstrap dependency digest>=20010302: found digest-20121220
===> Installing dependencies for gobject-introspection-1.38.0nb2
==========================================================================
The following variables will affect the build process of this package,
gobject-introspection-1.38.0nb2.  Their current value is shown below:

        * PYTHON_VERSION_DEFAULT = 34

Based on these variables, the following variables have been set:

        * PYPACKAGE = python27

You may want to abort the process now with CTRL-C and change their value
before continuing.  Be sure to run `/boot/home/pkg/bin/bmake clean' after
the changes.
==========================================================================
=> Tool dependency libtool-base>=2.2.6bnb3: found libtool-base-2.4.2nb7
=> Tool dependency flex>=2.5.4a: found flex-2.5.39
=> Tool dependency nbpatch-[0-9]*: found nbpatch-20100124
=> Tool dependency pkg-config>=0.25: found pkg-config-0.28
=> Build dependency flex>=2.5.4a: found flex-2.5.39
=> Full dependency py27-cElementTree-[0-9]*: NOT found
=> Verifying reinstall for ../../textproc/py-cElementTree
=> Bootstrap dependency digest>=20010302: found digest-20121220
===> Building for py27-cElementTree-2.7.7
error: command 'ld' failed with exit status 1
*** Error code 1

Stop.
bmake: stopped in /boot/home/pkgsrc/pkgsrc/textproc/py-cElementTree
*** Error code 1

Stop.
bmake: stopped in /boot/home/pkgsrc/pkgsrc/textproc/py-cElementTree
*** Error code 1

Stop.
bmake: stopped in /boot/home/pkgsrc/pkgsrc/devel/gobject-introspection
*** Error code 1

Stop.
bmake: stopped in /boot/home/pkgsrc/pkgsrc/devel/pango
*** Error code 1

Stop.
bmake: stopped in /boot/home/pkgsrc/pkgsrc/graphics/gtkglext
*** Error code 1

Stop.
bmake: stopped in /boot/home/pkgsrc/pkgsrc/cad/pcb
===> qcad
=> Bootstrap dependency digest>=20010302: found digest-20121220
=> Fetching qcad-2.0.5.0-1-community.src.tar.gz
=> Total size: 4470033 bytes
  % Total    % Received % Xferd  Average Speed   Time    Time     Time  Current
                                 Dload  Upload   Total   Spent    Left  Speed
100 4365k  100 4365k    0     0   297k      0  0:00:14  0:00:14 --:--:--  335k
===> Installing dependencies for qcad-2.0.5.0nb11
==========================================================================
The following variables will affect the build process of this package,
qcad-2.0.5.0nb11.  Their current value is shown below:

        * JPEG_DEFAULT = jpeg

Based on these variables, the following variables have been set:

        * JPEGBASE (defined, but empty)
        * JPEG_TYPE = jpeg

You may want to abort the process now with CTRL-C and change their value
before continuing.  Be sure to run `/boot/home/pkg/bin/bmake clean' after
the changes.
==========================================================================
=> Tool dependency autoconf>=2.50: found autoconf-2.69nb5
=> Tool dependency nbpatch-[0-9]*: found nbpatch-20100124
=> Tool dependency pax>=20040802: found pax-20080110nb2
=> Build dependency kbproto>=1.0.2: found kbproto-1.0.6
=> Build dependency xproto>=7.0.9: found xproto-7.0.26
=> Build dependency xcb-proto>=1.4: found xcb-proto-1.11
=> Build dependency xextproto>=7.0: found xextproto-7.3.0
=> Build dependency inputproto>=1.4: found inputproto-2.3.1
=> Build dependency fixesproto>=3.0.0: found fixesproto-5.0
=> Build dependency renderproto>=0.9.3nb1: found renderproto-0.11.1
=> Build dependency randrproto>=1.4: found randrproto-1.4.0
=> Build dependency xineramaproto>=1.1.1: found xineramaproto-1.2.1
=> Full dependency qt3-libs>=3.3.8nb26: NOT found
=> Verifying reinstall for ../../x11/qt3-libs
=> Bootstrap dependency digest>=20010302: found digest-20121220
===> Installing dependencies for qt3-libs-3.3.8nb28
==========================================================================
The supported build options for qt3-libs are:

        cups debug inet6

The currently selected options are:

        inet6

You can select which build options to use by setting PKG_DEFAULT_OPTIONS
or the following variable.  Its current value is shown:

        PKG_OPTIONS.qt3 (not defined)

==========================================================================
==========================================================================
The following variables will affect the build process of this package,
qt3-libs-3.3.8nb28.  Their current value is shown below:

        * JPEG_DEFAULT = jpeg

Based on these variables, the following variables have been set:

        * JPEGBASE (defined, but empty)
        * JPEG_TYPE = jpeg

You may want to abort the process now with CTRL-C and change their value
before continuing.  Be sure to run `/boot/home/pkg/bin/bmake clean' after
the changes.
==========================================================================
=> Tool dependency libtool-base>=2.2.6bnb3: found libtool-base-2.4.2nb7
=> Tool dependency nbpatch-[0-9]*: found nbpatch-20100124
=> Build dependency kbproto>=1.0.2: found kbproto-1.0.6
=> Build dependency xproto>=7.0.9: found xproto-7.0.26
=> Build dependency xcb-proto>=1.4: found xcb-proto-1.11
=> Build dependency xextproto>=7.0: found xextproto-7.3.0
=> Build dependency inputproto>=1.4: found inputproto-2.3.1
=> Build dependency xineramaproto>=1.1.1: found xineramaproto-1.2.1
=> Build dependency fixesproto>=3.0.0: found fixesproto-5.0
=> Build dependency renderproto>=0.9.3nb1: found renderproto-0.11.1
=> Build dependency randrproto>=1.4: found randrproto-1.4.0
=> Full dependency libXinerama>=1.0.1: found libXinerama-1.1.3
=> Full dependency jpeg>=9: found jpeg-9anb1
=> Full dependency MesaLib>=7.11.2: NOT found
=> Verifying reinstall for ../../graphics/MesaLib
=> Bootstrap dependency digest>=20010302: found digest-20121220
===> Extracting for MesaLib-7.11.2nb4
/bin/tar: Mesa-7.11.2/bin/minstall: Cannot hard link to `Mesa-7.11.2/bin/install-sh': Operation not supported
/bin/tar: Mesa-7.11.2/src/mesa/drivers/dri/radeon/server/radeon_reg.h: Cannot hard link to `Mesa-7.11.2/src/mesa/drivers/dri/r200/server/radeon_reg.h': Operation not supported
/bin/tar: Exiting with failure status due to previous errors
*** Error code 2

Stop.
bmake: stopped in /boot/home/pkgsrc/pkgsrc/graphics/MesaLib
*** Error code 1

Stop.
bmake: stopped in /boot/home/pkgsrc/pkgsrc/graphics/MesaLib
*** Error code 1

Stop.
bmake: stopped in /boot/home/pkgsrc/pkgsrc/x11/qt3-libs
*** Error code 1

Stop.
bmake: stopped in /boot/home/pkgsrc/pkgsrc/cad/qcad
===> qcad-manual-cs
=> Bootstrap dependency digest>=20010302: found digest-20121220
=> Fetching qcad-manual-cs-2.0.4.0-1.html.zip
=> Total size: 1582180 bytes
  % Total    % Received % Xferd  Average Speed   Time    Time     Time  Current
                                 Dload  Upload   Total   Spent    Left  Speed
100 1545k  100 1545k    0     0   212k      0  0:00:07  0:00:07 --:--:--  279k
===> Installing dependencies for qcad-manual-cs-2.0.4.0
=> Tool dependency pax>=20040802: found pax-20080110nb2
=> Full dependency qcad>=2.0.4.0: NOT found
=> Verifying reinstall for ../../cad/qcad
=> Bootstrap dependency digest>=20010302: found digest-20121220
===> Installing dependencies for qcad-2.0.5.0nb11
==========================================================================
The following variables will affect the build process of this package,
qcad-2.0.5.0nb11.  Their current value is shown below:

        * JPEG_DEFAULT = jpeg

Based on these variables, the following variables have been set:

        * JPEGBASE (defined, but empty)
        * JPEG_TYPE = jpeg

You may want to abort the process now with CTRL-C and change their value
before continuing.  Be sure to run `/boot/home/pkg/bin/bmake clean' after
the changes.
==========================================================================
=> Tool dependency autoconf>=2.50: found autoconf-2.69nb5
=> Tool dependency nbpatch-[0-9]*: found nbpatch-20100124
=> Tool dependency pax>=20040802: found pax-20080110nb2
=> Build dependency kbproto>=1.0.2: found kbproto-1.0.6
=> Build dependency xproto>=7.0.9: found xproto-7.0.26
=> Build dependency xcb-proto>=1.4: found xcb-proto-1.11
=> Build dependency xextproto>=7.0: found xextproto-7.3.0
=> Build dependency inputproto>=1.4: found inputproto-2.3.1
=> Build dependency fixesproto>=3.0.0: found fixesproto-5.0
=> Build dependency renderproto>=0.9.3nb1: found renderproto-0.11.1
=> Build dependency randrproto>=1.4: found randrproto-1.4.0
=> Build dependency xineramaproto>=1.1.1: found xineramaproto-1.2.1
=> Full dependency qt3-libs>=3.3.8nb26: NOT found
=> Verifying reinstall for ../../x11/qt3-libs
=> Bootstrap dependency digest>=20010302: found digest-20121220
===> Installing dependencies for qt3-libs-3.3.8nb28
==========================================================================
The supported build options for qt3-libs are:

        cups debug inet6

The currently selected options are:

        inet6

You can select which build options to use by setting PKG_DEFAULT_OPTIONS
or the following variable.  Its current value is shown:

        PKG_OPTIONS.qt3 (not defined)

==========================================================================
==========================================================================
The following variables will affect the build process of this package,
qt3-libs-3.3.8nb28.  Their current value is shown below:

        * JPEG_DEFAULT = jpeg

Based on these variables, the following variables have been set:

        * JPEGBASE (defined, but empty)
        * JPEG_TYPE = jpeg

You may want to abort the process now with CTRL-C and change their value
before continuing.  Be sure to run `/boot/home/pkg/bin/bmake clean' after
the changes.
==========================================================================
=> Tool dependency libtool-base>=2.2.6bnb3: found libtool-base-2.4.2nb7
=> Tool dependency nbpatch-[0-9]*: found nbpatch-20100124
=> Build dependency kbproto>=1.0.2: found kbproto-1.0.6
=> Build dependency xproto>=7.0.9: found xproto-7.0.26
=> Build dependency xcb-proto>=1.4: found xcb-proto-1.11
=> Build dependency xextproto>=7.0: found xextproto-7.3.0
=> Build dependency inputproto>=1.4: found inputproto-2.3.1
=> Build dependency xineramaproto>=1.1.1: found xineramaproto-1.2.1
=> Build dependency fixesproto>=3.0.0: found fixesproto-5.0
=> Build dependency renderproto>=0.9.3nb1: found renderproto-0.11.1
=> Build dependency randrproto>=1.4: found randrproto-1.4.0
=> Full dependency libXinerama>=1.0.1: found libXinerama-1.1.3
=> Full dependency jpeg>=9: found jpeg-9anb1
=> Full dependency MesaLib>=7.11.2: NOT found
=> Verifying reinstall for ../../graphics/MesaLib
=> Bootstrap dependency digest>=20010302: found digest-20121220
===> Extracting for MesaLib-7.11.2nb4
/bin/tar: Mesa-7.11.2/bin/minstall: Cannot hard link to `Mesa-7.11.2/bin/install-sh': Operation not supported
/bin/tar: Mesa-7.11.2/src/mesa/drivers/dri/radeon/server/radeon_reg.h: Cannot hard link to `Mesa-7.11.2/src/mesa/drivers/dri/r200/server/radeon_reg.h': Operation not supported
/bin/tar: Exiting with failure status due to previous errors
*** Error code 2

Stop.
bmake: stopped in /boot/home/pkgsrc/pkgsrc/graphics/MesaLib
*** Error code 1

Stop.
bmake: stopped in /boot/home/pkgsrc/pkgsrc/graphics/MesaLib
*** Error code 1

Stop.
bmake: stopped in /boot/home/pkgsrc/pkgsrc/x11/qt3-libs
*** Error code 1

Stop.
bmake: stopped in /boot/home/pkgsrc/pkgsrc/cad/qcad
*** Error code 1

Stop.
bmake: stopped in /boot/home/pkgsrc/pkgsrc/cad/qcad-manual-cs
===> qcad-manual-de
=> Bootstrap dependency digest>=20010302: found digest-20121220
=> Fetching qcad-manual-de-2.0.4.0-1.html.zip
=> Total size: 1713417 bytes
  % Total    % Received % Xferd  Average Speed   Time    Time     Time  Current
                                 Dload  Upload   Total   Spent    Left  Speed
100 1673k  100 1673k    0     0   251k      0  0:00:06  0:00:06 --:--:--  325k
===> Installing dependencies for qcad-manual-de-2.0.4.0
=> Tool dependency pax>=20040802: found pax-20080110nb2
=> Full dependency qcad>=2.0.4.0: NOT found
=> Verifying reinstall for ../../cad/qcad
=> Bootstrap dependency digest>=20010302: found digest-20121220
===> Installing dependencies for qcad-2.0.5.0nb11
==========================================================================
The following variables will affect the build process of this package,
qcad-2.0.5.0nb11.  Their current value is shown below:

        * JPEG_DEFAULT = jpeg

Based on these variables, the following variables have been set:

        * JPEGBASE (defined, but empty)
        * JPEG_TYPE = jpeg

You may want to abort the process now with CTRL-C and change their value
before continuing.  Be sure to run `/boot/home/pkg/bin/bmake clean' after
the changes.
==========================================================================
=> Tool dependency autoconf>=2.50: found autoconf-2.69nb5
=> Tool dependency nbpatch-[0-9]*: found nbpatch-20100124
=> Tool dependency pax>=20040802: found pax-20080110nb2
=> Build dependency kbproto>=1.0.2: found kbproto-1.0.6
=> Build dependency xproto>=7.0.9: found xproto-7.0.26
=> Build dependency xcb-proto>=1.4: found xcb-proto-1.11
=> Build dependency xextproto>=7.0: found xextproto-7.3.0
=> Build dependency inputproto>=1.4: found inputproto-2.3.1
=> Build dependency fixesproto>=3.0.0: found fixesproto-5.0
=> Build dependency renderproto>=0.9.3nb1: found renderproto-0.11.1
=> Build dependency randrproto>=1.4: found randrproto-1.4.0
=> Build dependency xineramaproto>=1.1.1: found xineramaproto-1.2.1
=> Full dependency qt3-libs>=3.3.8nb26: NOT found
=> Verifying reinstall for ../../x11/qt3-libs
=> Bootstrap dependency digest>=20010302: found digest-20121220
===> Installing dependencies for qt3-libs-3.3.8nb28
==========================================================================
The supported build options for qt3-libs are:

        cups debug inet6

The currently selected options are:

        inet6

You can select which build options to use by setting PKG_DEFAULT_OPTIONS
or the following variable.  Its current value is shown:

        PKG_OPTIONS.qt3 (not defined)

==========================================================================
==========================================================================
The following variables will affect the build process of this package,
qt3-libs-3.3.8nb28.  Their current value is shown below:

        * JPEG_DEFAULT = jpeg

Based on these variables, the following variables have been set:

        * JPEGBASE (defined, but empty)
        * JPEG_TYPE = jpeg

You may want to abort the process now with CTRL-C and change their value
before continuing.  Be sure to run `/boot/home/pkg/bin/bmake clean' after
the changes.
==========================================================================
=> Tool dependency libtool-base>=2.2.6bnb3: found libtool-base-2.4.2nb7
=> Tool dependency nbpatch-[0-9]*: found nbpatch-20100124
=> Build dependency kbproto>=1.0.2: found kbproto-1.0.6
=> Build dependency xproto>=7.0.9: found xproto-7.0.26
=> Build dependency xcb-proto>=1.4: found xcb-proto-1.11
=> Build dependency xextproto>=7.0: found xextproto-7.3.0
=> Build dependency inputproto>=1.4: found inputproto-2.3.1
=> Build dependency xineramaproto>=1.1.1: found xineramaproto-1.2.1
=> Build dependency fixesproto>=3.0.0: found fixesproto-5.0
=> Build dependency renderproto>=0.9.3nb1: found renderproto-0.11.1
=> Build dependency randrproto>=1.4: found randrproto-1.4.0
=> Full dependency libXinerama>=1.0.1: found libXinerama-1.1.3
=> Full dependency jpeg>=9: found jpeg-9anb1
=> Full dependency MesaLib>=7.11.2: NOT found
=> Verifying reinstall for ../../graphics/MesaLib
=> Bootstrap dependency digest>=20010302: found digest-20121220
===> Extracting for MesaLib-7.11.2nb4
/bin/tar: Mesa-7.11.2/bin/minstall: Cannot hard link to `Mesa-7.11.2/bin/install-sh': Operation not supported
/bin/tar: Mesa-7.11.2/src/mesa/drivers/dri/radeon/server/radeon_reg.h: Cannot hard link to `Mesa-7.11.2/src/mesa/drivers/dri/r200/server/radeon_reg.h': Operation not supported
/bin/tar: Exiting with failure status due to previous errors
*** Error code 2

Stop.
bmake: stopped in /boot/home/pkgsrc/pkgsrc/graphics/MesaLib
*** Error code 1

Stop.
bmake: stopped in /boot/home/pkgsrc/pkgsrc/graphics/MesaLib
*** Error code 1

Stop.
bmake: stopped in /boot/home/pkgsrc/pkgsrc/x11/qt3-libs
*** Error code 1

Stop.
bmake: stopped in /boot/home/pkgsrc/pkgsrc/cad/qcad
*** Error code 1

Stop.
bmake: stopped in /boot/home/pkgsrc/pkgsrc/cad/qcad-manual-de
===> qcad-manual-en
=> Bootstrap dependency digest>=20010302: found digest-20121220
=> Fetching qcad-manual-en-2.0.4.0-1.html.zip
=> Total size: 1807333 bytes
  % Total    % Received % Xferd  Average Speed   Time    Time     Time  Current
                                 Dload  Upload   Total   Spent    Left  Speed
100 1764k  100 1764k    0     0   265k      0  0:00:06  0:00:06 --:--:--  340k
===> Installing dependencies for qcad-manual-en-2.0.4.0
=> Tool dependency pax>=20040802: found pax-20080110nb2
=> Full dependency qcad>=2.0.4.0: NOT found
=> Verifying reinstall for ../../cad/qcad
=> Bootstrap dependency digest>=20010302: found digest-20121220
===> Installing dependencies for qcad-2.0.5.0nb11
==========================================================================
The following variables will affect the build process of this package,
qcad-2.0.5.0nb11.  Their current value is shown below:

        * JPEG_DEFAULT = jpeg

Based on these variables, the following variables have been set:

        * JPEGBASE (defined, but empty)
        * JPEG_TYPE = jpeg

You may want to abort the process now with CTRL-C and change their value
before continuing.  Be sure to run `/boot/home/pkg/bin/bmake clean' after
the changes.
==========================================================================
=> Tool dependency autoconf>=2.50: found autoconf-2.69nb5
=> Tool dependency nbpatch-[0-9]*: found nbpatch-20100124
=> Tool dependency pax>=20040802: found pax-20080110nb2
=> Build dependency kbproto>=1.0.2: found kbproto-1.0.6
=> Build dependency xproto>=7.0.9: found xproto-7.0.26
=> Build dependency xcb-proto>=1.4: found xcb-proto-1.11
=> Build dependency xextproto>=7.0: found xextproto-7.3.0
=> Build dependency inputproto>=1.4: found inputproto-2.3.1
=> Build dependency fixesproto>=3.0.0: found fixesproto-5.0
=> Build dependency renderproto>=0.9.3nb1: found renderproto-0.11.1
=> Build dependency randrproto>=1.4: found randrproto-1.4.0
=> Build dependency xineramaproto>=1.1.1: found xineramaproto-1.2.1
=> Full dependency qt3-libs>=3.3.8nb26: NOT found
=> Verifying reinstall for ../../x11/qt3-libs
=> Bootstrap dependency digest>=20010302: found digest-20121220
===> Installing dependencies for qt3-libs-3.3.8nb28
==========================================================================
The supported build options for qt3-libs are:

        cups debug inet6

The currently selected options are:

        inet6

You can select which build options to use by setting PKG_DEFAULT_OPTIONS
or the following variable.  Its current value is shown:

        PKG_OPTIONS.qt3 (not defined)

==========================================================================
==========================================================================
The following variables will affect the build process of this package,
qt3-libs-3.3.8nb28.  Their current value is shown below:

        * JPEG_DEFAULT = jpeg

Based on these variables, the following variables have been set:

        * JPEGBASE (defined, but empty)
        * JPEG_TYPE = jpeg

You may want to abort the process now with CTRL-C and change their value
before continuing.  Be sure to run `/boot/home/pkg/bin/bmake clean' after
the changes.
==========================================================================
=> Tool dependency libtool-base>=2.2.6bnb3: found libtool-base-2.4.2nb7
=> Tool dependency nbpatch-[0-9]*: found nbpatch-20100124
=> Build dependency kbproto>=1.0.2: found kbproto-1.0.6
=> Build dependency xproto>=7.0.9: found xproto-7.0.26
=> Build dependency xcb-proto>=1.4: found xcb-proto-1.11
=> Build dependency xextproto>=7.0: found xextproto-7.3.0
=> Build dependency inputproto>=1.4: found inputproto-2.3.1
=> Build dependency xineramaproto>=1.1.1: found xineramaproto-1.2.1
=> Build dependency fixesproto>=3.0.0: found fixesproto-5.0
=> Build dependency renderproto>=0.9.3nb1: found renderproto-0.11.1
=> Build dependency randrproto>=1.4: found randrproto-1.4.0
=> Full dependency libXinerama>=1.0.1: found libXinerama-1.1.3
=> Full dependency jpeg>=9: found jpeg-9anb1
=> Full dependency MesaLib>=7.11.2: NOT found
=> Verifying reinstall for ../../graphics/MesaLib
=> Bootstrap dependency digest>=20010302: found digest-20121220
===> Extracting for MesaLib-7.11.2nb4
/bin/tar: Mesa-7.11.2/bin/minstall: Cannot hard link to `Mesa-7.11.2/bin/install-sh': Operation not supported
/bin/tar: Mesa-7.11.2/src/mesa/drivers/dri/radeon/server/radeon_reg.h: Cannot hard link to `Mesa-7.11.2/src/mesa/drivers/dri/r200/server/radeon_reg.h': Operation not supported
/bin/tar: Exiting with failure status due to previous errors
*** Error code 2

Stop.
bmake: stopped in /boot/home/pkgsrc/pkgsrc/graphics/MesaLib
*** Error code 1

Stop.
bmake: stopped in /boot/home/pkgsrc/pkgsrc/graphics/MesaLib
*** Error code 1

Stop.
bmake: stopped in /boot/home/pkgsrc/pkgsrc/x11/qt3-libs
*** Error code 1

Stop.
bmake: stopped in /boot/home/pkgsrc/pkgsrc/cad/qcad
*** Error code 1

Stop.
bmake: stopped in /boot/home/pkgsrc/pkgsrc/cad/qcad-manual-en
===> qcad-manual-hu
=> Bootstrap dependency digest>=20010302: found digest-20121220
=> Fetching qcad-manual-hu-2.0.4.0-1.html.zip
=> Total size: 1583042 bytes
  % Total    % Received % Xferd  Average Speed   Time    Time     Time  Current
                                 Dload  Upload   Total   Spent    Left  Speed
100 1545k  100 1545k    0     0   221k      0  0:00:06  0:00:06 --:--:--  228k
===> Installing dependencies for qcad-manual-hu-2.0.4.0
=> Tool dependency pax>=20040802: found pax-20080110nb2
=> Full dependency qcad>=2.0.4.0: NOT found
=> Verifying reinstall for ../../cad/qcad
=> Bootstrap dependency digest>=20010302: found digest-20121220
===> Installing dependencies for qcad-2.0.5.0nb11
==========================================================================
The following variables will affect the build process of this package,
qcad-2.0.5.0nb11.  Their current value is shown below:

        * JPEG_DEFAULT = jpeg

Based on these variables, the following variables have been set:

        * JPEGBASE (defined, but empty)
        * JPEG_TYPE = jpeg

You may want to abort the process now with CTRL-C and change their value
before continuing.  Be sure to run `/boot/home/pkg/bin/bmake clean' after
the changes.
==========================================================================
=> Tool dependency autoconf>=2.50: found autoconf-2.69nb5
=> Tool dependency nbpatch-[0-9]*: found nbpatch-20100124
=> Tool dependency pax>=20040802: found pax-20080110nb2
=> Build dependency kbproto>=1.0.2: found kbproto-1.0.6
=> Build dependency xproto>=7.0.9: found xproto-7.0.26
=> Build dependency xcb-proto>=1.4: found xcb-proto-1.11
=> Build dependency xextproto>=7.0: found xextproto-7.3.0
=> Build dependency inputproto>=1.4: found inputproto-2.3.1
=> Build dependency fixesproto>=3.0.0: found fixesproto-5.0
=> Build dependency renderproto>=0.9.3nb1: found renderproto-0.11.1
=> Build dependency randrproto>=1.4: found randrproto-1.4.0
=> Build dependency xineramaproto>=1.1.1: found xineramaproto-1.2.1
=> Full dependency qt3-libs>=3.3.8nb26: NOT found
=> Verifying reinstall for ../../x11/qt3-libs
=> Bootstrap dependency digest>=20010302: found digest-20121220
===> Installing dependencies for qt3-libs-3.3.8nb28
==========================================================================
The supported build options for qt3-libs are:

        cups debug inet6

The currently selected options are:

        inet6

You can select which build options to use by setting PKG_DEFAULT_OPTIONS
or the following variable.  Its current value is shown:

        PKG_OPTIONS.qt3 (not defined)

==========================================================================
==========================================================================
The following variables will affect the build process of this package,
qt3-libs-3.3.8nb28.  Their current value is shown below:

        * JPEG_DEFAULT = jpeg

Based on these variables, the following variables have been set:

        * JPEGBASE (defined, but empty)
        * JPEG_TYPE = jpeg

You may want to abort the process now with CTRL-C and change their value
before continuing.  Be sure to run `/boot/home/pkg/bin/bmake clean' after
the changes.
==========================================================================
=> Tool dependency libtool-base>=2.2.6bnb3: found libtool-base-2.4.2nb7
=> Tool dependency nbpatch-[0-9]*: found nbpatch-20100124
=> Build dependency kbproto>=1.0.2: found kbproto-1.0.6
=> Build dependency xproto>=7.0.9: found xproto-7.0.26
=> Build dependency xcb-proto>=1.4: found xcb-proto-1.11
=> Build dependency xextproto>=7.0: found xextproto-7.3.0
=> Build dependency inputproto>=1.4: found inputproto-2.3.1
=> Build dependency xineramaproto>=1.1.1: found xineramaproto-1.2.1
=> Build dependency fixesproto>=3.0.0: found fixesproto-5.0
=> Build dependency renderproto>=0.9.3nb1: found renderproto-0.11.1
=> Build dependency randrproto>=1.4: found randrproto-1.4.0
=> Full dependency libXinerama>=1.0.1: found libXinerama-1.1.3
=> Full dependency jpeg>=9: found jpeg-9anb1
=> Full dependency MesaLib>=7.11.2: NOT found
=> Verifying reinstall for ../../graphics/MesaLib
=> Bootstrap dependency digest>=20010302: found digest-20121220
===> Extracting for MesaLib-7.11.2nb4
/bin/tar: Mesa-7.11.2/bin/minstall: Cannot hard link to `Mesa-7.11.2/bin/install-sh': Operation not supported
/bin/tar: Mesa-7.11.2/src/mesa/drivers/dri/radeon/server/radeon_reg.h: Cannot hard link to `Mesa-7.11.2/src/mesa/drivers/dri/r200/server/radeon_reg.h': Operation not supported
/bin/tar: Exiting with failure status due to previous errors
*** Error code 2

Stop.
bmake: stopped in /boot/home/pkgsrc/pkgsrc/graphics/MesaLib
*** Error code 1

Stop.
bmake: stopped in /boot/home/pkgsrc/pkgsrc/graphics/MesaLib
*** Error code 1

Stop.
bmake: stopped in /boot/home/pkgsrc/pkgsrc/x11/qt3-libs
*** Error code 1

Stop.
bmake: stopped in /boot/home/pkgsrc/pkgsrc/cad/qcad
*** Error code 1

Stop.
bmake: stopped in /boot/home/pkgsrc/pkgsrc/cad/qcad-manual-hu
===> qcad-partlibrary
=> Bootstrap dependency digest>=20010302: found digest-20121220
=> Fetching partlibrary-2.0.1.2-1.zip
=> Total size: 12243050 bytes
  % Total    % Received % Xferd  Average Speed   Time    Time     Time  Current
                                 Dload  Upload   Total   Spent    Left  Speed
  0     0    0     0    0     0      0      0 --:--:-- --:--:-- --:--:--     0
curl: (22) The requested URL returned error: 404 Not Found
fetch: Unable to fetch expected file partlibrary-2.0.1.2-1.zip
  % Total    % Received % Xferd  Average Speed   Time    Time     Time  Current
                                 Dload  Upload   Total   Spent    Left  Speed
100 11.6M  100 11.6M    0     0   278k      0  0:00:42  0:00:42 --:--:--  309k
===> Installing dependencies for qcad-partlibrary-2.0.1.2nb1
=> Tool dependency pax>=20040802: found pax-20080110nb2
=> Full dependency qcad>=2.0.0.0: NOT found
=> Verifying reinstall for ../../cad/qcad
=> Bootstrap dependency digest>=20010302: found digest-20121220
===> Installing dependencies for qcad-2.0.5.0nb11
==========================================================================
The following variables will affect the build process of this package,
qcad-2.0.5.0nb11.  Their current value is shown below:

        * JPEG_DEFAULT = jpeg

Based on these variables, the following variables have been set:

        * JPEGBASE (defined, but empty)
        * JPEG_TYPE = jpeg

You may want to abort the process now with CTRL-C and change their value
before continuing.  Be sure to run `/boot/home/pkg/bin/bmake clean' after
the changes.
==========================================================================
=> Tool dependency autoconf>=2.50: found autoconf-2.69nb5
=> Tool dependency nbpatch-[0-9]*: found nbpatch-20100124
=> Tool dependency pax>=20040802: found pax-20080110nb2
=> Build dependency kbproto>=1.0.2: found kbproto-1.0.6
=> Build dependency xproto>=7.0.9: found xproto-7.0.26
=> Build dependency xcb-proto>=1.4: found xcb-proto-1.11
=> Build dependency xextproto>=7.0: found xextproto-7.3.0
=> Build dependency inputproto>=1.4: found inputproto-2.3.1
=> Build dependency fixesproto>=3.0.0: found fixesproto-5.0
=> Build dependency renderproto>=0.9.3nb1: found renderproto-0.11.1
=> Build dependency randrproto>=1.4: found randrproto-1.4.0
=> Build dependency xineramaproto>=1.1.1: found xineramaproto-1.2.1
=> Full dependency qt3-libs>=3.3.8nb26: NOT found
=> Verifying reinstall for ../../x11/qt3-libs
=> Bootstrap dependency digest>=20010302: found digest-20121220
===> Installing dependencies for qt3-libs-3.3.8nb28
==========================================================================
The supported build options for qt3-libs are:

        cups debug inet6

The currently selected options are:

        inet6

You can select which build options to use by setting PKG_DEFAULT_OPTIONS
or the following variable.  Its current value is shown:

        PKG_OPTIONS.qt3 (not defined)

==========================================================================
==========================================================================
The following variables will affect the build process of this package,
qt3-libs-3.3.8nb28.  Their current value is shown below:

        * JPEG_DEFAULT = jpeg

Based on these variables, the following variables have been set:

        * JPEGBASE (defined, but empty)
        * JPEG_TYPE = jpeg

You may want to abort the process now with CTRL-C and change their value
before continuing.  Be sure to run `/boot/home/pkg/bin/bmake clean' after
the changes.
==========================================================================
=> Tool dependency libtool-base>=2.2.6bnb3: found libtool-base-2.4.2nb7
=> Tool dependency nbpatch-[0-9]*: found nbpatch-20100124
=> Build dependency kbproto>=1.0.2: found kbproto-1.0.6
=> Build dependency xproto>=7.0.9: found xproto-7.0.26
=> Build dependency xcb-proto>=1.4: found xcb-proto-1.11
=> Build dependency xextproto>=7.0: found xextproto-7.3.0
=> Build dependency inputproto>=1.4: found inputproto-2.3.1
=> Build dependency xineramaproto>=1.1.1: found xineramaproto-1.2.1
=> Build dependency fixesproto>=3.0.0: found fixesproto-5.0
=> Build dependency renderproto>=0.9.3nb1: found renderproto-0.11.1
=> Build dependency randrproto>=1.4: found randrproto-1.4.0
=> Full dependency libXinerama>=1.0.1: found libXinerama-1.1.3
=> Full dependency jpeg>=9: found jpeg-9anb1
=> Full dependency MesaLib>=7.11.2: NOT found
=> Verifying reinstall for ../../graphics/MesaLib
=> Bootstrap dependency digest>=20010302: found digest-20121220
===> Extracting for MesaLib-7.11.2nb4
/bin/tar: Mesa-7.11.2/bin/minstall: Cannot hard link to `Mesa-7.11.2/bin/install-sh': Operation not supported
/bin/tar: Mesa-7.11.2/src/mesa/drivers/dri/radeon/server/radeon_reg.h: Cannot hard link to `Mesa-7.11.2/src/mesa/drivers/dri/r200/server/radeon_reg.h': Operation not supported
/bin/tar: Exiting with failure status due to previous errors
*** Error code 2

Stop.
bmake: stopped in /boot/home/pkgsrc/pkgsrc/graphics/MesaLib
*** Error code 1

Stop.
bmake: stopped in /boot/home/pkgsrc/pkgsrc/graphics/MesaLib
*** Error code 1

Stop.
bmake: stopped in /boot/home/pkgsrc/pkgsrc/x11/qt3-libs
*** Error code 1

Stop.
bmake: stopped in /boot/home/pkgsrc/pkgsrc/cad/qcad
*** Error code 1

Stop.
bmake: stopped in /boot/home/pkgsrc/pkgsrc/cad/qcad-partlibrary
===> sci-wcalc>
=> Bootstrap dependency digest>=20010302: found digest-20121220
===> Installing dependencies for sci-wcalc-1.0nb3
=> Tool dependency libtool-base>=2.2.6bnb3: found libtool-base-2.4.2nb7
=> Tool dependency nbpatch-[0-9]*: found nbpatch-20100124
=> Tool dependency pkg-config>=0.25: found pkg-config-0.28
=> Full dependency libwcalc-1.0*: found libwcalc-1.0nb2
=> Full dependency libwcalc>=1.0nb2: found libwcalc-1.0nb2
=> Full dependency scilab>=4.1: NOT found
=> Verifying reinstall for ../../math/scilab
=> Bootstrap dependency digest>=20010302: found digest-20121220
===> Installing dependencies for scilab-4.1nb12
=> Tool dependency libtool-base>=2.2.6bnb3: found libtool-base-2.4.2nb7
=> Tool dependency nbpatch-[0-9]*: found nbpatch-20100124
=> Build dependency libtool-fortran>=2.2.6bnb3: NOT found
=> Verifying reinstall for ../../devel/libtool-fortran
=> Bootstrap dependency digest>=20010302: found digest-20121220
===> Installing dependencies for libtool-fortran-2.4.2nb4
=> Tool dependency nbpatch-[0-9]*: found nbpatch-20100124
=> Full dependency g95>=0.91: NOT found
=> Verifying reinstall for ../../lang/g95
=> Bootstrap dependency digest>=20010302: found digest-20121220
===> Configuring for g95-0.93nb6
cd /boot/home/pkgsrc/pkgsrc/lang/g95/work/g95-0.93/libf95.a-0.93 && autoreconf -i
aclocal: warning: autoconf input should be named 'configure.ac', not 'configure.in'
/boot/home/pkg/share/aclocal/xpk.m4:12: warning: underquoted definition of AM_PATH_XPK
/boot/home/pkg/share/aclocal/xpk.m4:12:   run info Automake 'Extending aclocal'
/boot/home/pkg/share/aclocal/xpk.m4:12:   or see http://www.gnu.org/software/automake/manual/automake.html#Extending-aclocal
configure.in:5: warning: AC_ARG_PROGRAM was called before AC_CANONICAL_TARGET
../../lib/autoconf/general.m4:1857: AC_CANONICAL_SYSTEM is expanded from...
configure.in:5: the top level
configure.in:5: warning: AC_ARG_PROGRAM was called before AC_CANONICAL_TARGET
../../lib/autoconf/general.m4:1857: AC_CANONICAL_SYSTEM is expanded from...
configure.in:5: the top level
configure.in:5: warning: AC_ARG_PROGRAM was called before AC_CANONICAL_TARGET
../../lib/autoconf/general.m4:1857: AC_CANONICAL_SYSTEM is expanded from...
configure.in:5: the top level
configure.in:5: warning: AC_ARG_PROGRAM was called before AC_CANONICAL_TARGET
../../lib/autoconf/general.m4:1857: AC_CANONICAL_SYSTEM is expanded from...
checking target system type... Invalid configuration `PKG_CONFIG_PATH=/boot/home/pkg/lib/pkgconfig': machine `PKG_CONFIG_PATH=/boot/home/pkg/lib/pkgconfig' `recursive' not remade because of errors.
         Done with work
Done with build at Thu Sep 11 15:00:49 PDT 2014
/bin/chmod a+rx /boot/home/pkgsrc/pkgsrc/cad/spice/work/.destdir/boot/home/pkg/bin/spice3   /boot/home/pkgsrc/pkgsrc/cad/spice/work/.destdir/boot/home/pkg/bin/nutmeg                /boot/home/pkgsrc/pkgsrc/cad/spice/work/.destdir/boot/home/pkg/bin/sconvert         /boot/home/pkgsrc/pkgsrc/cad/spice/work/.destdir/boot/home/pkg/bin/help             /boot/home/pkgsrc/pkgsrc/cad/spice/work/.destdir/boot/home/pkg/bin/proc2mod         /boot/home/pkgsrc/pkgsrc/cad/spice/work/.destdir/boot/home/pkg/bin/multidec
/bin/chmod: cannot access `/boot/home/pkgsrc/pkgsrc/cad/spice/work/.destdir/boot/home/pkg/bin/spice3': No such file or directory
/bin/chmod: cannot access `/boot/home/pkgsrc/pkgsrc/cad/spice/work/.destdir/boot/home/pkg/bin/nutmeg': No such file or directory
/bin/chmod: cannot access `/boot/home/pkgsrc/pkgsrc/cad/spice/work/.destdir/boot/home/pkg/bin/sconvert': No such file or directory
/bin/chmod: cannot access `/boot/home/pkgsrc/pkgsrc/cad/spice/work/.destdir/boot/home/pkg/bin/help': No such file or directory
/bin/chmod: cannot access `/boot/home/pkgsrc/pkgsrc/cad/spice/work/.destdir/boot/home/pkg/bin/proc2mod': No such file or directory
*** Error code 1

Stop.
bmake: stopped in /boot/home/pkgsrc/pkgsrc/cad/spice
*** Error code 1

Stop.
bmake: stopped in /boot/home/pkgsrc/pkgsrc/cad/spice
 ===> tkgate
=> Bootstrap dependency digest>=20010302: found digest-20121220
=> Fetching tkgate-1.6i.tgz
=> Total size: 1459011 bytes
curl: (6) Couldn't resolve host 'gadoid.ices.cmu.edu'
fetch: Unable to fetch expected file tkgate-1.6i.tgz
  % Total    % Received % Xferd  Average Speed   Time    Time     Time  Current
                                 Dload  Upload   Total   Spent    Left  Speed
100 1424k  100 1424k    0     0   124k      0  0:00:11  0:00:11 --:--:--  303k
===> Installing dependencies for tkgate-1.6inb9
=> Tool dependency imake-[0-9]*: found imake-1.0.7
=> Tool dependency imake-[0-9]*: found imake-1.0.7
=> Tool dependency nbpatch-[0-9]*: found nbpatch-20100124
=> Build dependency libiconv-[0-9]*: found libiconv-1.14nb2
=> Build dependency renderproto>=0.9.3nb1: found renderproto-0.11.1
=> Build dependency kbproto>=1.0.2: found kbproto-1.0.6
=> Build dependency xproto>=7.0.9: found xproto-7.0.26
=> Build dependency xcb-proto>=1.4: found xcb-proto-1.11
=> Full dependency tk>=8.6.1: found tk-8.6.1nb2
===> Overriding tools for tkgate-1.6inb9
===> Extracting for tkgate-1.6inb9
===> Patching for tkgate-1.6inb9
=> Applying pkgsrc patches for tkgate-1.6inb9
===> Creating toolchain wrappers for tkgate-1.6inb9
===> Configuring for tkgate-1.6inb9
=> Fixing paths in configuration files.
echo "Earth" > /boot/home/pkgsrc/pkgsrc/cad/tkgate/work/tkgate-1.6i/sitename.txt
*** updating config.h
*** doing xmkmf
*** doing includes
*** doing dependencies
conflicts: 1 shift/reduce
+ mv -f y.tab.h vgrammar.h
makedepend: warning:  hash.c (reading /boot/home/pkg/include/sys/types.h, line 9): cannot find include file "config/types.h"
        not in /boot/home/pkg/include/config/types.h
        not in /usr/include/config/types.h
makedepend: warning:  hash.c (reading /boot/home/pkg/include/sys/types.h, line 11): cannot find include file "BeBuild.h"
        not in /boot/home/pkg/include/BeBuild.h
        not in /usr/include/BeBuild.h
makedepend: warning:  hash.c (reading /boot/home/pkg/include/size_t.h, line 9): cannot find include file "stddef.h"
        not in /boot/home/pkg/include/stddef.h
        not in /usr/include/stddef.h
makedepend: warning:  hash.c (reading /boot/home/pkg/include/stdio.h, line 11): cannot find include file "stdarg.h"
        not in /boot/home/pkg/include/stdarg.h
        not in /usr/include/stdarg.h
makedepend: warning:  hash.c (reading /boot/home/pkg/include/libio.h, line 31): cannot find include file "stdarg.h"
        not in /boot/home/pkg/include/stdarg.h
        not in /usr/include/stdarg.h
makedepend: warning:  hash.c (reading /boot/home/pkg/include/limits.h, line 10): cannot find include file "config/types.h"
        not in /boot/home/pkg/include/config/types.h
        not in /usr/include/config/types.h
makedepend: warning:  hash.c (reading /boot/home/pkg/include/limits.h, line 12): cannot find include file "float.h"
        not in /boot/home/pkg/include/float.h
        not in /usr/include/float.h
makedepend: warning:  hash.c (reading /boot/home/pkg/include/limits.h, line 82): cannot find include file "limits.h"
        not in /usr/include/limits.h
makedepend: warning:  hash.c (reading /boot/home/pkg/include/stdlib.h, line 12): cannot find include file "stddef.h"
        not in /boot/home/pkg/include/stddef.h
        not in /usr/include/stddef.h
makedepend: warning:  hash.c (reading /boot/home/pkg/include/wchar_t.h, line 8): cannot find include file "stddef.h"
        not in /boot/home/pkg/include/stddef.h
        not in /usr/include/stddef.h
makedepend: warning:  ycmalloc.c, line 32: cannot find include file "stdarg.h"
        not in /boot/home/pkg/include/stdarg.h
        not in /usr/include/stdarg.h
makedepend: warning:  vgrammar.c, line 328: cannot find include file "stddef.h"
        not in /boot/home/pkg/include/stddef.h
        not in /usr/include/stddef.h
makedepend: warning:  luthor.c (reading /boot/home/pkg/include/errno.h, line 14): cannot find include file "Errors.h"
        not in /boot/home/pkg/include/Errors.h
        not in /usr/include/Errors.h
makedepend: warning:  tkgate.c (reading /boot/home/pkg/include/sys/types.h, line 9): cannot find include file "config/types.h"
        not in /boot/home/pkg/include/config/types.h
        not in /boot/home/pkg/include/config/types.h
        not in /usr/include/config/types.h
makedepend: warning:  tkgate.c (reading /boot/home/pkg/include/sys/types.h, line 11): cannot find include file "BeBuild.h"
        not in /boot/home/pkg/include/BeBuild.h
        not in /boot/home/pkg/include/BeBuild.h
        not in /usr/include/BeBuild.h
makedepend: warning:  tkgate.c (reading /boot/home/pkg/include/size_t.h, line 9): cannot find include file "stddef.h"
        not in /boot/home/pkg/include/stddef.h
        not in /boot/home/pkg/include/stddef.h
        not in /usr/include/stddef.h
makedepend: warning:  tkgate.c (reading /boot/home/pkg/include/limits.h, line 10): cannot find include file "config/types.h"
        not in /boot/home/pkg/include/config/types.h
        not in /boot/home/pkg/include/config/types.h
        not in /usr/include/config/types.h
makedepend: warning:  tkgate.c (reading /boot/home/pkg/include/limits.h, line 12): cannot find include file "float.h"
        not in /boot/home/pkg/include/float.h
        not in /boot/home/pkg/include/float.h
        not in /usr/include/float.h
makedepend: warning:  tkgate.c (reading /boot/home/pkg/include/stdlib.h, line 12): cannot find include file "stddef.h"
        not in /boot/home/pkg/include/stddef.h
        not in /boot/home/pkg/include/stddef.h
        not in /usr/include/stddef.h
makedepend: warning:  tkgate.c (reading /boot/home/pkg/include/wchar_t.h, line 8): cannot find include file "stddef.h"
        not in /boot/home/pkg/include/stddef.h
        not in /boot/home/pkg/include/stddef.h
        not in /usr/include/stddef.h
makedepend: warning:  tkgate.c (reading /boot/home/pkg/include/stdio.h, line 11): cannot find include file "stdarg.h"
        not in /boot/home/pkg/include/stdarg.h
        not in /boot/home/pkg/include/stdarg.h
        not in /usr/include/stdarg.h
makedepend: warning:  tkgate.c (reading /boot/home/pkg/include/libio.h, line 31): cannot find include file "stdarg.h"
        not in /boot/home/pkg/include/stdarg.h
        not in /boot/home/pkg/include/stdarg.h
        not in /usr/include/stdarg.h
makedepend: warning:  tkgate.c (reading tkgate.h, line 24): cannot find include file "stdarg.h"
        not in /boot/home/pkg/include/stdarg.h
        not in /boot/home/pkg/include/stdarg.h
        not in /usr/include/stdarg.h
makedepend: warning:  tkgate.c (reading /boot/home/pkg/include/signal.h), line 351: incomplete include == "#include __HAIKU_ARCH_HEADER(signal.h)"
makedepend: warning:  tkgate.c (reading /boot/home/pkg/include/X11/Xlib.h, line 51): cannot find include file "stddef.h"
        not in /boot/home/pkg/include/stddef.h
        not in /boot/home/pkg/include/stddef.h
        not in /usr/include/stddef.h
makedepend: warning:  tkgate.c (reading /boot/home/pkg/include/tcl.h, line 151): cannot find include file "stdarg.h"
        not in /boot/home/pkg/include/stdarg.h
        not in /boot/home/pkg/include/stdarg.h
        not in /usr/include/stdarg.h
makedepend: warning:  tkgate.c (reading /boot/home/pkg/include/tk.h, line 102): cannot find include file "stddef.h"
        not in /boot/home/pkg/include/stddef.h
        not in /boot/home/pkg/include/stddef.h
        not in /usr/include/stddef.h
        not in /usr/include/stddef.h
makedepend: warning:  luthor.c (reading /boot/home/pkg/include/errno.h, line 14): cannot find include file "Errors.h"
        not in /boot/home/pkg/include/Errors.h
        not in /usr/include/Errors.h
*************************************************************
Configuration Results:
  Language Support: Western (English and European)
  C Compiler:       gcc
  Tcl/Tk Version:   8.6
  Library Path:      -L/boot/home/pkg/lib
  Include Path:      -I/boot/home/pkg/include
  Libraries:         -L/boot/home/pkg/lib -Wl,-R/boot/home/pkg/lib -L/boot/system/lib -Wl,-R/boot/system/lib -ltk86 -ltcl86 -lroot -lz -lnetwork -lX11
  Primary Home:     /boot/home/pkg/share/tkgate-1.6i
  Secondary Home:   /boot/home/pkgsrc/pkgsrc/cad/tkgate/work/tkgate-1.6i
  optreset usage:   0
  long long usage:  1
  Ephemeral Signal: 1
  Use sigset:       0
  Yacc:             bison -y
  Lex:              flex -l
  No yyrestart:     0
*************************************************************
* Configuration complete - type 'make' to compile.
*************************************************************
===> Building for tkgate-1.6inb9
=> Adding Haiku lnetwork to libraries
INFO: [subst.mk:libs] Nothing changed in ./Makefile.
making all in ./src/common...
bmake: ignoring stale .depend for /usr/include/stdio.h
bmake: ignoring stale .depend for /usr/include/sys/cdefs.h
bmake: ignoring stale .depend for /usr/include/machine/ansi.h
bmake: ignoring stale .depend for /usr/include/stdlib.h
bmake: ignoring stale .depend for /usr/include/string.h
gcc -O2      -I/boot/home/pkg/include          -I/boot/home/pkg/include -I/boot/home/pkg/include/freetype2 -c hash.c
gcc -O2      -I/boot/home/pkg/include          -I/boot/home/pkg/include -I/boot/home/pkg/include/freetype2 -c list.c
gcc -O2      -I/boot/home/pkg/include          -I/boot/home/pkg/include -I/boot/home/pkg/include/freetype2 -c misc.c
bmake: ignoring stale .depend for /usr/include/stdarg.h
bmake: ignoring stale .depend for /usr/include/assert.h
gcc -O2      -I/boot/home/pkg/include          -I/boot/home/pkg/include -I/boot/home/pkg/include/freetype2 -c ycmalloc.c
bmake: $(_NULLCMD_) expands to empty string
making all in ./src/tkgate...
bmake: ignoring stale .depend for /usr/include/stdlib.h
bmake: ignoring stale .depend for /usr/include/sys/cdefs.h
bmake: ignoring stale .depend for /usr/include/machine/ansi.h
bmake: ignoring stale .depend for /usr/include/sys/types.h
bmake: ignoring stale .depend for /usr/include/sys/inttypes.h
bmake: ignoring stale .depend for /usr/include/machine/types.h
bmake: ignoring stale .depend for /usr/include/machine/endian.h
bmake: ignoring stale .depend for /usr/include/sys/stat.h
bmake: ignoring stale .depend for /usr/include/sys/time.h
bmake: ignoring stale .depend for /usr/include/time.h
bmake: ignoring stale .depend for /usr/include/sys/_posix.h
bmake: ignoring stale .depend for /usr/include/stdio.h
bmake: ignoring stale .depend for /usr/include/stdarg.h
bmake: ignoring stale .depend for /usr/include/ctype.h
bmake: ignoring stale .depend for /usr/include/runetype.h
bmake: ignoring stale .depend for /usr/include/unistd.h
bmake: ignoring stale .depend for /usr/include/sys/unistd.h
bmake: ignoring stale .depend for /usr/include/pwd.h
bmake: ignoring stale .depend for /usr/include/assert.h
bmake: ignoring stale .depend for /usr/include/string.h
bmake: ignoring stale .depend for /usr/include/signal.h
bmake: ignoring stale .depend for /usr/include/sys/signal.h
bmake: ignoring stale .depend for /usr/include/machine/signal.h
bmake: ignoring stale .depend for /usr/include/machine/trap.h
bmake: ignoring stale .depend for /usr/include/sys/ucontext.h
bmake: ignoring stale .depend for /usr/include/machine/ucontext.h
bmake: ignoring stale .depend for /usr/X11R6/include/X11/Xlib.h
bmake: ignoring stale .depend for /usr/X11R6/include/X11/X.h
bmake: ignoring stale .depend for /usr/X11R6/include/X11/Xfuncproto.h
bmake: ignoring stale .depend for /usr/X11R6/include/X11/Xosdefs.h
bmake: ignoring stale .depend for /usr/include/stddef.h
bmake: ignoring stale .depend for /usr/X11R6/include/X11/Xresource.h
bmake: ignoring stale .depend for /usr/X11R6/include/X11/cursorfont.h
bmake: ignoring stale .depend for /usr/local/include/tcl8.0jp/tcl.h
bmake: ignoring stale .depend for /usr/local/include/tk8.0jp/tk.h
gcc -O2    -I/boot/home/pkg/include  -I/boot/home/pkg/include          -I/boot/home/pkg/include -I/boot/home/pkg/include/freetype2 -c tkgate.c
tkgate.c: In function 'gat_msgLookup':
tkgate.c:314:5: warning: 'result' is deprecated (declared at /boot/home/pkgsrc/pkgsrc/cad/tkgate/work/.buildlink/include/tcl.h:509) [-Wdeprecated-declarations]
     strcpy(tcl->result,msg);
     ^
making all in ./src/gmac...
bmake: ignoring stale .depend for /usr/include/stdlib.h
bmake: ignoring stale .depend for /usr/include/sys/cdefs.h
bmake: ignoring stale .depend for /usr/include/machine/ansi.h
bmake: ignoring stale .depend for /usr/include/stdio.h
bmake: ignoring stale .depend for /usr/include/string.h
bmake: ignoring stale .depend for /usr/include/stdarg.h
bmake: ignoring stale .depend for /usr/include/sys/types.h
bmake: ignoring stale .depend for /usr/include/sys/inttypes.h
bmake: ignoring stale .depend for /usr/include/machine/types.h
bmake: ignoring stale .depend for /usr/include/machine/endian.h
bmake: ignoring stale .depend for /usr/include/unistd.h
bmake: ignoring stale .depend for /usr/include/sys/unistd.h
bmake: ignoring stale .depend for /usr/include/sys/_posix.h
bmake: ignoring stale .depend for /usr/include/pwd.h
gcc -O2      -I/boot/home/pkg/include          -I/boot/home/pkg/include -I/boot/home/pkg/include/freetype2 -c gmac.c
gcc -O2      -I/boot/home/pkg/include          -I/boot/home/pkg/include -I/boot/home/pkg/include/freetype2 -c parser.c
gcc -O2      -I/boot/home/pkg/include          -I/boot/home/pkg/include -I/boot/home/pkg/include/freetype2 -c grammar.c
bmake: ignoring stale .depend for /usr/include/ctype.h
bmake: ignoring stale .depend for /usr/include/runetype.h
gcc -O2      -I/boot/home/pkg/include          -I/boot/home/pkg/include -I/boot/home/pkg/include/freetype2 -c luthor.c
bmake: don't know how to make /boot/home/pkg/lib/libXaw.a. Stop

bmake: stopped in /boot/home/pkgsrc/pkgsrc/cad/tkgate/work/tkgate-1.6i/src/gmac
*** Error code 2

Stop.
bmake: stopped in /boot/home/pkgsrc/pkgsrc/cad/tkgate/work/tkgate-1.6i
*** Error code 1

Stop.
bmake: stopped in /boot/home/pkgsrc/pkgsrc/cad/tkgate
*** Error code 1

Stop.
bmake: stopped in /boot/home/pkgsrc/pkgsrc/cad/tkgate
===> tnt-mmtl
=> Bootstrap dependency digest>=20010302: found digest-20121220
=> Fetching tnt-1.2.2.tar.gz
=> Total size: 2020099 bytes
  % Total    % Received % Xferd  Average Speed   Time    Time     Time  Current
                                 Dload  Upload   Total   Spent    Left  Speed
  0     0    0     0    0     0      0      0 --:--:-- --:--:-- --:--:--     0
  0     0    0     0    0     0      0      0 --:--:-- --:--:-- --:--:--     0
100 1972k  100 1972k    0     0   162k      0  0:00:12  0:00:12 --:--:--  266k
===> Installing dependencies for tnt-mmtl-1.2.2nb11
=> Tool dependency automake>=1.9: found automake-1.14.1nb1
=> Tool dependency autoconf>=2.58: found autoconf-2.69nb5
=> Tool dependency nbpatch-[0-9]*: found nbpatch-20100124
=> Build dependency latex2html-[0-9]*: NOT found
=> Verifying reinstall for ../../textproc/latex2html
=> Bootstrap dependency digest>=20010302: found digest-20121220
=> Fetching latex2html-2008.tar.gz
=> Total size: 1133054 bytes
  % Total    % Received % Xferd  Average Speed   Time    Time     Time  Current
                                 Dload  Upload   Total   Spent    Left  Speed
100 1106k  100 1106k    0     0   128k      0  0:00:08  0:00:08 --:--:--  243k
===> Installing dependencies for latex2html-2008nb5
=> Tool dependency nbpatch-[0-9]*: found nbpatch-20100124
=> Full dependency tex-graphics-[0-9]*: found tex-graphics-1.0onb1
=> Full dependency tex-hyperref-[0-9]*: NOT found
=> Verifying reinstall for ../../print/tex-hyperref
=> Bootstrap dependency digest>=20010302: found digest-20121220
=> Fetching hyperref.tar.xz
=> Total size: 88188 bytes
  % Total    % Received % Xferd  Average Speed   Time    Time     Time  Current
                                 Dload  Upload   Total   Spent    Left  Speed
100 88188  100 88188    0     0  20127      0  0:00:04  0:00:04 --:--:-- 21410
===> Installing dependencies for tex-hyperref-6.82a
=> Tool dependency pax>=20040802: found pax-20080110nb2
=> Full dependency tex-graphics>=1.0onb1: found tex-graphics-1.0onb1
=> Full dependency tex-ifxetex>=0.6: found tex-ifxetex-0.6
=> Full dependency tex-latex-bin>=2009nb1: NOT found
=> Verifying reinstall for ../../print/tex-latex-bin
=> Bootstrap dependency digest>=20010302: found digest-20121220
=> Fetching latex-bin.tar.xz
=> Total size: 412 bytes
  % Total    % Received % Xferd  Average Speed   Time    Time     Time  Current
                                 Dload  Upload   Total   Spent    Left  Speed
100   412  100   412    0     0    860      0 --:--:-- --:--:-- --:--:--  1064
===> Installing dependencies for tex-latex-bin-2013
=> Tool dependency pax>=20040802: found pax-20080110nb2
=> Full dependency tex-latex>=2012: NOT found
=> Verifying reinstall for ../../print/tex-latex
=> Bootstrap dependency digest>=20010302: found digest-20121220
=> Fetching latex.tar.xz
=> Total size: 148560 bytes
  % Total    % Received % Xferd  Average Speed   Time    Time     Time  Current
                                 Dload  Upload   Total   Spent    Left  Speed
100  145k  100  145k    0     0   238k      0 --:--:-- --:--:-- --:--:--  271k
===> Installing dependencies for tex-latex-2012
=> Tool dependency pax>=20040802: found pax-20080110nb2
=> Full dependency tex-latexconfig>=2011: found tex-latexconfig-2013
=> Full dependency tex-latex-fonts-[0-9]*: found tex-latex-fonts-2013
=> Full dependency tex-luatex-[0-9]*: NOT found
=> Verifying reinstall for ../../print/tex-luatex
=> Bootstrap dependency digest>=20010302: found digest-20121220
=> Fetching luatex.tar.xz
=> Total size: 12724 bytes
  % Total    % Received % Xferd  Average Speed   Time    Time     Time  Current
                                 Dload  Upload   Total   Spent    Left  Speed
100 12724  100 12724    0     0  25474      0 --:--:-- --:--:-- --:--:-- 30009
===> Installing dependencies for tex-luatex-0.70.1pl30581nb1
=> Tool dependency pax>=20040802: found pax-20080110nb2
=> Full dependency luatex>=0.60.1: NOT found
=> Verifying reinstall for ../../print/luatex
=> Bootstrap dependency digest>=20010302: found digest-20121220
=> Fetching luatex-beta-0.76.0-source.tar.bz2
=> Total size: 11748576 bytes
  % Total    % Received % Xferd  Average Speed   Time    Time     Time  Current
                                 Dload  Upload   Total   Spent    Left  Speed
100 11.2M  100 11.2M    0     0   240k      0  0:00:47  0:00:47 --:--:--  337k
===> Installing dependencies for luatex-0.76.0nb4
==========================================================================
The following variables will affect the build process of this package,
luatex-0.76.0nb4.  Their current value is shown below:

        * JPEG_DEFAULT = jpeg

Based on these variables, the following variables have been set:

        * JPEGBASE (defined, but empty)
        * JPEG_TYPE = jpeg

You may want to abort the process now with CTRL-C and change their value
before continuing.  Be sure to run `/boot/home/pkg/bin/bmake clean' after
the changes.
==========================================================================
=> Tool dependency libtool-base>=2.2.6bnb3: found libtool-base-2.4.2nb7
=> Tool dependency nbpatch-[0-9]*: found nbpatch-20100124
=> Tool dependency pkg-config>=0.25: found pkg-config-0.28
=> Build dependency xcb-proto>=1.4: found xcb-proto-1.11
=> Build dependency xproto>=7.0.9: found xproto-7.0.26
=> Build dependency kbproto>=1.0.2: found kbproto-1.0.6
=> Build dependency xextproto>=7.0: found xextproto-7.3.0
=> Build dependency inputproto>=1.4: found inputproto-2.3.1
=> Build dependency renderproto>=0.9.3nb1: found renderproto-0.11.1
=> Build dependency poppler-includes>=0.26.0: found poppler-includes-0.26.1nb1
=> Full dependency kpathsea>=6.0.1: found kpathsea-6.1.1
=> Full dependency zziplib>=0.13.56: found zziplib-0.13.59
=> Full dependency cairo>=1.12.16nb2: NOT found
=> Verifying reinstall for ../../graphics/cairo
=> Bootstrap dependency digest>=20010302: found digest-20121220
===> Installing dependencies for cairo-1.12.16nb4
==========================================================================
The supported build options for cairo are:

        x11 xcb

The currently selected options are:

        x11 xcb

You can select which build options to use by setting PKG_DEFAULT_OPTIONS
or the following variable.  Its current value is shown:

        PKG_OPTIONS.cairo (not defined)

==========================================================================
=> Tool dependency libtool-base>=2.2.6bnb3: found libtool-base-2.4.2nb7
=> Tool dependency nbpatch-[0-9]*: found nbpatch-20100124
=> Tool dependency pkg-config>=0.25: found pkg-config-0.28
=> Build dependency kbproto>=1.0.2: found kbproto-1.0.6
=> Build dependency xproto>=7.0.9: found xproto-7.0.26
=> Build dependency xcb-proto>=1.4: found xcb-proto-1.11
=> Build dependency xextproto>=7.0: found xextproto-7.3.0
=> Build dependency inputproto>=1.4: found inputproto-2.3.1
=> Build dependency renderproto>=0.9.3nb1: found renderproto-0.11.1
=> Build dependency libXt>=1.0.0: found libXt-1.1.4
=> Full dependency MesaLib>=7.11.2: NOT found
=> Verifying reinstall for ../../graphics/MesaLib
=> Bootstrap dependency digest>=20010302: found digest-20121220
===> Extracting for MesaLib-7.11.2nb4
/bin/tar: Mesa-7.11.2/bin/minstall: Cannot hard link to `Mesa-7.11.2/bin/install-sh': Operation not supported
/bin/tar: Mesa-7.11.2/src/mesa/drivers/dri/radeon/server/radeon_reg.h: Cannot hard link to `Mesa-7.11.2/src/mesa/drivers/dri/r200/server/radeon_reg.h': Operation not supported
/bin/tar: Exiting with failure status due to previous errors
*** Error code 2

Stop.
bmake: stopped in /boot/home/pkgsrc/pkgsrc/graphics/MesaLib
*** Error code 1

Stop.
bmake: stopped in /boot/home/pkgsrc/pkgsrc/graphics/MesaLib
*** Error code 1

Stop.
bmake: stopped in /boot/home/pkgsrc/pkgsrc/graphics/cairo
*** Error code 1

Stop.
bmake: stopped in /boot/home/pkgsrc/pkgsrc/print/luatex
*** Error code 1

Stop.
bmake: stopped in /boot/home/pkgsrc/pkgsrc/print/tex-luatex
*** Error code 1

Stop.
bmake: stopped in /boot/home/pkgsrc/pkgsrc/print/tex-latex
*** Error code 1

Stop.
bmake: stopped in /boot/home/pkgsrc/pkgsrc/print/tex-latex-bin
*** Error code 1

Stop.
bmake: stopped in /boot/home/pkgsrc/pkgsrc/print/tex-hyperref
*** Error code 1

Stop.
bmake: stopped in /boot/home/pkgsrc/pkgsrc/textproc/latex2html
*** Error code 1

Stop.
bmake: stopped in /boot/home/pkgsrc/pkgsrc/cad/tnt-mmtl
===> transcalc
=> Bootstrap dependency digest>=20010302: found digest-20121220
=> Fetching transcalc-0.14.tar.gz
=> Total size: 186434 bytes
  % Total    % Received % Xferd  Average Speed   Time    Time     Time  Current
                                 Dload  Upload   Total   Spent    Left  Speed
100  182k  100  182k    0     0   372k      0 --:--:-- --:--:-- --:--:--  511k
===> Installing dependencies for transcalc-0.14nb24
=> Tool dependency nbpatch-[0-9]*: found nbpatch-20100124
=> Tool dependency pkg-config>=0.25: found pkg-config-0.28
=> Build dependency renderproto>=0.9.3nb1: found renderproto-0.11.1
=> Build dependency kbproto>=1.0.2: found kbproto-1.0.6
=> Build dependency xproto>=7.0.13: found xproto-7.0.26
=> Build dependency xcb-proto>=1.4: found xcb-proto-1.11
=> Build dependency xextproto>=7.0.3: found xextproto-7.3.0
=> Build dependency inputproto>=2.3: found inputproto-2.3.1
=> Build dependency fixesproto>=3.0.0: found fixesproto-5.0
=> Build dependency randrproto>=1.4: found randrproto-1.4.0
=> Build dependency xineramaproto>=1.1.1: found xineramaproto-1.2.1
=> Build dependency compositeproto>=0.3.1: found compositeproto-0.4.2
=> Full dependency gtk2+>=2.24.22nb3: NOT found
=> Verifying reinstall for ../../x11/gtk2
=> Bootstrap dependency digest>=20010302: found digest-20121220
===> Installing dependencies for gtk2+-2.24.22nb5
==========================================================================
The supported build options for gtk2+ are:

        cups debug x11

The currently selected options are:

        x11

You can select which build options to use by setting PKG_DEFAULT_OPTIONS
or the following variable.  Its current value is shown:

        PKG_OPTIONS.gtk2 (not defined)

==========================================================================
==========================================================================
The following variables will affect the build process of this package,
gtk2+-2.24.22nb5.  Their current value is shown below:

        * PYTHON_VERSION_DEFAULT = 34

Based on these variables, the following variables have been set:

        * PYPACKAGE = python27

You may want to abort the process now with CTRL-C and change their value
before continuing.  Be sure to run `/boot/home/pkg/bin/bmake clean' after
the changes.
==========================================================================
=> Tool dependency libtool-base>=2.2.6bnb3: found libtool-base-2.4.2nb7
=> Tool dependency gettext-tools>=0.15: found gettext-tools-0.18.3.2
=> Tool dependency nbpatch-[0-9]*: found nbpatch-20100124
=> Tool dependency perl>=5.0: found perl-5.20.0nb1
=> Tool dependency pkg-config>=0.25: found pkg-config-0.28
=> Build dependency gobject-introspection>=1.34.0: NOT found
=> Verifying reinstall for ../../devel/gobject-introspection
=> Bootstrap dependency digest>=20010302: found digest-20121220
===> Installing dependencies for gobject-introspection-1.38.0nb2
==========================================================================
The following variables will affect the build process of this package,
gobject-introspection-1.38.0nb2.  Their current value is shown below:

        * PYTHON_VERSION_DEFAULT = 34

Based on these variables, the following variables have been set:

        * PYPACKAGE = python27

You may want to abort the process now with CTRL-C and change their value
before continuing.  Be sure to run `/boot/home/pkg/bin/bmake clean' after
the changes.
==========================================================================
=> Tool dependency libtool-base>=2.2.6bnb3: found libtool-base-2.4.2nb7
=> Tool dependency flex>=2.5.4a: found flex-2.5.39
=> Tool dependency nbpatch-[0-9]*: found nbpatch-20100124
=> Tool dependency pkg-config>=0.25: found pkg-config-0.28
=> Build dependency flex>=2.5.4a: found flex-2.5.39
=> Full dependency py27-cElementTree-[0-9]*: NOT found
=> Verifying reinstall for ../../textproc/py-cElementTree
=> Bootstrap dependency digest>=20010302: found digest-20121220
===> Building for py27-cElementTree-2.7.7
(cd /boot/home/pkgsrc/pkgsrc/textproc/py-cElementTree/work/Python-2.7.7/ && /bin/env USETOOLS=no PTHREAD_CFLAGS=\ -pthread\  PTHREAD_LDFLAGS=\ -pthread /bin/ld: unrecognized option '-specs=/boot/home/pkg/etc/specs'
/bin/ld: use the --help option for usage information
error: command 'ld' failed with exit status 1
*** Error code 1

Stop.
bmake: stopped in /boot/home/pkgsrc/pkgsrc/textproc/py-cElementTree
*** Error code 1

Stop.
bmake: stopped in /boot/home/pkgsrc/pkgsrc/textproc/py-cElementTree
*** Error code 1

Stop.
bmake: stopped in /boot/home/pkgsrc/pkgsrc/devel/gobject-introspection
*** Error code 1

Stop.
bmake: stopped in /boot/home/pkgsrc/pkgsrc/x11/gtk2
*** Error code 1

Stop.
bmake: stopped in /boot/home/pkgsrc/pkgsrc/cad/transcalc
===> verilog
=> Bootstrap dependency digest>=20010302: found digest-20121220
===> Building for verilog-0.9.7
g++ -rdynamic -L/boot/system/develop/lib -lnetwork -Wl,-R/boot/system/develop/lib -L/boot/home/pkg/lib -Wl,-R/boot/home/pkg/lib -o ivl main.o async.o design_dump.o discipline.o dup_expr.o elaborate.o elab_expr.o elaborate_analog.o elab_lval.o elab_net.o elab_pexpr.o elab_scope.o elab_sig.o elab_sig_analog.o emit.o eval.o eval_attrib.o eval_tree.o expr_synth.o functor.o lexor.o lexor_keyword.o link_const.o load_module.o netlist.o netmisc.o net_analog.o net_assign.o net_design.o net_event.o net_expr.o net_func.o net_link.o net_modulo.o net_nex_input.o net_nex_output.o net_proc.o net_scope.o net_tran.o net_udp.o pad_to_width.o parse.o parse_misc.o pform.o pform_analog.o pform_disciplines.o pform_dump.o pform_types.o set_width.o symbol_search.o sync.o sys_funcs.o verinum.o verireal.o target.o Attrib.o HName.o LineInfo.o Module.o PDelays.o PEvent.o PExpr.o PGate.o PGenerate.o PScope.o PSpec.o PTask.o PUdp.o PFunction.o PWire.o Statement.o AStatement.o StringHeap.o cprop.o nodangle.o synth.o synth2.o syn-rules.o t-dll.o t-dll-api.o t-dll-expr.o t-dll-proc.o t-dll-analog.o 
g++: error: unrecognized command line option '-rdynamic'
make: *** [ivl] Error 1
*** Error code 2

Stop.
bmake: stopped in /boot/home/pkgsrc/pkgsrc/cad/verilog
*** Error code 1

Stop.
bmake: stopped in /boot/home/pkgsrc/pkgsrc/cad/verilog
===> verilog-current
=> Bootstrap dependency digest>=20010302: found digest-20121220
=> Fetching verilog-20090923.tar.gz
=> Total size: 1121376 bytes
  % Total    % Received % Xferd  Average Speed   Time    Time     Time  Current
                                 Dload  Upload   Total   Spent    Left  Speed
100 1095k  100 1095k    0     0  31560      0  0:00:35  0:00:35 --:--:-- 36567
===> Installing dependencies for verilog-current-20090923nb1
==========================================================================
The following variables will affect the build process of this package,
verilog-current-20090923nb1.  Their current value is shown below:

        * READLINE_DEFAULT = readline

Based on these variables, the following variables have been set:

        * READLINE_TYPE = readline
        * TERMCAP_TYPE = c

You may want to abort the process now with CTRL-C and change their value
before continuing.  Be sure to run `/boot/home/pkg/bin/bmake clean' after
the changes.
==========================================================================
=> Tool dependency flex>=2.5.4a: found flex-2.5.39
=> Tool dependency nbpatch-[0-9]*: found nbpatch-20100124
=> Build dependency gperf>=3.0.1: found gperf-3.0.4
=> Build dependency flex>=2.5.4a: found flex-2.5.39
=> Full dependency bzip2>=1.0.3: found bzip2-1.0.6nb1
===> Overriding tools for verilog-current-20090923nb1
===> Extracting for verilog-current-20090923nb1
===> Patching for verilog-current-20090923nb1
=> Applying pkgsrc patches for verilog-current-20090923nb1
===> Creating toolchain wrappers for verilog-current-20090923nb1
===> Configuring for verilog-current-20090923nb1
=> Modifying GNU configure scripts to avoid --recheck
=> Replacing config-guess with pkgsrc versions
=> Replacing config-sub with pkgsrc versions
=> Replacing install-sh with pkgsrc version
config.status: creating tgt-vhdl/vhdl_config.h
===> Building for verilog-current-20090923nb1
=> Adding Haiku lnetwork to libraries
INFO: [subst.mk:libs] Nothing changed in ./Makefile.
mkdir dep
cat ./version_base.in version_tag.h > version.h
g++ -DHAVE_CONFIG_H -I. -I. -I/boot/home/pkg/include -Wall -Wno-error -specs=/boot/home/pkg/etc/specs -I/boot/home/pkg/include -MD -c main.cc -o main.o
mv main.d dep/main.d
g++ -DHAVE_CONFIG_H -I. -I. -I/boot/home/pkg/include -Wall -Wno-error -specs=/boot/home/pkg/etc/specs -I/boot/home/pkg/include -MD -c async.cc -o async.o
mv async.d dep/async.d
g++ -DHAVE_CONFIG_H -I. -I. -I/boot/home/pkg/include -Wall -Wno-error -specs=/boot/home/pkg/etc/specs -I/boot/home/pkg/include -MD -c design_dump.cc -o design_dump.o
mv design_dump.d dep/design_dump.d
g++ -DHAVE_CONFIG_H -I. -I. -I/boot/home/pkg/include -Wall -Wno-error -specs=/boot/home/pkg/etc/specs -I/boot/home/pkg/include -MD -c discipline.cc -o discipline.o
mv discipline.d dep/discipline.d
g++ -DHAVE_CONFIG_H -I. -I. -I/boot/home/pkg/include -Wall -Wno-error -specs=/boot/home/pkg/etc/specs -I/boot/home/pkg/include -MD -c dup_expr.cc -o dup_expr.o
mv dup_expr.d dep/dup_expr.d
g++ -DHAVE_CONFIG_H -I. -I. -I/boot/home/pkg/include -Wall -Wno-error -specs=/boot/home/pkg/etc/specs -I/boot/home/pkg/include -MD -c elaborate.cc -o mv t-dll-analog.d dep/t-dll-analog.d
g++ -rdynamic -L/boot/system/develop/lib -lnetwork -Wl,-R/boot/system/develop/lib -L/boot/home/pkg/lib -Wl,-R/boot/home/pkg/lib -o ivl main.o async.o design_dump.o discipline.o dup_expr.o elaborate.o elab_expr.o elaborate_analog.o elab_lval.o elab_net.o elab_pexpr.o elab_scope.o elab_sig.o elab_sig_analog.o emit.o eval.o eval_attrib.o eval_tree.o expr_synth.o functor.o lexor.o lexor_keyword.o link_const.o load_module.o netlist.o netmisc.o net_analog.o net_assign.o net_design.o net_event.o net_expr.o net_func.o net_link.o net_modulo.o net_nex_input.o net_nex_output.o net_proc.o net_scope.o net_tran.o net_udp.o pad_to_width.o parse.o parse_misc.o pform.o pform_analog.o pform_disciplines.o pform_dump.o pform_types.o set_width.o symbol_search.o sync.o sys_funcs.o verinum.o verireal.o target.o Attrib.o HName.o LineInfo.o Module.o PDelays.o PEvent.o PExpr.o PGate.o PGenerate.o PScope.o PSpec.o PTask.o PUdp.o PFunction.o PWire.o Statement.o AStatement.o StringHeap.o cprop.o nodangle.o synth.o synth2.o syn-rules.o t-dll.o t-dll-api.o t-dll-expr.o t-dll-proc.o t-dll-analog.o 
g++: error: unrecognized command line option '-rdynamic'
make: *** [ivl] Error 1
*** Error code 2

Stop.
bmake: stopped in /boot/home/pkgsrc/pkgsrc/cad/verilog-current
*** Error code 1

Stop.
bmake: stopped in /boot/home/pkgsrc/pkgsrc/cad/verilog-current
===> verilog-mode
=> Bootstrap dependency digest>=20010302: found digest-20121220
===> Installing dependencies for verilog-mode-3.60nb3
==========================================================================
The following variables will affect the build process of this package,
verilog-mode-3.60nb3.  Their current value is shown below:

        * EMACS_TYPE = emacs24

Based on these variables, the following variables have been set:

        * EMACS_BIN = /boot/home/pkg/bin/emacs
        * EMACS_ETCPREFIX = /boot/home/pkg/share
        * EMACS_FLAVOR = emacs
        * EMACS_INFOPREFIX = /boot/home/pkg/info
        * EMACS_LISPPREFIX = /boot/home/pkg/share/emacs/site-lisp
        * EMACS_PKGNAME_PREFIX (defined, but empty)
        * EMACS_VERSION_MAJOR = 24
        * EMACS_VERSION_MICRO (defined, but empty)
        * EMACS_VERSION_MINOR = 3

You may want to abort the process now with CTRL-C and change their value
before continuing.  Be sure to run `/boot/home/pkg/bin/bmake clean' after
the changes.
==========================================================================
=> Full dependency emacs24>=24.1<24.3.50: NOT found
=> Verifying reinstall for ../../editors/emacs24
=> Bootstrap dependency digest>=20010302: found digest-20121220
===> Installing dependencies for emacs24-24.3nb14
==========================================================================
The supported build options for emacs24 are:

        dbus gnutls gtk2 gtk3 motif nextstep svg x11
        xaw xft2 xml

The currently selected options are:

        dbus gtk3 svg x11 xft2

You can select which build options to use by setting PKG_DEFAULT_OPTIONS
or the following variable.  Its current value is shown:

        PKG_OPTIONS.emacs (not defined)

==========================================================================
==========================================================================
The following variables will affect the build process of this package,
emacs24-24.3nb14.  Their current value is shown below:

        * GAMEDATAMODE = 0644
        * JPEG_DEFAULT = jpeg
        * VARBASE = /boot/home/pkg/var

Based on these variables, the following variables have been set:

        * JPEGBASE (defined, but empty)
        * JPEG_TYPE = jpeg
        * TERMCAP_TYPE = c

You may want to abort the process now with CTRL-C and change their value
before continuing.  Be sure to run `/boot/home/pkg/bin/bmake clean' after
the changes.
==========================================================================
=> Tool dependency automake>=1.9: found automake-1.14.1nb1
=> Tool dependency autoconf>=2.58: found autoconf-2.69nb5
=> Tool dependency nbpatch-[0-9]*: found nbpatch-20100124
=> Tool dependency pkg-config>=0.25: found pkg-config-0.28
=> Build dependency renderproto>=0.9.3nb1: found renderproto-0.11.1
=> Build dependency kbproto>=1.0.2: found kbproto-1.0.6
=> Build dependency xproto>=7.0.13: found xproto-7.0.26
=> Build dependency xcb-proto>=1.4: found xcb-proto-1.11
=> Build dependency xextproto>=7.0.3: found xextproto-7.3.0
=> Build dependency inputproto>=2.3: found inputproto-2.3.1
=> Build dependency fixesproto>=3.0.0: found fixesproto-5.0
=> Build dependency randrproto>=1.4: found randrproto-1.4.0
=> Build dependency xineramaproto>=1.1.1: found xineramaproto-1.2.1
=> Build dependency compositeproto>=0.3.1: found compositeproto-0.4.2
=> Full dependency dbus>=0.91: found dbus-1.8.6
=> Full dependency librsvg>=2.40.1nb1: NOT found
=> Verifying reinstall for ../../graphics/librsvg
=> Bootstrap dependency digest>=20010302: found digest-20121220
===> Installing dependencies for librsvg-2.40.1nb1
=> Tool dependency libtool-base>=2.2.6bnb3: found libtool-base-2.4.2nb7
=> Tool dependency nbpatch-[0-9]*: found nbpatch-20100124
=> Tool dependency pkg-config>=0.25: found pkg-config-0.28
=> Build dependency renderproto>=0.9.3nb1: found renderproto-0.11.1
=> Build dependency kbproto>=1.0.2: found kbproto-1.0.6
=> Build dependency xproto>=7.0.9: found xproto-7.0.26
=> Build dependency xcb-proto>=1.4: found xcb-proto-1.11
=> Build dependency xextproto>=7.0: found xextproto-7.3.0
=> Build dependency inputproto>=1.4: found inputproto-2.3.1
=> Full dependency glib2>=2.34.0: NOT found
=> Verifying reinstall for ../../devel/glib2
=> Bootstrap dependency digest>=20010302: found digest-20121220
===> Building for glib2-2.38.2nb2
/bin/make  all-recursive
make[1]: Entering directory `/boot/home/pkgsrc/pkgsrc/devel/glib2/work/glib-2.38.2'
Making all in .
make[2]: Entering directory `/boot/home/pkgsrc/pkgsrc/devel/glib2/work/glib-2.38.2'
make[2]: Leaving directory `/boot/home/pkgsrc/pkgsrc/devel/glib2/work/glib-2.38.2'
Making all in m4macros
make[2]: Entering directory `/boot/home/pkgsrc/pkgsrc/devel/glib2/work/glib-2.38.2/m4macros'
/bin/make  all-am
make[3]: Entering directory `/boot/home/pkgsrc/pkgsrc/devel/glib2/work/glib-2.38.2/m4macros'
make[3]: Nothing to be done for `all-am'.
make[3]: Leaving directory `/boot/home/pkgsrc/pkgsrc/devel/glib2/work/glib-2.38.2/m4macros'
make[2]: Leaving directory `/boot/home/pkgsrc/pkgsrc/devel/glib2/work/glib-2.38.2/m4macros'
Making all in glib
make[2]: Entering directory `/boot/home/pkgsrc/pkgsrc/devel/glib2/work/glib-2.38.2/glib'
/bin/make  all-recursive
make[3]: Entering directory `/boot/home/pkgsrc/pkgsrc/devel/glib2/work/glib-2.38.2/glib'
Making all in libcharset
make[4]: Entering directory `/boot/home/pkgsrc/pkgsrc/devel/glib2/work/glib-2.38.2/glib/libcharset'
/bin/make  all-am
make[5]: Entering directory `/boot/home/pkgsrc/pkgsrc/devel/glib2/work/glib-2.38.2/glib/libcharset'
make[5]: Nothing to be done for `all-am'.
make[5]: Leaving directory `/boot/home/pkgsrc/pkgsrc/devel/glib2/work/glib-2.38.2/glib/libcharset'
make[4]: Leaving directory `/boot/home/pkgsrc/pkgsrc/devel/glib2/work/glib-2.38.2/glib/libcharset'
Making all in update-pcre
make[4]: Entering directory `/boot/home/pkgsrc/pkgsrc/devel/glib2/work/glib-2.38.2/glib/update-pcre'
/bin/make  all-am
make[5]: Entering directory `/boot/home/pkgsrc/pkgsrc/devel/glib2/work/glib-2.38.2/glib/update-pcre'
make[5]: Nothing to be done for `all-am'.
make[5]: Leaving directory `/boot/home/pkgsrc/pkgsrc/devel/glib2/work/glib-2.38.2/glib/update-pcre'
make[4]: Leaving directory `/boot/home/pkgsrc/pkgsrc/devel/glib2/work/glib-2.38.2/glib/update-pcre'
Making all in .
make[4]: Entering directory `/boot/home/pkgsrc/pkgsrc/devel/glib2/work/glib-2.38.2/glib'
  CC       libglib_2_0_la-gtimer.lo
In file included from /boot/home/pkg/include/sys/select.h:12:0,
                 from /boot/home/pkg/include/sys/time.h:17,
                 from gtimer.c:41:
/boot/home/pkg/include/signal.h:271:1: warning: function declaration isn't a prototype [-Wstrict-prototypes]
 int  __signal_get_sigrtmin();
 ^
/boot/home/pkg/include/signal.h:272:1: warning: function declaration isn't a prototype [-Wstrict-prototypes]
 int  __signal_get_sigrtmax();
 ^
gtimer.c: In function 'mktime_utc':
gtimer.c:330:3: error: implicit declaration of function 'timegm' [-Werror=implicit-function-declaration]
   retval = timegm (tm);
   ^
cc1: some warnings being treated as errors
make[4]: *** [libglib_2_0_la-gtimer.lo] Error 1
make[4]: Leaving directory `/boot/home/pkgsrc/pkgsrc/devel/glib2/work/glib-2.38.2/glib'
make[3]: *** [all-recursive] Error 1
make[3]: Leaving directory `/boot/home/pkgsrc/pkgsrc/devel/glib2/work/glib-2.38.2/glib'
make[2]: *** [all] Error 2
make[2]: Leaving directory `/boot/home/pkgsrc/pkgsrc/devel/glib2/work/glib-2.38.2/glib'
make[1]: *** [all-recursive] Error 1
make[1]: Leaving directory `/boot/home/pkgsrc/pkgsrc/devel/glib2/work/glib-2.38.2'
make: *** [all] Error 2
*** Error code 2

Stop.
bmake: stopped in /boot/home/pkgsrc/pkgsrc/devel/glib2
*** Error code 1

Stop.
bmake: stopped in /boot/home/pkgsrc/pkgsrc/devel/glib2
*** Error code 1

Stop.
bmake: stopped in /boot/home/pkgsrc/pkgsrc/graphics/librsvg
*** Error code 1

Stop.
bmake: stopped in /boot/home/pkgsrc/pkgsrc/editors/emacs24
*** Error code 1

Stop.
bmake: stopped in /boot/home/pkgsrc/pkgsrc/cad/verilog-mode
===> vipec
=> Bootstrap dependency digest>=20010302: found digest-20121220
=> Fetching ViPEC-3.2.0.tar.gz
=> Total size: 191819 bytes
  % Total    % Received % Xferd  Average Speed   Time    Time     Time  Current
                                 Dload  Upload   Total   Spent    Left  Speed
  0     0    0     0    0     0      0      0 --:--:-- --:--:-- --:--:--     0
  0     0    0     0    0     0      0      0 --:--:-- --:--:-- --:--:--     0
100  187k  100  187k    0     0  83214      0  0:00:02  0:00:02 --:--:--  153k
===> Installing dependencies for ViPEC-3.2.0nb15
==========================================================================
The following variables will affect the build process of this package,
ViPEC-3.2.0nb15.  Their current value is shown below:

        * JPEG_DEFAULT = jpeg

Based on these variables, the following variables have been set:

        * JPEGBASE (defined, but empty)
        * JPEG_TYPE = jpeg

You may want to abort the process now with CTRL-C and change their value
before continuing.  Be sure to run `/boot/home/pkg/bin/bmake clean' after
the changes.
==========================================================================
=> Tool dependency nbpatch-[0-9]*: found nbpatch-20100124
=> Build dependency kbproto>=1.0.2: found kbproto-1.0.6
=> Build dependency xproto>=7.0.9: found xproto-7.0.26
=> Build dependency xcb-proto>=1.4: found xcb-proto-1.11
=> Build dependency xextproto>=7.0: found xextproto-7.3.0
=> Build dependency inputproto>=1.4: found inputproto-2.3.1
=> Build dependency fixesproto>=3.0.0: found fixesproto-5.0
=> Build dependency renderproto>=0.9.3nb1: found renderproto-0.11.1
=> Build dependency randrproto>=1.4: found randrproto-1.4.0
=> Build dependency xineramaproto>=1.1.1: found xineramaproto-1.2.1
=> Build dependency qt3-tools>=3.3.8nb15: NOT found
=> Verifying reinstall for ../../x11/qt3-tools
=> Bootstrap dependency digest>=20010302: found digest-20121220
===> Installing dependencies for qt3-tools-3.3.8nb16
==========================================================================
The supported build options for qt3-tools are:

        cups debug inet6

The currently selected options are:

        inet6

You can select which build options to use by setting PKG_DEFAULT_OPTIONS
or the following variable.  Its current value is shown:

        PKG_OPTIONS.qt3 (not defined)

==========================================================================
==========================================================================
The following variables will affect the build process of this package,
qt3-tools-3.3.8nb16.  Their current value is shown below:

        * JPEG_DEFAULT = jpeg

Based on these variables, the following variables have been set:

        * JPEGBASE (defined, but empty)
        * JPEG_TYPE = jpeg

You may want to abort the process now with CTRL-C and change their value
before continuing.  Be sure to run `/boot/home/pkg/bin/bmake clean' after
the changes.
==========================================================================
=> Tool dependency libtool-base>=2.2.6bnb3: found libtool-base-2.4.2nb7
=> Tool dependency nbpatch-[0-9]*: found nbpatch-20100124
=> Tool dependency pax>=20040802: found pax-20080110nb2
=> Build dependency kbproto>=1.0.2: found kbproto-1.0.6
=> Build dependency xproto>=7.0.9: found xproto-7.0.26
=> Build dependency xcb-proto>=1.4: found xcb-proto-1.11
=> Build dependency xextproto>=7.0: found xextproto-7.3.0
=> Build dependency inputproto>=1.4: found inputproto-2.3.1
=> Build dependency xineramaproto>=1.1.1: found xineramaproto-1.2.1
=> Build dependency fixesproto>=3.0.0: found fixesproto-5.0
=> Build dependency renderproto>=0.9.3nb1: found renderproto-0.11.1
=> Build dependency randrproto>=1.4: found randrproto-1.4.0
=> Full dependency libtool-base-[0-9]*: found libtool-base-2.4.2nb7
=> Full dependency libXinerama>=1.0.1: found libXinerama-1.1.3
=> Full dependency qt3-libs>=3.3.8nb26: NOT found
=> Verifying reinstall for ../../x11/qt3-libs
=> Bootstrap dependency digest>=20010302: found digest-20121220
===> Installing dependencies for qt3-libs-3.3.8nb28
==========================================================================
The supported build options for qt3-libs are:

        cups debug inet6

The currently selected options are:

        inet6

You can select which build options to use by setting PKG_DEFAULT_OPTIONS
or the following variable.  Its current value is shown:

        PKG_OPTIONS.qt3 (not defined)

==========================================================================
==========================================================================
The following variables will affect the build process of this package,
qt3-libs-3.3.8nb28.  Their current value is shown below:

        * JPEG_DEFAULT = jpeg

Based on these variables, the following variables have been set:

        * JPEGBASE (defined, but empty)
        * JPEG_TYPE = jpeg

You may want to abort the process now with CTRL-C and change their value
before continuing.  Be sure to run `/boot/home/pkg/bin/bmake clean' after
the changes.
==========================================================================
=> Tool dependency libtool-base>=2.2.6bnb3: found libtool-base-2.4.2nb7
=> Tool dependency nbpatch-[0-9]*: found nbpatch-20100124
=> Build dependency kbproto>=1.0.2: found kbproto-1.0.6
=> Build dependency xproto>=7.0.9: found xproto-7.0.26
=> Build dependency xcb-proto>=1.4: found xcb-proto-1.11
=> Build dependency xextproto>=7.0: found xextproto-7.3.0
=> Build dependency inputproto>=1.4: found inputproto-2.3.1
=> Build dependency xineramaproto>=1.1.1: found xineramaproto-1.2.1
=> Build dependency fixesproto>=3.0.0: found fixesproto-5.0
=> Build dependency renderproto>=0.9.3nb1: found renderproto-0.11.1
=> Build dependency randrproto>=1.4: found randrproto-1.4.0
=> Full dependency libXinerama>=1.0.1: found libXinerama-1.1.3
=> Full dependency jpeg>=9: found jpeg-9anb1
=> Full dependency MesaLib>=7.11.2: NOT found
=> Verifying reinstall for ../../graphics/MesaLib
=> Bootstrap dependency digest>=20010302: found digest-20121220
===> Extracting for MesaLib-7.11.2nb4
/bin/tar: Mesa-7.11.2/bin/minstall: Cannot hard link to `Mesa-7.11.2/bin/install-sh': Operation not supported
/bin/tar: Mesa-7.11.2/src/mesa/drivers/dri/radeon/server/radeon_reg.h: Cannot hard link to `Mesa-7.11.2/src/mesa/drivers/dri/r200/server/radeon_reg.h': Operation not supported
/bin/tar: Exiting with failure status due to previous errors
*** Error code 2

Stop.
bmake: stopped in /boot/home/pkgsrc/pkgsrc/graphics/MesaLib
*** Error code 1

Stop.
bmake: stopped in /boot/home/pkgsrc/pkgsrc/graphics/MesaLib
*** Error code 1

Stop.
bmake: stopped in /boot/home/pkgsrc/pkgsrc/x11/qt3-libs
*** Error code 1

Stop.
bmake: stopped in /boot/home/pkgsrc/pkgsrc/x11/qt3-tools
*** Error code 1

Stop.
bmake: stopped in /boot/home/pkgsrc/pkgsrc/cad/vipec
===> wcalc
=> Bootstrap dependency digest>=20010302: found digest-20121220
===> Installing dependencies for wcalc-1.0nb3
==========================================================================
The supported build options for wcalc are:

        mex wcalc-gtk1

You can select which build options to use by setting PKG_DEFAULT_OPTIONS
or the following variable.  Its current value is shown:

        PKG_OPTIONS.wcalc (not defined)

==========================================================================
=> Tool dependency libtool-base>=2.2.6bnb3: found libtool-base-2.4.2nb7
=> Tool dependency nbpatch-[0-9]*: found nbpatch-20100124
=> Tool dependency pkg-config>=0.25: found pkg-config-0.28
=> Full dependency libwcalc-1.0{,nb*}: found libwcalc-1.0nb2
=> Full dependency cgi-wcalc-1.0{,nb*}: found cgi-wcalc-1.0nb2
=> Full dependency sci-wcalc-1.0{,nb*}: NOT found
=> Verifying reinstall for ../../cad/sci-wcalc
=> Bootstrap dependency digest>=20010302: found digest-20121220
===> Installing dependencies for sci-wcalc-1.0nb3
=> Tool dependency libtool-base>=2.2.6bnb3: found libtool-base-2.4.2nb7
=> Tool dependency nbpatch-[0-9]*: found nbpatch-20100124
=> Tool dependency pkg-config>=0.25: found pkg-config-0.28
=> Full dependency libwcalc-1.0*: found libwcalc-1.0nb2
=> Full dependency libwcalc>=1.0nb2: found libwcalc-1.0nb2
=> Full dependency scilab>=4.1: NOT found
=> Verifying reinstall for ../../math/scilab
=> Bootstrap dependency digest>=20010302: found digest-20121220
===> Installing dependencies for scilab-4.1nb12
=> Tool dependency libtool-base>=2.2.6bnb3: found libtool-base-2.4.2nb7
=> Tool dependency nbpatch-[0-9]*: found nbpatch-20100124
=> Build dependency libtool-fortran>=2.2.6bnb3: NOT found
=> Verifying reinstall for ../../devel/libtool-fortran
=> Bootstrap dependency digest>=20010302: found digest-20121220
===> Installing dependencies for libtool-fortran-2.4.2nb4
=> Tool dependency nbpatch-[0-9]*: found nbpatch-20100124
=> Full dependency g95>=0.91: NOT found
=> Verifying reinstall for ../../lang/g95
=> Bootstrap dependency digest>=20010302: found digest-20121220
===> Configuring for g95-0.93nb6
cd /boot/home/pkgsrc/pkgsrc/lang/g95/work/g95-0.93/libf95.a-0.93 && autoreconf -i
aclocal: warning: autoconf input should be named 'configure.ac', not 'configure.in'
/boot/home/pkg/share/aclocal/xpk.m4:12: warning: underquoted definition of AM_PATH_XPK
/boot/home/pkg/share/aclocal/xpk.m4:12:   run info Automake 'Extending aclocal'
/boot/home/pkg/share/aclocal/xpk.m4:12:   or see http://www.gnu.org/software/automake/manual/automake.html#Extending-aclocal
configure.in:5: warning: AC_ARG_PROGRAM was called before AC_CANONICAL_TARGET
../../lib/autoconf/general.m4:1857: AC_CANONICAL_SYSTEM is expanded from...
configure.in:5: the top level
configure.in:5: warning: AC_ARG_PROGRAM was called before AC_CANONICAL_TARGET
../../lib/autoconf/general.m4:1857: AC_CANONICAL_SYSTEM is expanded from...
configure.in:5: the top level
configure.in:5: warning: AC_ARG_PROGRAM was called before AC_CANONICAL_TARGET
../../lib/autoconf/general.m4:1857: AC_CANONICAL_SYSTEM is expanded from...
configure.in:5: the top level
configure.in:5: warning: AC_ARG_PROGRAM was called before AC_CANONICAL_TARGET
../../lib/autoconf/general.m4:1857: AC_CANONICAL_SYSTEM is expanded from...
configure.in:5: the top level
automake: warning: autoconf input should be named 'configure.ac', not 'configure.in'
configure.in:5: warning: AC_ARG_PROGRAM was called before AC_CANONICAL_TARGET
../../lib/autoconf/general.m4:1857: AC_CANONICAL_SYSTEM is expanded from...
configure.in:5: the top level
configure.in:3: warning: AM_INIT_AUTOMAKE: two- and three-arguments forms are deprecated.  For more info, see:
configure.in:3: http://www.gnu.org/software/automake/manual/automake.html#Modernize-AM_005fINIT_005fAUTOMAKE-invocation
automake: warning: autoconf input should be named 'configure.ac', not 'configure.in'
Makefile.am:10: warning: source file 'intrinsics/adjust.c' is in a subdirectory,
Makefile.am:10: but option 'subdir-objects' is disabled
automake: warning: possible forward-incompatibility.
automake: At least a source file is in a subdirectory, but the 'subdir-objects'
automake: automake option hasn't been enabled.  For now, the corresponding output
automake: object file(s) will be placed in the top-level directory.  However,
automake: this behaviour will change in future Automake versions: they will
automake: unconditionally cause object files to be placed in the same subdirectory
automake: of the corresponding sources.
automake: You are advised to start using 'subdir-objects' option throughout your
automake: project, to avoid future incompatibilities.
Makefile.am:10: warning: source file 'intrinsics/all.c' is in a subdirectory,
Makefile.am:56: warning: source file 'windows/idate_win.c' is in a subdirectory,
Makefile.am:56: but option 'subdir-objects' is disabled
rm -f /boot/home/pkgsrc/pkgsrc/lang/g95/work/gcc-4.1.2/config.sub /boot/home/pkgsrc/pkgsrc/lang/g95/work/gcc-4.1.2/config.guess
ln -fs /boot/home/pkgsrc/pkgsrc/mk/gnu-config/config.sub /boot/home/pkgsrc/pkgsrc/lang/g95/work/gcc-4.1.2/config.sub
ln -fs /boot/home/pkgsrc/pkgsrc/mk/gnu-config/config.guess /boot/home/pkgsrc/pkgsrc/lang/g95/work/gcc-4.1.2/config.guess
cd /boot/home/pkgsrc/pkgsrc/lang/g95/work/gcc-4.1.2/g95 && /bin/env LIBTOOL="libtool " INSTALL_INFO= MAKEINFO=/boot/home/pkgsrc/pkgsrc/lang/g95/work/.tools/bin/makeinfo FLEX= BISON= AWK=/bin/awk CAT=/bin/cat ac_cv_path_CAT=/bin/cat CHMOD=/bin/chmod CMP=/bin/cmp CP=/bin/cp DIFF=/bin/diff ECHO=echo ac_cv_path_ECHO=echo EGREP=/bin/egrep ac_cv_path_EGREP=/bin/egrep SETENV=/bin/env ENV_PROG=/bin/env ac_cv_path_ENV=/bin/env FALSE=false ac_cv_path_FALSE=false FIND=/bin/find GREP=/bin/grep ac_cv_path_GREP=/bin/grep TAR=/bin/tar HOSTNAME=/bin/hostname LN=/bin/ln\ -s LS=/bin/ls MKDIR=/bin/mkdir\ -p MV=/bin/mv RM=/bin/rm RMDIR=/bin/rmdir SED=/bin/sed SORT=/bin/sort TAR=/bin/tar TEST=test ac_cv_path_TEST=test TOUCH=/bin/touch TR=/bin/tr TRUE=true ac_cv_path_TRUE=true PKG_CONFIG= PKG_CONFIG_LIBDIR=/boot/home/pkgsrc/pkgsrc/lang/g95/work/.buildlink/lib/pkgconfig:/boot/home/pkgsrc/pkgsrc/lang/g95/work/.buildlink/share/pkgconfig PKG_CONFIG_LOG=/boot/home/pkgsrc/pkgsrc/lang/g95/work/.pkg-config.log PKG_CONFIG_PATH= MAKE=make WRAPPER_DEBUG=no WRAPPER_UPDATE_CACHE=yes CC=gcc CFLAGS=-Wno-error\ -specs=/boot/home/pkg/etc/specs CPPFLAGS= CXX=g++ CXXFLAGS=-Wno-error\ -specs=/boot/home/pkg/etc/specs COMPILER_RPATH_FLAG=-Wl,-R F77=f77 FC=f77 FFLAGS=-O LANG=C LC_ALL=C LC_COLLATE=C LC_CTYPE=C LC_MESSAGES=C LC_MONETARY=C LC_NUMERIC=C LC_TIME=C LDFLAGS=-L/boot/system/develop/lib\ -lnetwork\ -Wl,-R/boot/system/develop/lib\ -Wl,-R/boot/home/pkg/lib LINKER_RPATH_FLAG=-R PATH=/boot/home/pkgsrc/pkgsrc/lang/g95/work/.wrapper/bin:/boot/home/pkgsrc/pkgsrc/lang/g95/work/.buildlink/bin:/boot/home/pkgsrc/pkgsrc/lang/g95/work/.gcc/bin:/boot/home/pkgsrc/pkgsrc/lang/g95/work/.tools/bin:/boot/home/pkg/bin:.:/boot/home/config/non-packaged/bin:/boot/home/config/bin:/boot/system/non-packaged/bin:/bin:/boot/system/apps:/boot/system/preferences:/boot/home/pkg/bin:/boot/home/pkg/bin PREFIX=/boot/home/pkg MAKELEVEL=0 PKG_SYSCONFDIR=/boot/home/pkg/etc CXXCPP=cpp HOME=/boot/home/pkgsrc/pkgsrc/lang/g95/work/.home CONFIG_SHELL=/bin/sh LIBS= ac_given_INSTALL=/bin/install\ -c\ -o\ user\ -g\ root ../configure --with-gcc-dir=/boot/home/pkgsrc/pkgsrc/lang/g95/work/gcc-4.1.2 PKG_CONFIG_PATH=/boot/home/pkg/lib/pkgconfig --enable-shared --prefix=/boot/home/pkg --prefix=/boot/home/pkg --build=i386-pc-haiku --host=i386-pc-haiku --mandir=/boot/home/pkg/man --enable-languages=c --disable-multilib --disable-libssp
configure: warning: PKG_CONFIG_PATH=/boot/home/pkg/lib/pkgconfig: invalid host type
loading cache ./config.cache
checking host system type... i386-pc-haiku
checking target system type... Invalid configuration `PKG_CONFIG_PATH=/boot/home/pkg/lib/pkgconfig': machine `PKG_CONFIG_PATH=/boot/home/pkg/lib/pkgconfig' not recognized

checking for i386-pc-haiku-objcopy... (cached) objcopy
checking for i386-pc-haiku-objdump... (cached) objdump
checking for PKG_CONFIG_PATH=/boot/home/pkg/lib/pkgconfig-ar... no
../configure: line 5362: test: i386-pc-haiku: unary operator expected
checking for PKG_CONFIG_PATH=/boot/home/pkg/lib/pkgconfig-ranlib... no
../configure: line 5401: test: i386-pc-haiku: unary operator expected
checking for PKG_CONFIG_PATH=/boot/home/pkg/lib/pkgconfig-strip... no
../configure: line 5471: test: i386-pc-haiku: unary operator expected
../configure: line 5507: test: i386-pc-haiku: unary operator expected
checking for PKG_CONFIG_PATH=/boot/home/pkg/lib/pkgconfig-windres... no
../configure: line 5546: test: i386-pc-haiku: unary operator expected
../configure: line 5582: test: i386-pc-haiku: unary operator expected
checking whether to enable maintainer-specific portions of Makefiles... no
checking if symbolic links between directories work... (cached) yes
creating ./config.status
creating Makefile
cd /boot/home/pkgsrc/pkgsrc/lang/g95/work/gcc-4.1.2/g95 && /bin/env USETOOLS=no CC=gcc CFLAGS=-Wno-error\ -specs=/boot/home/pkg/etc/specs CPPFLAGS= CXX=g++ CXXFLAGS=-Wno-error\ -specs=/boot/home/pkg/etc/specs COMPILER_RPATH_FLAG=-Wl,-R F77=f77 FC=f77 FFLAGS=-O LANG=C LC_ALL=C LC_COLLATE=C LC_CTYPE=C LC_MESSAGES=C LC_MONETARY=C LC_NUMERIC=C LC_TIME=C LDFLAGS=-L/boot/system/develop/lib\ -lnetwork\ -Wl,-R/boot/system/develop/lib\ -Wl,-R/boot/home/pkg/lib LINKER_RPATH_FLAG=-R PATH=/boot/home/pkgsrc/pkgsrc/lang/g95/work/.wrapper/bin:/boot/home/pkgsrc/pkgsrc/lang/g95/work/.buildlink/bin:/boot/home/pkgsrc/pkgsrc/lang/g95/work/.gcc/bin:/boot/home/pkgsrc/pkgsrc/lang/g95/work/.tools/bin:/boot/home/pkg/bin:.:/boot/home/config/non-packaged/bin:/boot/home/config/bin:/boot/system/non-packaged/bin:/bin:/boot/system/apps:/boot/system/preferences:/boot/home/pkg/bin:/boot/home/pkg/bin PREFIX=/boot/home/pkg MAKELEVEL=0 PKG_SYSCONFDIR=/boot/home/pkg/etc CXXCPP=cpp HOME=/boot/home/pkgsrc/pkgsrc/lang/g95/work/.home CPP=cpp LINK_ALL_LIBGCC_HACK= LOCALBASE=/boot/home/pkg NO_WHOLE_ARCHIVE_FLAG=-Wl,--no-whole-archive WHOLE_ARCHIVE_FLAG=-Wl,--whole-archive X11BASE=/boot/home/pkg X11PREFIX=/boot/home/pkg PKGMANDIR=man PKGINFODIR=info PKGGNUDIR=gnu/ MAKECONF=/dev/null OBJECT_FMT=ELF USETOOLS=no LIBTOOL="libtool " BSD_INSTALL_PROGRAM=/bin/install\ -c\ -s\ -o\ user\ -g\ root\ -m\ 755 BSD_INSTALL_SCRIPT=/bin/install\ -c\ -o\ user\ -g\ root\ -m\ 755 BSD_INSTALL_LIB=/bin/install\ -c\ -o\ user\ -g\ root\ -m\ 755 BSD_INSTALL_DATA=/bin/install\ -c\ -o\ user\ -g\ root\ -m\ 644 BSD_INSTALL_MAN=/bin/install\ -c\ -o\ user\ -g\ root\ -m\ 644 BSD_INSTALL=/bin/install BSD_INSTALL_PROGRAM_DIR=/bin/install\ -d\ -o\ user\ -g\ root\ -m\ 755 BSD_INSTALL_SCRIPT_DIR=/bin/install\ -d\ -o\ user\ -g\ root\ -m\ 755 BSD_INSTALL_LIB_DIR=/bin/install\ -d\ -o\ user\ -g\ root\ -m\ 755 BSD_INSTALL_DATA_DIR=/bin/install\ -d\ -o\ user\ -g\ root\ -m\ 755 BSD_INSTALL_MAN_DIR=/bin/install\ -d\ -o\ user\ -g\ root\ -m\ 755 BSD_INSTALL_GAME=/bin/install\ -c\ -s\ -o\ user\ -g\ root\ -m\ 0755 BSD_INSTALL_GAME_DATA=/bin/install\ -c\ -o\ user\ -g\ root\ -m\ 0644 BSD_INSTALL_GAME_DIR=/bin/install\ -d\ -o\ user\ -g\ root\ -m\ 0755 INSTALL_INFO= MAKEINFO=/boot/home/pkgsrc/pkgsrc/lang/g95/work/.tools/bin/makeinfo FLEX= BISON= PKG_CONFIG= PKG_CONFIG_LIBDIR=/boot/home/pkgsrc/pkgsrc/lang/g95/work/.buildlink/lib/pkgconfig:/boot/home/pkgsrc/pkgsrc/lang/g95/work/.buildlink/share/pkgconfig PKG_CONFIG_LOG=/boot/home/pkgsrc/pkgsrc/lang/g95/work/.pkg-config.log PKG_CONFIG_PATH= WRAPPER_DEBUG=no WRAPPER_UPDATE_CACHE=yes VIEWBASE=/boot/home/pkg /bin/make -j1
make[1]: Entering directory `/boot/home/pkgsrc/pkgsrc/lang/g95/work/gcc-4.1.2/g95'
Configuring in ./fixincludes
configure: loading cache ./config.cache
checking build system type... i386-pc-haiku
checking host system type... i386-pc-haiku
checking target system type... Invalid configuration `PKG_CONFIG_PATH=/boot/home/pkg/lib/pkgconfig': machine `PKG_CONFIG_PATH=/boot/home/pkg/lib/pkgconfig' not recognized
configure: error: /bin/sh ../../fixincludes/../config.sub PKG_CONFIG_PATH=/boot/home/pkg/lib/pkgconfig failed
make[1]: *** [configure-fixincludes] Error 1
make[1]: Leaving directory `/boot/home/pkgsrc/pkgsrc/lang/g95/work/gcc-4.1.2/g95'
make: *** [all] Error 2
*** Error code 2

Stop.
bmake: stopped in /boot/home/pkgsrc/pkgsrc/lang/g95
*** Error code 1

Stop.
bmake: stopped in /boot/home/pkgsrc/pkgsrc/lang/g95
*** Error code 1

Stop.
bmake: stopped in /boot/home/pkgsrc/pkgsrc/devel/libtool-fortran
*** Error code 1

Stop.
bmake: stopped in /boot/home/pkgsrc/pkgsrc/math/scilab
*** Error code 1

Stop.
bmake: stopped in /boot/home/pkgsrc/pkgsrc/cad/sci-wcalc
*** Error code 1

Stop.
bmake: stopped in /boot/home/pkgsrc/pkgsrc/cad/wcalc
===> xchiplogo
=> Bootstrap dependency digest>=20010302: found digest-20121220
=> Fetching xchiplogo.tar.gz
=> Total size: 46652 bytes
  % Total    % Received % Xferd  Average Speed   Time    Time     Time  Current
                                 Dload  Upload   Total   Spent    Left  Speed
  0     0    0     0    0     0      0      0 --:--:--  0:00:01 --:--:--     0
curl: (22) The requested URL returned error: 404 Not Found
fetch: Unable to fetch expected file xchiplogo.tar.gz
  % Total    % Received % Xferd  Average Speed   Time    Time     Time  Current
                                 Dload  Upload   Total   Spent    Left  Speed
100 46652  100 46652    0     0  12219      0  0:00:03  0:00:03 --:--:-- 12480
===> Installing dependencies for xchiplogo-19991222nb9
==========================================================================
The following variables will affect the build process of this package,
xchiplogo-19991222nb9.  Their current value is shown below:

        * JPEG_DEFAULT = jpeg

Based on these variables, the following variables have been set:

        * JPEGBASE (defined, but empty)
        * JPEG_TYPE = jpeg

You may want to abort the process now with CTRL-C and change their value
before continuing.  Be sure to run `/boot/home/pkg/bin/bmake clean' after
the changes.
==========================================================================
=> Tool dependency nbpatch-[0-9]*: found nbpatch-20100124
=> Build dependency kbproto>=1.0.2: found kbproto-1.0.6
=> Build dependency xproto>=7.0.9: found xproto-7.0.26
=> Build dependency xcb-proto>=1.4: found xcb-proto-1.11
=> Full dependency jpeg>=9: found jpeg-9anb1
=> Full dependency libXpm>=3.5.4.2: found libXpm-3.5.11
=> Full dependency xforms>=1.0nb9: NOT found
=> Verifying reinstall for ../../x11/xforms
=> Bootstrap dependency digest>=20010302: found digest-20121220
===> Configuring for xforms-1.0nb9
mv -f Makefile Makefile.bak
imake -DUseInstalled -I/boot/home/pkg/lib/X11/config
make Makefiles
making Makefiles in lib/include...
        mv -f Makefile Makefile.bak
making Makefiles in lib...
        mv -f Makefile Makefile.bak
bmake: "/boot/home/pkgsrc/pkgsrc/x11/xforms/work/xforms-1.0/lib/Makefile" line 797: Missing dependency operator
bmake: "/boot/home/pkgsrc/pkgsrc/x11/xforms/work/xforms-1.0/lib/Makefile" line 798: Missing dependency operator
bmake: Fatal errors encountered -- cannot continue
bmake: stopped in /boot/home/pkgsrc/pkgsrc/x11/xforms/work/xforms-1.0/lib
making Makefiles in image...
        mv -f Makefile Makefile.bak
bmake: "/boot/home/pkgsrc/pkgsrc/x11/xforms/work/xforms-1.0/image/Makefile" line 796: Missing dependency operator
bmake: "/boot/home/pkgsrc/pkgsrc/x11/xforms/work/xforms-1.0/image/Makefile" line 797: Missing dependency operator
bmake: Fatal errors encountered -- cannot continue
bmake: stopped in /boot/home/pkgsrc/pkgsrc/x11/xforms/work/xforms-1.0/image
making Makefiles in fdesign...
        mv -f Makefile Makefile.bak
making Makefiles in fd2ps...
        mv -f Makefile Makefile.bak
make includes
including in ./lib/include...
including in ./lib...
bmake: "/boot/home/pkgsrc/pkgsrc/x11/xforms/work/xforms-1.0/lib/Makefile" line 797: Missing dependency operator
bmake: "/boot/home/pkgsrc/pkgsrc/x11/xforms/work/xforms-1.0/lib/Makefile" line 798: Missing dependency operator
bmake: Fatal errors encountered -- cannot continue
bmake: stopped in /boot/home/pkgsrc/pkgsrc/x11/xforms/work/xforms-1.0/lib
*** Error code 1

Stop.
make: stopped in /boot/home/pkgsrc/pkgsrc/x11/xforms/work/xforms-1.0
*** Error code 1

Stop.
bmake: stopped in /boot/home/pkgsrc/pkgsrc/x11/xforms
*** Error code 1

Stop.
bmake: stopped in /boot/home/pkgsrc/pkgsrc/x11/xforms
*** Error code 1

Stop.
bmake: stopped in /boot/home/pkgsrc/pkgsrc/cad/xchiplogo
===> xcircuit
=> Bootstrap dependency digest>=20010302: found digest-20121220
=> Fetching xcircuit-3.7.50.tgz
=> Total size: 1649046 bytes
  % Total    % Received % Xferd  Average Speed   Time    Time     Time  Current
                                 Dload  Upload   Total   Spent    Left  Speed
100 1610k  100 1610k    0     0   383k      0  0:00:04  0:00:04 --:--:--  403k
===> Installing dependencies for xcircuit-3.7.50nb1
=> Tool dependency nbpatch-[0-9]*: found nbpatch-20100124
=> Build dependency kbproto>=1.0.2: found kbproto-1.0.6
=> Build dependency xproto>=7.0.9: found xproto-7.0.26
=> Build dependency xcb-proto>=1.4: found xcb-proto-1.11
=> Build dependency renderproto>=0.9.3nb1: found renderproto-0.11.1
=> Full dependency ghostscript>=6.01: found ghostscript-9.05nb7
=> Full dependency tcl>=8.6.1nb1: found tcl-8.6.1nb3
=> Full dependency libXpm>=3.5.4.2: found libXpm-3.5.11
=> Full dependency libXt>=1.0.0: found libXt-1.1.4
=> Full dependency tk>=8.6.1: found tk-8.6.1nb2
===> Overriding tools for xcircuit-3.7.50nb1
===> Extracting for xcircuit-3.7.50nb1
/bin/mv -f /boot/home/pkgsrc/pkgsrc/cad/xcircuit/work/xcircuit-3.7.50/examples/.xcircuitrc /boot/home/pkgsrc/pkgsrc/cad/xcircuit/work/xcircuit-3.7.50/examples/xcircuitrc
/bin/touch /boot/home/pkgsrc/pkgsrc/cad/xcircuit/work/xcircuit-3.7.50/menudep.h
===> Patching for xcircuit-3.7.50nb1
=> Applying pkgsrc patches for xcircuit-3.7.50nb1
===> Creating toolchain wrappers for xcircuit-3.7.50nb1
===> Configuring for xcircuit-3.7.50nb1
=> Modifying GNU configure scripts to avoid --recheck
=> Replacing config-guess with pkgsrc versions
=> Replacing config-sub with pkgsrc versions
=> Replacing install-sh with pkgsrc version
configure: WARNING: unrecognized options: --enable-shared
checking build system type... i386-pc-haiku
checking host system type... i386-pc-haiku
checking target system type... i386-pc-haiku
checking for a BSD-compatible install... /bin/install -c -o user -g root
checking whether build environment is sane... yes
checking for a thread-safe mkdir -p... /boot/home/pkgsrc/pkgsrc/cad/xcircuit/work/.tools/bin/mkdir -p
checking for gawk... /bin/awk
checking whether make sets $(MAKE)... yes
checking whether make sets $(MAKE)... (cached) yes
checking for i386-pc-haiku-gcc... gcc
checking whether the C compiler works... yes
checking for C compiler default output file name... a.out
checking for suffix of executables... 
checking whether we are cross compiling... configure: error: in `/boot/home/pkgsrc/pkgsrc/cad/xcircuit/work/xcircuit-3.7.50':
configure: error: cannot run C compiled programs.
If you meant to cross compile, use `--host'.
See `config.log' for more details
*** Error code 1

Stop.
bmake: stopped in /boot/home/pkgsrc/pkgsrc/cad/xcircuit
*** Error code 1

Stop.
bmake: stopped in /boot/home/pkgsrc/pkgsrc/cad/xcircuit
~/pkgsrc/pkgsrc/cad> 